[1.260s] DEBUG:colcon:Command line arguments: ['/usr/bin/colcon', 'build', '--symlink-install']
[1.261s] DEBUG:colcon:Parsed command line arguments: Namespace(log_base=None, log_level=None, verb_name='build', build_base='build', install_base='install', merge_install=False, symlink_install=True, test_result_base=None, continue_on_error=False, executor='parallel', parallel_workers=2, event_handlers=None, ignore_user_meta=False, metas=['./colcon.meta'], base_paths=['.'], packages_ignore=None, packages_ignore_regex=None, paths=None, packages_up_to=None, packages_up_to_regex=None, packages_above=None, packages_above_and_dependencies=None, packages_above_depth=None, packages_select_by_dep=None, packages_skip_by_dep=None, packages_skip_up_to=None, packages_select_build_failed=False, packages_skip_build_finished=False, packages_select_test_failures=False, packages_skip_test_passed=False, packages_select=None, packages_skip=None, packages_select_regex=None, packages_skip_regex=None, packages_start=None, packages_end=None, allow_overriding=[], cmake_args=None, cmake_target=None, cmake_target_skip_unavailable=False, cmake_clean_cache=False, cmake_clean_first=False, cmake_force_configure=False, ament_cmake_args=None, catkin_cmake_args=None, catkin_skip_building_tests=False, verb_parser=<colcon_defaults.argument_parser.defaults.DefaultArgumentsDecorator object at 0x75a327294be0>, verb_extension=<colcon_core.verb.build.BuildVerb object at 0x75a327296470>, main=<bound method BuildVerb.main of <colcon_core.verb.build.BuildVerb object at 0x75a327296470>>)
[1.318s] Level 1:colcon.colcon_core.package_discovery:discover_packages(colcon_meta) check parameters
[1.318s] Level 1:colcon.colcon_core.package_discovery:discover_packages(recursive) check parameters
[1.318s] Level 1:colcon.colcon_core.package_discovery:discover_packages(ignore) check parameters
[1.318s] Level 1:colcon.colcon_core.package_discovery:discover_packages(path) check parameters
[1.318s] Level 1:colcon.colcon_core.package_discovery:discover_packages(colcon_meta) discover
[1.318s] Level 1:colcon.colcon_core.package_discovery:discover_packages(recursive) discover
[1.318s] INFO:colcon.colcon_core.package_discovery:Crawling recursively for packages in '/home/dex/workspace/ROS_Project1'
[1.319s] Level 1:colcon.colcon_core.package_identification:_identify(.) by extensions ['ignore', 'ignore_ament_install']
[1.319s] Level 1:colcon.colcon_core.package_identification:_identify(.) by extension 'ignore'
[1.319s] Level 1:colcon.colcon_core.package_identification:_identify(.) by extension 'ignore_ament_install'
[1.319s] Level 1:colcon.colcon_core.package_identification:_identify(.) by extensions ['colcon_pkg']
[1.319s] Level 1:colcon.colcon_core.package_identification:_identify(.) by extension 'colcon_pkg'
[1.319s] Level 1:colcon.colcon_core.package_identification:_identify(.) by extensions ['colcon_meta']
[1.319s] Level 1:colcon.colcon_core.package_identification:_identify(.) by extension 'colcon_meta'
[1.320s] Level 1:colcon.colcon_core.package_identification:_identify(.) by extensions ['ros']
[1.320s] Level 1:colcon.colcon_core.package_identification:_identify(.) by extension 'ros'
[1.334s] Level 1:colcon.colcon_core.package_identification:_identify(.) by extensions ['cmake', 'python']
[1.334s] Level 1:colcon.colcon_core.package_identification:_identify(.) by extension 'cmake'
[1.334s] Level 1:colcon.colcon_core.package_identification:_identify(.) by extension 'python'
[1.334s] Level 1:colcon.colcon_core.package_identification:_identify(.) by extensions ['python_setup_py']
[1.334s] Level 1:colcon.colcon_core.package_identification:_identify(.) by extension 'python_setup_py'
[1.334s] Level 1:colcon.colcon_core.package_identification:_identify(build) by extensions ['ignore', 'ignore_ament_install']
[1.335s] Level 1:colcon.colcon_core.package_identification:_identify(build) by extension 'ignore'
[1.335s] Level 1:colcon.colcon_core.package_identification:_identify(build) ignored
[1.335s] Level 1:colcon.colcon_core.package_identification:_identify(install) by extensions ['ignore', 'ignore_ament_install']
[1.335s] Level 1:colcon.colcon_core.package_identification:_identify(install) by extension 'ignore'
[1.335s] Level 1:colcon.colcon_core.package_identification:_identify(install) ignored
[1.336s] Level 1:colcon.colcon_core.package_identification:_identify(log) by extensions ['ignore', 'ignore_ament_install']
[1.336s] Level 1:colcon.colcon_core.package_identification:_identify(log) by extension 'ignore'
[1.336s] Level 1:colcon.colcon_core.package_identification:_identify(log) ignored
[1.336s] Level 1:colcon.colcon_core.package_identification:_identify(src) by extensions ['ignore', 'ignore_ament_install']
[1.336s] Level 1:colcon.colcon_core.package_identification:_identify(src) by extension 'ignore'
[1.336s] Level 1:colcon.colcon_core.package_identification:_identify(src) by extension 'ignore_ament_install'
[1.337s] Level 1:colcon.colcon_core.package_identification:_identify(src) by extensions ['colcon_pkg']
[1.337s] Level 1:colcon.colcon_core.package_identification:_identify(src) by extension 'colcon_pkg'
[1.337s] Level 1:colcon.colcon_core.package_identification:_identify(src) by extensions ['colcon_meta']
[1.337s] Level 1:colcon.colcon_core.package_identification:_identify(src) by extension 'colcon_meta'
[1.337s] Level 1:colcon.colcon_core.package_identification:_identify(src) by extensions ['ros']
[1.337s] Level 1:colcon.colcon_core.package_identification:_identify(src) by extension 'ros'
[1.338s] Level 1:colcon.colcon_core.package_identification:_identify(src) by extensions ['cmake', 'python']
[1.338s] Level 1:colcon.colcon_core.package_identification:_identify(src) by extension 'cmake'
[1.338s] Level 1:colcon.colcon_core.package_identification:_identify(src) by extension 'python'
[1.349s] Level 1:colcon.colcon_core.package_identification:_identify(src) by extensions ['python_setup_py']
[1.349s] Level 1:colcon.colcon_core.package_identification:_identify(src) by extension 'python_setup_py'
[1.349s] Level 1:colcon.colcon_core.package_identification:_identify(src/ros2_pkg) by extensions ['ignore', 'ignore_ament_install']
[1.349s] Level 1:colcon.colcon_core.package_identification:_identify(src/ros2_pkg) by extension 'ignore'
[1.349s] Level 1:colcon.colcon_core.package_identification:_identify(src/ros2_pkg) by extension 'ignore_ament_install'
[1.349s] Level 1:colcon.colcon_core.package_identification:_identify(src/ros2_pkg) by extensions ['colcon_pkg']
[1.349s] Level 1:colcon.colcon_core.package_identification:_identify(src/ros2_pkg) by extension 'colcon_pkg'
[1.349s] Level 1:colcon.colcon_core.package_identification:_identify(src/ros2_pkg) by extensions ['colcon_meta']
[1.349s] Level 1:colcon.colcon_core.package_identification:_identify(src/ros2_pkg) by extension 'colcon_meta'
[1.349s] Level 1:colcon.colcon_core.package_identification:_identify(src/ros2_pkg) by extensions ['ros']
[1.350s] Level 1:colcon.colcon_core.package_identification:_identify(src/ros2_pkg) by extension 'ros'
[1.352s] DEBUG:colcon.colcon_core.package_identification:Package 'src/ros2_pkg' with type 'ros.ament_cmake' and name 'ros2_pkg'
[1.352s] Level 1:colcon.colcon_core.package_discovery:discover_packages(recursive) using defaults
[1.352s] Level 1:colcon.colcon_core.package_discovery:discover_packages(ignore) discover
[1.352s] Level 1:colcon.colcon_core.package_discovery:discover_packages(ignore) using defaults
[1.352s] Level 1:colcon.colcon_core.package_discovery:discover_packages(path) discover
[1.352s] Level 1:colcon.colcon_core.package_discovery:discover_packages(path) using defaults
[1.452s] Level 1:colcon.colcon_core.package_discovery:discover_packages(prefix_path) check parameters
[1.452s] Level 1:colcon.colcon_core.package_discovery:discover_packages(prefix_path) discover
[1.487s] DEBUG:colcon.colcon_installed_package_information.package_discovery:Found 270 installed packages in /opt/ros/humble
[1.488s] Level 1:colcon.colcon_core.package_discovery:discover_packages(prefix_path) using defaults
[1.592s] Level 5:colcon.colcon_core.verb:set package 'ros2_pkg' build argument 'cmake_args' from command line to 'None'
[1.592s] Level 5:colcon.colcon_core.verb:set package 'ros2_pkg' build argument 'cmake_target' from command line to 'None'
[1.592s] Level 5:colcon.colcon_core.verb:set package 'ros2_pkg' build argument 'cmake_target_skip_unavailable' from command line to 'False'
[1.592s] Level 5:colcon.colcon_core.verb:set package 'ros2_pkg' build argument 'cmake_clean_cache' from command line to 'False'
[1.592s] Level 5:colcon.colcon_core.verb:set package 'ros2_pkg' build argument 'cmake_clean_first' from command line to 'False'
[1.592s] Level 5:colcon.colcon_core.verb:set package 'ros2_pkg' build argument 'cmake_force_configure' from command line to 'False'
[1.592s] Level 5:colcon.colcon_core.verb:set package 'ros2_pkg' build argument 'ament_cmake_args' from command line to 'None'
[1.592s] Level 5:colcon.colcon_core.verb:set package 'ros2_pkg' build argument 'catkin_cmake_args' from command line to 'None'
[1.592s] Level 5:colcon.colcon_core.verb:set package 'ros2_pkg' build argument 'catkin_skip_building_tests' from command line to 'False'
[1.592s] DEBUG:colcon.colcon_core.verb:Building package 'ros2_pkg' with the following arguments: {'ament_cmake_args': None, 'build_base': '/home/dex/workspace/ROS_Project1/build/ros2_pkg', 'catkin_cmake_args': None, 'catkin_skip_building_tests': False, 'cmake_args': None, 'cmake_clean_cache': False, 'cmake_clean_first': False, 'cmake_force_configure': False, 'cmake_target': None, 'cmake_target_skip_unavailable': False, 'install_base': '/home/dex/workspace/ROS_Project1/install/ros2_pkg', 'merge_install': False, 'path': '/home/dex/workspace/ROS_Project1/src/ros2_pkg', 'symlink_install': True, 'test_result_base': None}
[1.608s] INFO:colcon.colcon_core.executor:Executing jobs using 'parallel' executor
[1.626s] DEBUG:colcon.colcon_parallel_executor.executor.parallel:run_until_complete
[1.626s] INFO:colcon.colcon_ros.task.ament_cmake.build:Building ROS package in '/home/dex/workspace/ROS_Project1/src/ros2_pkg' with build type 'ament_cmake'
[1.626s] INFO:colcon.colcon_cmake.task.cmake.build:Building CMake package in '/home/dex/workspace/ROS_Project1/src/ros2_pkg'
[1.651s] INFO:colcon.colcon_core.plugin_system:Skipping extension 'colcon_core.shell.bat': Not used on non-Windows systems
[1.651s] INFO:colcon.colcon_core.shell:Skip shell extension 'powershell' for command environment: Not usable outside of PowerShell
[1.651s] DEBUG:colcon.colcon_core.shell:Skip shell extension 'dsv' for command environment
[1.706s] DEBUG:colcon.colcon_core.event_handler.log_command:Invoking command in '/home/dex/workspace/ROS_Project1/build/ros2_pkg': CMAKE_PREFIX_PATH=/opt/ros/humble /usr/bin/cmake --build /home/dex/workspace/ROS_Project1/build/ros2_pkg -- -j2 -l2
[2.007s] DEBUG:colcon.colcon_core.event_handler.log_command:Invoked command in '/home/dex/workspace/ROS_Project1/build/ros2_pkg' returned '0': CMAKE_PREFIX_PATH=/opt/ros/humble /usr/bin/cmake --build /home/dex/workspace/ROS_Project1/build/ros2_pkg -- -j2 -l2
[2.131s] DEBUG:colcon.colcon_core.event_handler.log_command:Invoking command in '/home/dex/workspace/ROS_Project1/build/ros2_pkg': CMAKE_PREFIX_PATH=/opt/ros/humble /usr/bin/cmake --install /home/dex/workspace/ROS_Project1/build/ros2_pkg
[2.189s] Level 1:colcon.colcon_core.environment:create_environment_scripts_only(ros2_pkg)
[2.191s] DEBUG:colcon.colcon_core.event_handler.log_command:Invoked command in '/home/dex/workspace/ROS_Project1/build/ros2_pkg' returned '0': CMAKE_PREFIX_PATH=/opt/ros/humble /usr/bin/cmake --install /home/dex/workspace/ROS_Project1/build/ros2_pkg
[2.215s] Level 1:colcon.colcon_core.environment:checking '/home/dex/workspace/ROS_Project1/install/ros2_pkg' for CMake module files
[2.215s] Level 1:colcon.colcon_core.environment:checking '/home/dex/workspace/ROS_Project1/install/ros2_pkg' for CMake config files
[2.216s] Level 1:colcon.colcon_core.shell:create_environment_hook('ros2_pkg', 'cmake_prefix_path')
[2.236s] INFO:colcon.colcon_core.shell:Creating environment hook '/home/dex/workspace/ROS_Project1/install/ros2_pkg/share/ros2_pkg/hook/cmake_prefix_path.ps1'
[2.237s] INFO:colcon.colcon_core.shell:Creating environment descriptor '/home/dex/workspace/ROS_Project1/install/ros2_pkg/share/ros2_pkg/hook/cmake_prefix_path.dsv'
[2.237s] INFO:colcon.colcon_core.shell:Creating environment hook '/home/dex/workspace/ROS_Project1/install/ros2_pkg/share/ros2_pkg/hook/cmake_prefix_path.sh'
[2.240s] Level 1:colcon.colcon_core.environment:checking '/home/dex/workspace/ROS_Project1/install/ros2_pkg/lib'
[2.240s] Level 1:colcon.colcon_core.environment:checking '/home/dex/workspace/ROS_Project1/install/ros2_pkg/bin'
[2.240s] Level 1:colcon.colcon_core.environment:checking '/home/dex/workspace/ROS_Project1/install/ros2_pkg/lib/pkgconfig/ros2_pkg.pc'
[2.240s] Level 1:colcon.colcon_core.environment:checking '/home/dex/workspace/ROS_Project1/install/ros2_pkg/lib/python3.10/site-packages'
[2.241s] Level 1:colcon.colcon_core.environment:checking '/home/dex/workspace/ROS_Project1/install/ros2_pkg/bin'
[2.267s] INFO:colcon.colcon_core.shell:Creating package script '/home/dex/workspace/ROS_Project1/install/ros2_pkg/share/ros2_pkg/package.ps1'
[2.268s] INFO:colcon.colcon_core.shell:Creating package descriptor '/home/dex/workspace/ROS_Project1/install/ros2_pkg/share/ros2_pkg/package.dsv'
[2.269s] INFO:colcon.colcon_core.shell:Creating package script '/home/dex/workspace/ROS_Project1/install/ros2_pkg/share/ros2_pkg/package.sh'
[2.269s] INFO:colcon.colcon_core.shell:Creating package script '/home/dex/workspace/ROS_Project1/install/ros2_pkg/share/ros2_pkg/package.bash'
[2.270s] INFO:colcon.colcon_core.shell:Creating package script '/home/dex/workspace/ROS_Project1/install/ros2_pkg/share/ros2_pkg/package.zsh'
[2.271s] Level 1:colcon.colcon_core.environment:create_file_with_runtime_dependencies(/home/dex/workspace/ROS_Project1/install/ros2_pkg/share/colcon-core/packages/ros2_pkg)
[2.405s] Level 1:colcon.colcon_core.environment:create_environment_scripts_only(ros2_pkg)
[2.424s] Level 1:colcon.colcon_core.environment:checking '/home/dex/workspace/ROS_Project1/install/ros2_pkg' for CMake module files
[2.424s] Level 1:colcon.colcon_core.environment:checking '/home/dex/workspace/ROS_Project1/install/ros2_pkg' for CMake config files
[2.426s] Level 1:colcon.colcon_core.shell:create_environment_hook('ros2_pkg', 'cmake_prefix_path')
[2.449s] INFO:colcon.colcon_core.shell:Creating environment hook '/home/dex/workspace/ROS_Project1/install/ros2_pkg/share/ros2_pkg/hook/cmake_prefix_path.ps1'
[2.450s] INFO:colcon.colcon_core.shell:Creating environment descriptor '/home/dex/workspace/ROS_Project1/install/ros2_pkg/share/ros2_pkg/hook/cmake_prefix_path.dsv'
[2.451s] INFO:colcon.colcon_core.shell:Creating environment hook '/home/dex/workspace/ROS_Project1/install/ros2_pkg/share/ros2_pkg/hook/cmake_prefix_path.sh'
[2.451s] Level 1:colcon.colcon_core.environment:checking '/home/dex/workspace/ROS_Project1/install/ros2_pkg/lib'
[2.451s] Level 1:colcon.colcon_core.environment:checking '/home/dex/workspace/ROS_Project1/install/ros2_pkg/bin'
[2.452s] Level 1:colcon.colcon_core.environment:checking '/home/dex/workspace/ROS_Project1/install/ros2_pkg/lib/pkgconfig/ros2_pkg.pc'
[2.452s] Level 1:colcon.colcon_core.environment:checking '/home/dex/workspace/ROS_Project1/install/ros2_pkg/lib/python3.10/site-packages'
[2.452s] Level 1:colcon.colcon_core.environment:checking '/home/dex/workspace/ROS_Project1/install/ros2_pkg/bin'
[2.473s] INFO:colcon.colcon_core.shell:Creating package script '/home/dex/workspace/ROS_Project1/install/ros2_pkg/share/ros2_pkg/package.ps1'
[2.474s] INFO:colcon.colcon_core.shell:Creating package descriptor '/home/dex/workspace/ROS_Project1/install/ros2_pkg/share/ros2_pkg/package.dsv'
[2.475s] INFO:colcon.colcon_core.shell:Creating package script '/home/dex/workspace/ROS_Project1/install/ros2_pkg/share/ros2_pkg/package.sh'
[2.475s] INFO:colcon.colcon_core.shell:Creating package script '/home/dex/workspace/ROS_Project1/install/ros2_pkg/share/ros2_pkg/package.bash'
[2.476s] INFO:colcon.colcon_core.shell:Creating package script '/home/dex/workspace/ROS_Project1/install/ros2_pkg/share/ros2_pkg/package.zsh'
[2.477s] Level 1:colcon.colcon_core.environment:create_file_with_runtime_dependencies(/home/dex/workspace/ROS_Project1/install/ros2_pkg/share/colcon-core/packages/ros2_pkg)
[2.479s] DEBUG:colcon.colcon_parallel_executor.executor.parallel:closing loop
[2.479s] DEBUG:colcon.colcon_parallel_executor.executor.parallel:loop closed
[2.481s] DEBUG:colcon.colcon_parallel_executor.executor.parallel:run_until_complete finished with '0'
[2.481s] DEBUG:colcon.colcon_core.event_reactor:joining thread
[2.506s] INFO:colcon.colcon_core.plugin_system:Skipping extension 'colcon_notification.desktop_notification.terminal_notifier': Not used on non-Darwin systems
[2.506s] INFO:colcon.colcon_core.plugin_system:Skipping extension 'colcon_notification.desktop_notification.win32': Not used on non-Windows systems
[2.507s] INFO:colcon.colcon_notification.desktop_notification:Sending desktop notification using 'notify2'
[2.525s] DEBUG:colcon.colcon_core.event_reactor:joined thread
[2.547s] INFO:colcon.colcon_core.shell:Creating prefix script '/home/dex/workspace/ROS_Project1/install/local_setup.ps1'
[2.549s] INFO:colcon.colcon_core.shell:Creating prefix util module '/home/dex/workspace/ROS_Project1/install/_local_setup_util_ps1.py'
[2.552s] INFO:colcon.colcon_core.shell:Creating prefix chain script '/home/dex/workspace/ROS_Project1/install/setup.ps1'
[2.580s] INFO:colcon.colcon_core.shell:Creating prefix script '/home/dex/workspace/ROS_Project1/install/local_setup.sh'
[2.581s] INFO:colcon.colcon_core.shell:Creating prefix util module '/home/dex/workspace/ROS_Project1/install/_local_setup_util_sh.py'
[2.584s] INFO:colcon.colcon_core.shell:Creating prefix chain script '/home/dex/workspace/ROS_Project1/install/setup.sh'
[2.623s] INFO:colcon.colcon_core.shell:Creating prefix script '/home/dex/workspace/ROS_Project1/install/local_setup.bash'
[2.623s] INFO:colcon.colcon_core.shell:Creating prefix chain script '/home/dex/workspace/ROS_Project1/install/setup.bash'
[2.648s] INFO:colcon.colcon_core.shell:Creating prefix script '/home/dex/workspace/ROS_Project1/install/local_setup.zsh'
[2.649s] INFO:colcon.colcon_core.shell:Creating prefix chain script '/home/dex/workspace/ROS_Project1/install/setup.zsh'
