[0.121s] Invoking command in '/home/dex/workspace/ROS_Project1/build/ros2_pkg': CMAKE_PREFIX_PATH=${CMAKE_PREFIX_PATH}:/opt/ros/humble /usr/bin/cmake --build /home/dex/workspace/ROS_Project1/build/ros2_pkg -- -j2 -l2
[0.225s] -- Found ament_cmake: 1.3.8 (/opt/ros/humble/share/ament_cmake/cmake)
[0.447s] -- Override CMake install command with custom implementation using symlinks instead of copying resources
[0.475s] -- Found rclcpp: 16.0.8 (/opt/ros/humble/share/rclcpp/cmake)
[0.527s] -- Found rosidl_generator_c: 3.1.5 (/opt/ros/humble/share/rosidl_generator_c/cmake)
[0.532s] -- Found rosidl_adapter: 3.1.5 (/opt/ros/humble/share/rosidl_adapter/cmake)
[0.549s] -- Found rosidl_generator_cpp: 3.1.5 (/opt/ros/humble/share/rosidl_generator_cpp/cmake)
[0.569s] -- Using all available rosidl_typesupport_c: rosidl_typesupport_fastrtps_c;rosidl_typesupport_introspection_c
[0.598s] -- Using all available rosidl_typesupport_cpp: rosidl_typesupport_fastrtps_cpp;rosidl_typesupport_introspection_cpp
[0.693s] -- Found rmw_implementation_cmake: 6.1.1 (/opt/ros/humble/share/rmw_implementation_cmake/cmake)
[0.697s] -- Found rmw_fastrtps_cpp: 6.2.6 (/opt/ros/humble/share/rmw_fastrtps_cpp/cmake)
[0.856s] -- Using RMW implementation 'rmw_fastrtps_cpp' as default
[1.074s] -- Found ament_lint_auto: 0.12.10 (/opt/ros/humble/share/ament_lint_auto/cmake)
[1.163s] -- Added test 'cppcheck' to perform static code analysis on C / C++ code
[1.164s] -- Configured cppcheck include dirs: 
[1.164s] -- Configured cppcheck exclude dirs and/or files: 
[1.165s] -- Added test 'lint_cmake' to check CMake code style
[1.166s] -- Added test 'uncrustify' to check C / C++ code style
[1.167s] -- Configured uncrustify additional arguments: 
[1.167s] -- Added test 'xmllint' to check XML markup files
[1.169s] -- Configuring done
[1.174s] [31mCMake Error at CMakeLists.txt:19 (add_executable):
[1.174s]   Cannot find source file:
[1.174s] 
[1.174s]     src/subsciption.cpp
[1.174s] 
[1.174s]   Tried extensions .c .C .c++ .cc .cpp .cxx .cu .mpp .m .M .mm .ixx .cppm .h
[1.174s]   .hh .h++ .hm .hpp .hxx .in .txx .f .F .for .f77 .f90 .f95 .f03 .hip .ispc
[1.174s] 
[1.174s] [0m
[1.176s] [31mCMake Error at CMakeLists.txt:19 (add_executable):
[1.176s]   No SOURCES given to target: subsciption
[1.177s] 
[1.177s] [0m
[1.177s] [0mCMake Generate step failed.  Build files cannot be regenerated correctly.[0m
[1.183s] gmake: *** [Makefile:267: cmake_check_build_system] Error 1
[1.186s] Invoked command in '/home/dex/workspace/ROS_Project1/build/ros2_pkg' returned '2': CMAKE_PREFIX_PATH=${CMAKE_PREFIX_PATH}:/opt/ros/humble /usr/bin/cmake --build /home/dex/workspace/ROS_Project1/build/ros2_pkg -- -j2 -l2
