[0.095s] Invoking command in '/home/dex/workspace/ROS_Project1/build/ros2_pkg': CMAKE_PREFIX_PATH=${CMAKE_PREFIX_PATH}:/opt/ros/humble /usr/bin/cmake --build /home/dex/workspace/ROS_Project1/build/ros2_pkg -- -j2 -l2
[0.156s] -- Found ament_cmake: 1.3.8 (/opt/ros/humble/share/ament_cmake/cmake)
[0.371s] -- Override CMake install command with custom implementation using symlinks instead of copying resources
[0.402s] -- Found rclcpp: 16.0.8 (/opt/ros/humble/share/rclcpp/cmake)
[0.466s] -- Found rosidl_generator_c: 3.1.5 (/opt/ros/humble/share/rosidl_generator_c/cmake)
[0.471s] -- Found rosidl_adapter: 3.1.5 (/opt/ros/humble/share/rosidl_adapter/cmake)
[0.482s] -- Found rosidl_generator_cpp: 3.1.5 (/opt/ros/humble/share/rosidl_generator_cpp/cmake)
[0.500s] -- Using all available rosidl_typesupport_c: rosidl_typesupport_fastrtps_c;rosidl_typesupport_introspection_c
[0.524s] -- Using all available rosidl_typesupport_cpp: rosidl_typesupport_fastrtps_cpp;rosidl_typesupport_introspection_cpp
[0.616s] -- Found rmw_implementation_cmake: 6.1.1 (/opt/ros/humble/share/rmw_implementation_cmake/cmake)
[0.619s] -- Found rmw_fastrtps_cpp: 6.2.6 (/opt/ros/humble/share/rmw_fastrtps_cpp/cmake)
[0.789s] -- Using RMW implementation 'rmw_fastrtps_cpp' as default
[1.008s] [31mCMake Error at /opt/ros/humble/share/ament_cmake_target_dependencies/cmake/ament_target_dependencies.cmake:42 (message):
[1.008s]   ament_target_dependencies() the first argument must be a valid target name
[1.008s] Call Stack (most recent call first):
[1.008s]   CMakeLists.txt:20 (ament_target_dependencies)
[1.008s] 
[1.009s] [0m
[1.010s] -- Configuring incomplete, errors occurred!
[1.010s] See also "/home/dex/workspace/ROS_Project1/build/ros2_pkg/CMakeFiles/CMakeOutput.log".
[1.018s] gmake: *** [Makefile:267: cmake_check_build_system] Error 1
[1.024s] Invoked command in '/home/dex/workspace/ROS_Project1/build/ros2_pkg' returned '2': CMAKE_PREFIX_PATH=${CMAKE_PREFIX_PATH}:/opt/ros/humble /usr/bin/cmake --build /home/dex/workspace/ROS_Project1/build/ros2_pkg -- -j2 -l2
