[0.000000] (-) TimerEvent: {}
[0.000724] (ros2_pkg) JobQueued: {'identifier': 'ros2_pkg', 'dependencies': OrderedDict()}
[0.000765] (ros2_pkg) JobStarted: {'identifier': 'ros2_pkg'}
[0.098879] (-) TimerEvent: {}
[0.118316] (ros2_pkg) JobProgress: {'identifier': 'ros2_pkg', 'progress': 'cmake'}
[0.122791] (ros2_pkg) JobProgress: {'identifier': 'ros2_pkg', 'progress': 'build'}
[0.122946] (ros2_pkg) Command: {'cmd': ['/usr/bin/cmake', '--build', '/home/dex/workspace/ROS_Project1/build/ros2_pkg', '--', '-j2', '-l2'], 'cwd': '/home/dex/workspace/ROS_Project1/build/ros2_pkg', 'env': OrderedDict([('GJS_DEBUG_TOPICS', 'JS ERROR;JS LOG'), ('LESSOPEN', '| /usr/bin/lesspipe %s'), ('LANGUAGE', 'en_IN:en'), ('USER', 'dex'), ('GIO_MODULE_DIR', '/home/dex/snap/code/common/.cache/gio-modules'), ('XDG_SESSION_TYPE', 'wayland'), ('GIT_ASKPASS', '/snap/code/155/usr/share/code/resources/app/extensions/git/dist/askpass.sh'), ('GTK_EXE_PREFIX_VSCODE_SNAP_ORIG', ''), ('GDK_BACKEND_VSCODE_SNAP_ORIG', ''), ('SHLVL', '1'), ('LD_LIBRARY_PATH', '/opt/ros/humble/opt/rviz_ogre_vendor/lib:/opt/ros/humble/lib/x86_64-linux-gnu:/opt/ros/humble/lib'), ('HOME', '/home/dex'), ('CHROME_DESKTOP', 'code-url-handler.desktop'), ('LOCPATH_VSCODE_SNAP_ORIG', ''), ('TERM_PROGRAM_VERSION', '1.87.2'), ('DESKTOP_SESSION', 'ubuntu'), ('GTK_PATH', '/snap/code/155/usr/lib/x86_64-linux-gnu/gtk-3.0'), ('GTK_IM_MODULE_FILE', '/home/dex/snap/code/common/.cache/immodules/immodules.cache'), ('GIO_LAUNCHED_DESKTOP_FILE', '/var/lib/snapd/desktop/applications/code_code.desktop'), ('ROS_PYTHON_VERSION', '3'), ('GNOME_SHELL_SESSION_MODE', 'ubuntu'), ('GTK_MODULES', 'gail:atk-bridge'), ('GSETTINGS_SCHEMA_DIR_VSCODE_SNAP_ORIG', ''), ('VSCODE_GIT_ASKPASS_MAIN', '/snap/code/155/usr/share/code/resources/app/extensions/git/dist/askpass-main.js'), ('VSCODE_GIT_ASKPASS_NODE', '/snap/code/155/usr/share/code/code'), ('MANAGERPID', '999'), ('SYSTEMD_EXEC_PID', '1260'), ('IM_CONFIG_CHECK_ENV', '1'), ('DBUS_SESSION_BUS_ADDRESS', 'unix:path=/run/user/1000/bus'), ('COLORTERM', 'truecolor'), ('GIO_LAUNCHED_DESKTOP_FILE_PID', '3544'), ('_colcon_cd_root', '/opt/ros/humble/'), ('IM_CONFIG_PHASE', '1'), ('WAYLAND_DISPLAY', 'wayland-0'), ('ROS_DISTRO', 'humble'), ('LOGNAME', 'dex'), ('_', '/usr/bin/colcon'), ('JOURNAL_STREAM', '8:33402'), ('ROS_VERSION', '2'), ('XDG_CONFIG_DIRS_VSCODE_SNAP_ORIG', '/etc/xdg/xdg-ubuntu:/etc/xdg'), ('XDG_SESSION_CLASS', 'user'), ('XDG_DATA_DIRS_VSCODE_SNAP_ORIG', '/usr/share/ubuntu:/usr/local/share/:/usr/share/:/var/lib/snapd/desktop'), ('USERNAME', 'dex'), ('TERM', 'xterm-256color'), ('GNOME_DESKTOP_SESSION_ID', 'this-is-deprecated'), ('ROS_LOCALHOST_ONLY', '0'), ('PATH', '/opt/ros/humble/bin:/usr/local/sbin:/usr/local/bin:/usr/sbin:/usr/bin:/sbin:/bin:/usr/games:/usr/local/games:/snap/bin:/snap/bin'), ('SESSION_MANAGER', 'local/vm:@/tmp/.ICE-unix/1234,unix/vm:/tmp/.ICE-unix/1234'), ('GTK_EXE_PREFIX', '/snap/code/155/usr'), ('INVOCATION_ID', 'dc8600b8f0cb487ea49843cdd11bbdfd'), ('XDG_MENU_PREFIX', 'gnome-'), ('BAMF_DESKTOP_FILE_HINT', '/var/lib/snapd/desktop/applications/code_code.desktop'), ('GNOME_SETUP_DISPLAY', ':1'), ('XDG_RUNTIME_DIR', '/run/user/1000'), ('GDK_BACKEND', 'x11'), ('DISPLAY', ':0'), ('LOCPATH', '/snap/code/155/usr/lib/locale'), ('LANG', 'en_US.UTF-8'), ('XDG_CURRENT_DESKTOP', 'Unity'), ('GIO_MODULE_DIR_VSCODE_SNAP_ORIG', ''), ('XMODIFIERS', '@im=ibus'), ('XDG_SESSION_DESKTOP', 'ubuntu'), ('XAUTHORITY', '/run/user/1000/.mutter-Xwaylandauth.US3BL2'), ('LS_COLORS', ''), ('VSCODE_GIT_IPC_HANDLE', '/run/user/1000/vscode-git-25367c983e.sock'), ('TERM_PROGRAM', 'vscode'), ('SSH_AGENT_LAUNCHER', 'gnome-keyring'), ('SSH_AUTH_SOCK', '/run/user/1000/keyring/ssh'), ('GSETTINGS_SCHEMA_DIR', '/home/dex/snap/code/155/.local/share/glib-2.0/schemas'), ('AMENT_PREFIX_PATH', '/opt/ros/humble'), ('ORIGINAL_XDG_CURRENT_DESKTOP', 'ubuntu:GNOME'), ('SHELL', '/bin/bash'), ('QT_ACCESSIBILITY', '1'), ('GDMSESSION', 'ubuntu'), ('LESSCLOSE', '/usr/bin/lesspipe %s %s'), ('GTK_PATH_VSCODE_SNAP_ORIG', ''), ('GTK_IM_MODULE_FILE_VSCODE_SNAP_ORIG', ''), ('GJS_DEBUG_OUTPUT', 'stderr'), ('VSCODE_GIT_ASKPASS_EXTRA_ARGS', ''), ('QT_IM_MODULE', 'ibus'), ('PWD', '/home/dex/workspace/ROS_Project1/build/ros2_pkg'), ('LC_ALL', 'en_US.UTF-8'), ('XDG_CONFIG_DIRS', '/etc/xdg/xdg-ubuntu:/etc/xdg'), ('XDG_DATA_DIRS', '/home/dex/snap/code/155/.local/share:/home/dex/snap/code/155:/snap/code/155/usr/share:/usr/share/ubuntu:/usr/local/share/:/usr/share/:/var/lib/snapd/desktop'), ('PYTHONPATH', '/opt/ros/humble/lib/python3.10/site-packages:/opt/ros/humble/local/lib/python3.10/dist-packages'), ('COLCON', '1'), ('CMAKE_PREFIX_PATH', '/opt/ros/humble')]), 'shell': False}
[0.199000] (-) TimerEvent: {}
[0.300099] (-) TimerEvent: {}
[0.400904] (-) TimerEvent: {}
[0.501202] (-) TimerEvent: {}
[0.588558] (ros2_pkg) StdoutLine: {'line': b'[ 20%] Built target rpm_publisher\n'}
[0.603076] (-) TimerEvent: {}
[0.612338] (ros2_pkg) StdoutLine: {'line': b'[ 40%] Built target hello_world_publisher\n'}
[0.685193] (ros2_pkg) StdoutLine: {'line': b'[ 60%] Built target hello_world_subscriber\n'}
[0.703182] (-) TimerEvent: {}
[0.752523] (ros2_pkg) StdoutLine: {'line': b'[ 70%] \x1b[32mBuilding CXX object CMakeFiles/rpm_subscriber.dir/src/rpm_subscriber.cpp.o\x1b[0m\n'}
[0.778930] (ros2_pkg) StdoutLine: {'line': b'[ 80%] \x1b[32mBuilding CXX object CMakeFiles/speed_subscriber.dir/src/speed_subscriber.cpp.o\x1b[0m\n'}
[0.804272] (-) TimerEvent: {}
[0.904561] (-) TimerEvent: {}
[1.005151] (-) TimerEvent: {}
[1.105465] (-) TimerEvent: {}
[1.205862] (-) TimerEvent: {}
[1.307992] (-) TimerEvent: {}
[1.408375] (-) TimerEvent: {}
[1.513188] (-) TimerEvent: {}
[1.615858] (-) TimerEvent: {}
[1.716668] (-) TimerEvent: {}
[1.817352] (-) TimerEvent: {}
[1.918088] (-) TimerEvent: {}
[2.018712] (-) TimerEvent: {}
[2.119237] (-) TimerEvent: {}
[2.219665] (-) TimerEvent: {}
[2.320076] (-) TimerEvent: {}
[2.420931] (-) TimerEvent: {}
[2.521320] (-) TimerEvent: {}
[2.621786] (-) TimerEvent: {}
[2.722187] (-) TimerEvent: {}
[2.822621] (-) TimerEvent: {}
[2.923051] (-) TimerEvent: {}
[3.023544] (-) TimerEvent: {}
[3.124496] (-) TimerEvent: {}
[3.224888] (-) TimerEvent: {}
[3.325293] (-) TimerEvent: {}
[3.425736] (-) TimerEvent: {}
[3.526229] (-) TimerEvent: {}
[3.626662] (-) TimerEvent: {}
[3.727353] (-) TimerEvent: {}
[3.828082] (-) TimerEvent: {}
[3.928699] (-) TimerEvent: {}
[4.029269] (-) TimerEvent: {}
[4.129857] (-) TimerEvent: {}
[4.232377] (-) TimerEvent: {}
[4.332830] (-) TimerEvent: {}
[4.434267] (-) TimerEvent: {}
[4.534750] (-) TimerEvent: {}
[4.636512] (-) TimerEvent: {}
[4.737860] (-) TimerEvent: {}
[4.840726] (-) TimerEvent: {}
[4.941226] (-) TimerEvent: {}
[5.041647] (-) TimerEvent: {}
[5.142095] (-) TimerEvent: {}
[5.242502] (-) TimerEvent: {}
[5.343032] (-) TimerEvent: {}
[5.444121] (-) TimerEvent: {}
[5.545083] (-) TimerEvent: {}
[5.645653] (-) TimerEvent: {}
[5.746099] (-) TimerEvent: {}
[5.846524] (-) TimerEvent: {}
[5.948050] (-) TimerEvent: {}
[6.048448] (-) TimerEvent: {}
[6.148922] (-) TimerEvent: {}
[6.250630] (-) TimerEvent: {}
[6.351135] (-) TimerEvent: {}
[6.451537] (-) TimerEvent: {}
[6.551937] (-) TimerEvent: {}
[6.652358] (-) TimerEvent: {}
[6.752781] (-) TimerEvent: {}
[6.858886] (-) TimerEvent: {}
[6.959192] (-) TimerEvent: {}
[7.059567] (-) TimerEvent: {}
[7.159987] (-) TimerEvent: {}
[7.264703] (-) TimerEvent: {}
[7.365001] (-) TimerEvent: {}
[7.465518] (-) TimerEvent: {}
[7.565928] (-) TimerEvent: {}
[7.666428] (-) TimerEvent: {}
[7.767338] (-) TimerEvent: {}
[7.867877] (-) TimerEvent: {}
[7.968335] (-) TimerEvent: {}
[8.069627] (-) TimerEvent: {}
[8.170144] (-) TimerEvent: {}
[8.270442] (-) TimerEvent: {}
[8.371141] (-) TimerEvent: {}
[8.471864] (-) TimerEvent: {}
[8.576050] (-) TimerEvent: {}
[8.677669] (-) TimerEvent: {}
[8.777977] (-) TimerEvent: {}
[8.878604] (-) TimerEvent: {}
[8.979231] (-) TimerEvent: {}
[9.079645] (-) TimerEvent: {}
[9.180555] (-) TimerEvent: {}
[9.281403] (-) TimerEvent: {}
[9.382359] (-) TimerEvent: {}
[9.483050] (-) TimerEvent: {}
[9.583743] (-) TimerEvent: {}
[9.684599] (-) TimerEvent: {}
[9.784891] (-) TimerEvent: {}
[9.886251] (-) TimerEvent: {}
[9.987614] (-) TimerEvent: {}
[10.089056] (-) TimerEvent: {}
[10.189829] (-) TimerEvent: {}
[10.290545] (-) TimerEvent: {}
[10.391310] (-) TimerEvent: {}
[10.492071] (-) TimerEvent: {}
[10.593359] (-) TimerEvent: {}
[10.694124] (-) TimerEvent: {}
[10.797583] (-) TimerEvent: {}
[10.898990] (-) TimerEvent: {}
[10.999693] (-) TimerEvent: {}
[11.100426] (-) TimerEvent: {}
[11.201737] (-) TimerEvent: {}
[11.302453] (-) TimerEvent: {}
[11.403467] (-) TimerEvent: {}
[11.504531] (-) TimerEvent: {}
[11.605546] (-) TimerEvent: {}
[11.708414] (-) TimerEvent: {}
[11.809960] (-) TimerEvent: {}
[11.911386] (-) TimerEvent: {}
[12.012446] (-) TimerEvent: {}
[12.113399] (-) TimerEvent: {}
[12.215169] (-) TimerEvent: {}
[12.316346] (-) TimerEvent: {}
[12.416995] (-) TimerEvent: {}
[12.517756] (-) TimerEvent: {}
[12.618467] (-) TimerEvent: {}
[12.720218] (-) TimerEvent: {}
[12.822600] (-) TimerEvent: {}
[12.924217] (-) TimerEvent: {}
[13.025691] (-) TimerEvent: {}
[13.126993] (-) TimerEvent: {}
[13.227643] (-) TimerEvent: {}
[13.328042] (-) TimerEvent: {}
[13.428543] (-) TimerEvent: {}
[13.528962] (-) TimerEvent: {}
[13.629352] (-) TimerEvent: {}
[13.729775] (-) TimerEvent: {}
[13.830259] (-) TimerEvent: {}
[13.931727] (-) TimerEvent: {}
[14.032500] (-) TimerEvent: {}
[14.132989] (-) TimerEvent: {}
[14.233810] (-) TimerEvent: {}
[14.336861] (-) TimerEvent: {}
[14.437353] (-) TimerEvent: {}
[14.538331] (-) TimerEvent: {}
[14.638728] (-) TimerEvent: {}
[14.739169] (-) TimerEvent: {}
[14.839877] (-) TimerEvent: {}
[14.940716] (-) TimerEvent: {}
[15.044392] (-) TimerEvent: {}
[15.144685] (-) TimerEvent: {}
[15.247839] (-) TimerEvent: {}
[15.349261] (-) TimerEvent: {}
[15.450127] (-) TimerEvent: {}
[15.550788] (-) TimerEvent: {}
[15.651343] (-) TimerEvent: {}
[15.751771] (-) TimerEvent: {}
[15.852237] (-) TimerEvent: {}
[15.952635] (-) TimerEvent: {}
[16.054465] (-) TimerEvent: {}
[16.154790] (-) TimerEvent: {}
[16.255234] (-) TimerEvent: {}
[16.355643] (-) TimerEvent: {}
[16.456212] (-) TimerEvent: {}
[16.558298] (-) TimerEvent: {}
[16.658950] (-) TimerEvent: {}
[16.759361] (-) TimerEvent: {}
[16.863412] (-) TimerEvent: {}
[16.965633] (-) TimerEvent: {}
[17.066209] (-) TimerEvent: {}
[17.167003] (-) TimerEvent: {}
[17.267417] (-) TimerEvent: {}
[17.367739] (-) TimerEvent: {}
[17.471016] (-) TimerEvent: {}
[17.571904] (-) TimerEvent: {}
[17.672248] (-) TimerEvent: {}
[17.772994] (-) TimerEvent: {}
[17.874041] (-) TimerEvent: {}
[17.975061] (-) TimerEvent: {}
[18.076472] (-) TimerEvent: {}
[18.178044] (-) TimerEvent: {}
[18.278867] (-) TimerEvent: {}
[18.379264] (-) TimerEvent: {}
[18.479998] (-) TimerEvent: {}
[18.580380] (-) TimerEvent: {}
[18.592849] (ros2_pkg) StdoutLine: {'line': b'[ 90%] \x1b[32m\x1b[1mLinking CXX executable speed_subscriber\x1b[0m\n'}
[18.680527] (-) TimerEvent: {}
[18.782973] (-) TimerEvent: {}
[18.883300] (-) TimerEvent: {}
[18.984039] (-) TimerEvent: {}
[19.041626] (ros2_pkg) StdoutLine: {'line': b'[100%] \x1b[32m\x1b[1mLinking CXX executable rpm_subscriber\x1b[0m\n'}
[19.084184] (-) TimerEvent: {}
[19.185563] (-) TimerEvent: {}
[19.286692] (-) TimerEvent: {}
[19.387862] (-) TimerEvent: {}
[19.489075] (-) TimerEvent: {}
[19.590071] (-) TimerEvent: {}
[19.690823] (-) TimerEvent: {}
[19.791835] (-) TimerEvent: {}
[19.892803] (-) TimerEvent: {}
[20.003733] (-) TimerEvent: {}
[20.058302] (ros2_pkg) StdoutLine: {'line': b'[100%] Built target speed_subscriber\n'}
[20.061272] (ros2_pkg) StdoutLine: {'line': b'[100%] Built target rpm_subscriber\n'}
[20.086411] (ros2_pkg) CommandEnded: {'returncode': 0}
[20.103919] (-) TimerEvent: {}
[20.204480] (-) TimerEvent: {}
[20.205587] (ros2_pkg) JobProgress: {'identifier': 'ros2_pkg', 'progress': 'install'}
[20.225267] (ros2_pkg) Command: {'cmd': ['/usr/bin/cmake', '--install', '/home/dex/workspace/ROS_Project1/build/ros2_pkg'], 'cwd': '/home/dex/workspace/ROS_Project1/build/ros2_pkg', 'env': OrderedDict([('GJS_DEBUG_TOPICS', 'JS ERROR;JS LOG'), ('LESSOPEN', '| /usr/bin/lesspipe %s'), ('LANGUAGE', 'en_IN:en'), ('USER', 'dex'), ('GIO_MODULE_DIR', '/home/dex/snap/code/common/.cache/gio-modules'), ('XDG_SESSION_TYPE', 'wayland'), ('GIT_ASKPASS', '/snap/code/155/usr/share/code/resources/app/extensions/git/dist/askpass.sh'), ('GTK_EXE_PREFIX_VSCODE_SNAP_ORIG', ''), ('GDK_BACKEND_VSCODE_SNAP_ORIG', ''), ('SHLVL', '1'), ('LD_LIBRARY_PATH', '/opt/ros/humble/opt/rviz_ogre_vendor/lib:/opt/ros/humble/lib/x86_64-linux-gnu:/opt/ros/humble/lib'), ('HOME', '/home/dex'), ('CHROME_DESKTOP', 'code-url-handler.desktop'), ('LOCPATH_VSCODE_SNAP_ORIG', ''), ('TERM_PROGRAM_VERSION', '1.87.2'), ('DESKTOP_SESSION', 'ubuntu'), ('GTK_PATH', '/snap/code/155/usr/lib/x86_64-linux-gnu/gtk-3.0'), ('GTK_IM_MODULE_FILE', '/home/dex/snap/code/common/.cache/immodules/immodules.cache'), ('GIO_LAUNCHED_DESKTOP_FILE', '/var/lib/snapd/desktop/applications/code_code.desktop'), ('ROS_PYTHON_VERSION', '3'), ('GNOME_SHELL_SESSION_MODE', 'ubuntu'), ('GTK_MODULES', 'gail:atk-bridge'), ('GSETTINGS_SCHEMA_DIR_VSCODE_SNAP_ORIG', ''), ('VSCODE_GIT_ASKPASS_MAIN', '/snap/code/155/usr/share/code/resources/app/extensions/git/dist/askpass-main.js'), ('VSCODE_GIT_ASKPASS_NODE', '/snap/code/155/usr/share/code/code'), ('MANAGERPID', '999'), ('SYSTEMD_EXEC_PID', '1260'), ('IM_CONFIG_CHECK_ENV', '1'), ('DBUS_SESSION_BUS_ADDRESS', 'unix:path=/run/user/1000/bus'), ('COLORTERM', 'truecolor'), ('GIO_LAUNCHED_DESKTOP_FILE_PID', '3544'), ('_colcon_cd_root', '/opt/ros/humble/'), ('IM_CONFIG_PHASE', '1'), ('WAYLAND_DISPLAY', 'wayland-0'), ('ROS_DISTRO', 'humble'), ('LOGNAME', 'dex'), ('_', '/usr/bin/colcon'), ('JOURNAL_STREAM', '8:33402'), ('ROS_VERSION', '2'), ('XDG_CONFIG_DIRS_VSCODE_SNAP_ORIG', '/etc/xdg/xdg-ubuntu:/etc/xdg'), ('XDG_SESSION_CLASS', 'user'), ('XDG_DATA_DIRS_VSCODE_SNAP_ORIG', '/usr/share/ubuntu:/usr/local/share/:/usr/share/:/var/lib/snapd/desktop'), ('USERNAME', 'dex'), ('TERM', 'xterm-256color'), ('GNOME_DESKTOP_SESSION_ID', 'this-is-deprecated'), ('ROS_LOCALHOST_ONLY', '0'), ('PATH', '/opt/ros/humble/bin:/usr/local/sbin:/usr/local/bin:/usr/sbin:/usr/bin:/sbin:/bin:/usr/games:/usr/local/games:/snap/bin:/snap/bin'), ('SESSION_MANAGER', 'local/vm:@/tmp/.ICE-unix/1234,unix/vm:/tmp/.ICE-unix/1234'), ('GTK_EXE_PREFIX', '/snap/code/155/usr'), ('INVOCATION_ID', 'dc8600b8f0cb487ea49843cdd11bbdfd'), ('XDG_MENU_PREFIX', 'gnome-'), ('BAMF_DESKTOP_FILE_HINT', '/var/lib/snapd/desktop/applications/code_code.desktop'), ('GNOME_SETUP_DISPLAY', ':1'), ('XDG_RUNTIME_DIR', '/run/user/1000'), ('GDK_BACKEND', 'x11'), ('DISPLAY', ':0'), ('LOCPATH', '/snap/code/155/usr/lib/locale'), ('LANG', 'en_US.UTF-8'), ('XDG_CURRENT_DESKTOP', 'Unity'), ('GIO_MODULE_DIR_VSCODE_SNAP_ORIG', ''), ('XMODIFIERS', '@im=ibus'), ('XDG_SESSION_DESKTOP', 'ubuntu'), ('XAUTHORITY', '/run/user/1000/.mutter-Xwaylandauth.US3BL2'), ('LS_COLORS', ''), ('VSCODE_GIT_IPC_HANDLE', '/run/user/1000/vscode-git-25367c983e.sock'), ('TERM_PROGRAM', 'vscode'), ('SSH_AGENT_LAUNCHER', 'gnome-keyring'), ('SSH_AUTH_SOCK', '/run/user/1000/keyring/ssh'), ('GSETTINGS_SCHEMA_DIR', '/home/dex/snap/code/155/.local/share/glib-2.0/schemas'), ('AMENT_PREFIX_PATH', '/opt/ros/humble'), ('ORIGINAL_XDG_CURRENT_DESKTOP', 'ubuntu:GNOME'), ('SHELL', '/bin/bash'), ('QT_ACCESSIBILITY', '1'), ('GDMSESSION', 'ubuntu'), ('LESSCLOSE', '/usr/bin/lesspipe %s %s'), ('GTK_PATH_VSCODE_SNAP_ORIG', ''), ('GTK_IM_MODULE_FILE_VSCODE_SNAP_ORIG', ''), ('GJS_DEBUG_OUTPUT', 'stderr'), ('VSCODE_GIT_ASKPASS_EXTRA_ARGS', ''), ('QT_IM_MODULE', 'ibus'), ('PWD', '/home/dex/workspace/ROS_Project1/build/ros2_pkg'), ('LC_ALL', 'en_US.UTF-8'), ('XDG_CONFIG_DIRS', '/etc/xdg/xdg-ubuntu:/etc/xdg'), ('XDG_DATA_DIRS', '/home/dex/snap/code/155/.local/share:/home/dex/snap/code/155:/snap/code/155/usr/share:/usr/share/ubuntu:/usr/local/share/:/usr/share/:/var/lib/snapd/desktop'), ('PYTHONPATH', '/opt/ros/humble/lib/python3.10/site-packages:/opt/ros/humble/local/lib/python3.10/dist-packages'), ('COLCON', '1'), ('CMAKE_PREFIX_PATH', '/opt/ros/humble')]), 'shell': False}
[20.242353] (ros2_pkg) StdoutLine: {'line': b'-- Install configuration: ""\n'}
[20.245482] (ros2_pkg) StdoutLine: {'line': b'-- Execute custom install script\n'}
[20.252660] (ros2_pkg) StdoutLine: {'line': b'-- Up-to-date symlink: /home/dex/workspace/ROS_Project1/install/ros2_pkg/lib/ros2_pkg/hello_world_publisher\n'}
[20.253959] (ros2_pkg) StdoutLine: {'line': b'-- Up-to-date symlink: /home/dex/workspace/ROS_Project1/install/ros2_pkg/lib/ros2_pkg/hello_world_subscriber\n'}
[20.254336] (ros2_pkg) StdoutLine: {'line': b'-- Up-to-date symlink: /home/dex/workspace/ROS_Project1/install/ros2_pkg/lib/ros2_pkg/rpm_publisher\n'}
[20.256203] (ros2_pkg) StdoutLine: {'line': b'-- Up-to-date symlink: /home/dex/workspace/ROS_Project1/install/ros2_pkg/lib/ros2_pkg/rpm_subscriber\n'}
[20.256609] (ros2_pkg) StdoutLine: {'line': b'-- Up-to-date symlink: /home/dex/workspace/ROS_Project1/install/ros2_pkg/lib/ros2_pkg/speed_subscriber\n'}
[20.260815] (ros2_pkg) StdoutLine: {'line': b'-- Up-to-date symlink: /home/dex/workspace/ROS_Project1/install/ros2_pkg/share/ros2_pkg//launch/rpm_node.launch.py\n'}
[20.267120] (ros2_pkg) StdoutLine: {'line': b'-- Up-to-date symlink: /home/dex/workspace/ROS_Project1/install/ros2_pkg/share/ament_index/resource_index/package_run_dependencies/ros2_pkg\n'}
[20.268693] (ros2_pkg) StdoutLine: {'line': b'-- Up-to-date symlink: /home/dex/workspace/ROS_Project1/install/ros2_pkg/share/ament_index/resource_index/parent_prefix_path/ros2_pkg\n'}
[20.273228] (ros2_pkg) StdoutLine: {'line': b'-- Up-to-date symlink: /home/dex/workspace/ROS_Project1/install/ros2_pkg/share/ros2_pkg/environment/ament_prefix_path.sh\n'}
[20.274170] (ros2_pkg) StdoutLine: {'line': b'-- Up-to-date symlink: /home/dex/workspace/ROS_Project1/install/ros2_pkg/share/ros2_pkg/environment/ament_prefix_path.dsv\n'}
[20.274781] (ros2_pkg) StdoutLine: {'line': b'-- Up-to-date symlink: /home/dex/workspace/ROS_Project1/install/ros2_pkg/share/ros2_pkg/environment/path.sh\n'}
[20.275459] (ros2_pkg) StdoutLine: {'line': b'-- Up-to-date symlink: /home/dex/workspace/ROS_Project1/install/ros2_pkg/share/ros2_pkg/environment/path.dsv\n'}
[20.276089] (ros2_pkg) StdoutLine: {'line': b'-- Up-to-date symlink: /home/dex/workspace/ROS_Project1/install/ros2_pkg/share/ros2_pkg/local_setup.bash\n'}
[20.276713] (ros2_pkg) StdoutLine: {'line': b'-- Up-to-date symlink: /home/dex/workspace/ROS_Project1/install/ros2_pkg/share/ros2_pkg/local_setup.sh\n'}
[20.277357] (ros2_pkg) StdoutLine: {'line': b'-- Up-to-date symlink: /home/dex/workspace/ROS_Project1/install/ros2_pkg/share/ros2_pkg/local_setup.zsh\n'}
[20.277973] (ros2_pkg) StdoutLine: {'line': b'-- Up-to-date symlink: /home/dex/workspace/ROS_Project1/install/ros2_pkg/share/ros2_pkg/local_setup.dsv\n'}
[20.278104] (ros2_pkg) StdoutLine: {'line': b'-- Symlinking: /home/dex/workspace/ROS_Project1/install/ros2_pkg/share/ros2_pkg/package.dsv\n'}
[20.295926] (ros2_pkg) StdoutLine: {'line': b'-- Up-to-date symlink: /home/dex/workspace/ROS_Project1/install/ros2_pkg/share/ament_index/resource_index/packages/ros2_pkg\n'}
[20.296637] (ros2_pkg) StdoutLine: {'line': b'-- Up-to-date symlink: /home/dex/workspace/ROS_Project1/install/ros2_pkg/share/ros2_pkg/cmake/ros2_pkgConfig.cmake\n'}
[20.298723] (ros2_pkg) StdoutLine: {'line': b'-- Up-to-date symlink: /home/dex/workspace/ROS_Project1/install/ros2_pkg/share/ros2_pkg/cmake/ros2_pkgConfig-version.cmake\n'}
[20.300175] (ros2_pkg) StdoutLine: {'line': b'-- Up-to-date symlink: /home/dex/workspace/ROS_Project1/install/ros2_pkg/share/ros2_pkg/package.xml\n'}
[20.302614] (ros2_pkg) CommandEnded: {'returncode': 0}
[20.304683] (-) TimerEvent: {}
[20.405384] (-) TimerEvent: {}
[20.505820] (-) TimerEvent: {}
[20.606357] (-) TimerEvent: {}
[20.707563] (-) TimerEvent: {}
[20.807015] (ros2_pkg) JobEnded: {'identifier': 'ros2_pkg', 'rc': 0}
[20.808412] (-) TimerEvent: {}
[20.808578] (-) EventReactorShutdown: {}
