[1.339s] DEBUG:colcon:Command line arguments: ['/usr/bin/colcon', 'build', '--symlink-install']
[1.339s] DEBUG:colcon:Parsed command line arguments: Namespace(log_base=None, log_level=None, verb_name='build', build_base='build', install_base='install', merge_install=False, symlink_install=True, test_result_base=None, continue_on_error=False, executor='parallel', parallel_workers=2, event_handlers=None, ignore_user_meta=False, metas=['./colcon.meta'], base_paths=['.'], packages_ignore=None, packages_ignore_regex=None, paths=None, packages_up_to=None, packages_up_to_regex=None, packages_above=None, packages_above_and_dependencies=None, packages_above_depth=None, packages_select_by_dep=None, packages_skip_by_dep=None, packages_skip_up_to=None, packages_select_build_failed=False, packages_skip_build_finished=False, packages_select_test_failures=False, packages_skip_test_passed=False, packages_select=None, packages_skip=None, packages_select_regex=None, packages_skip_regex=None, packages_start=None, packages_end=None, allow_overriding=[], cmake_args=None, cmake_target=None, cmake_target_skip_unavailable=False, cmake_clean_cache=False, cmake_clean_first=False, cmake_force_configure=False, ament_cmake_args=None, catkin_cmake_args=None, catkin_skip_building_tests=False, verb_parser=<colcon_defaults.argument_parser.defaults.DefaultArgumentsDecorator object at 0x71c4675b8c10>, verb_extension=<colcon_core.verb.build.BuildVerb object at 0x71c4675ba4a0>, main=<bound method BuildVerb.main of <colcon_core.verb.build.BuildVerb object at 0x71c4675ba4a0>>)
[1.396s] Level 1:colcon.colcon_core.package_discovery:discover_packages(colcon_meta) check parameters
[1.396s] Level 1:colcon.colcon_core.package_discovery:discover_packages(recursive) check parameters
[1.396s] Level 1:colcon.colcon_core.package_discovery:discover_packages(ignore) check parameters
[1.396s] Level 1:colcon.colcon_core.package_discovery:discover_packages(path) check parameters
[1.396s] Level 1:colcon.colcon_core.package_discovery:discover_packages(colcon_meta) discover
[1.396s] Level 1:colcon.colcon_core.package_discovery:discover_packages(recursive) discover
[1.396s] INFO:colcon.colcon_core.package_discovery:Crawling recursively for packages in '/home/dex/workspace/ROS_Project1'
[1.396s] Level 1:colcon.colcon_core.package_identification:_identify(.) by extensions ['ignore', 'ignore_ament_install']
[1.396s] Level 1:colcon.colcon_core.package_identification:_identify(.) by extension 'ignore'
[1.396s] Level 1:colcon.colcon_core.package_identification:_identify(.) by extension 'ignore_ament_install'
[1.396s] Level 1:colcon.colcon_core.package_identification:_identify(.) by extensions ['colcon_pkg']
[1.396s] Level 1:colcon.colcon_core.package_identification:_identify(.) by extension 'colcon_pkg'
[1.396s] Level 1:colcon.colcon_core.package_identification:_identify(.) by extensions ['colcon_meta']
[1.397s] Level 1:colcon.colcon_core.package_identification:_identify(.) by extension 'colcon_meta'
[1.397s] Level 1:colcon.colcon_core.package_identification:_identify(.) by extensions ['ros']
[1.397s] Level 1:colcon.colcon_core.package_identification:_identify(.) by extension 'ros'
[1.412s] Level 1:colcon.colcon_core.package_identification:_identify(.) by extensions ['cmake', 'python']
[1.412s] Level 1:colcon.colcon_core.package_identification:_identify(.) by extension 'cmake'
[1.412s] Level 1:colcon.colcon_core.package_identification:_identify(.) by extension 'python'
[1.412s] Level 1:colcon.colcon_core.package_identification:_identify(.) by extensions ['python_setup_py']
[1.412s] Level 1:colcon.colcon_core.package_identification:_identify(.) by extension 'python_setup_py'
[1.412s] Level 1:colcon.colcon_core.package_identification:_identify(build) by extensions ['ignore', 'ignore_ament_install']
[1.412s] Level 1:colcon.colcon_core.package_identification:_identify(build) by extension 'ignore'
[1.412s] Level 1:colcon.colcon_core.package_identification:_identify(build) ignored
[1.413s] Level 1:colcon.colcon_core.package_identification:_identify(install) by extensions ['ignore', 'ignore_ament_install']
[1.413s] Level 1:colcon.colcon_core.package_identification:_identify(install) by extension 'ignore'
[1.413s] Level 1:colcon.colcon_core.package_identification:_identify(install) ignored
[1.413s] Level 1:colcon.colcon_core.package_identification:_identify(log) by extensions ['ignore', 'ignore_ament_install']
[1.413s] Level 1:colcon.colcon_core.package_identification:_identify(log) by extension 'ignore'
[1.413s] Level 1:colcon.colcon_core.package_identification:_identify(log) ignored
[1.413s] Level 1:colcon.colcon_core.package_identification:_identify(src) by extensions ['ignore', 'ignore_ament_install']
[1.413s] Level 1:colcon.colcon_core.package_identification:_identify(src) by extension 'ignore'
[1.413s] Level 1:colcon.colcon_core.package_identification:_identify(src) by extension 'ignore_ament_install'
[1.413s] Level 1:colcon.colcon_core.package_identification:_identify(src) by extensions ['colcon_pkg']
[1.413s] Level 1:colcon.colcon_core.package_identification:_identify(src) by extension 'colcon_pkg'
[1.413s] Level 1:colcon.colcon_core.package_identification:_identify(src) by extensions ['colcon_meta']
[1.413s] Level 1:colcon.colcon_core.package_identification:_identify(src) by extension 'colcon_meta'
[1.413s] Level 1:colcon.colcon_core.package_identification:_identify(src) by extensions ['ros']
[1.413s] Level 1:colcon.colcon_core.package_identification:_identify(src) by extension 'ros'
[1.414s] Level 1:colcon.colcon_core.package_identification:_identify(src) by extensions ['cmake', 'python']
[1.414s] Level 1:colcon.colcon_core.package_identification:_identify(src) by extension 'cmake'
[1.414s] Level 1:colcon.colcon_core.package_identification:_identify(src) by extension 'python'
[1.414s] Level 1:colcon.colcon_core.package_identification:_identify(src) by extensions ['python_setup_py']
[1.414s] Level 1:colcon.colcon_core.package_identification:_identify(src) by extension 'python_setup_py'
[1.414s] Level 1:colcon.colcon_core.package_identification:_identify(src/ros2_pkg) by extensions ['ignore', 'ignore_ament_install']
[1.414s] Level 1:colcon.colcon_core.package_identification:_identify(src/ros2_pkg) by extension 'ignore'
[1.414s] Level 1:colcon.colcon_core.package_identification:_identify(src/ros2_pkg) by extension 'ignore_ament_install'
[1.414s] Level 1:colcon.colcon_core.package_identification:_identify(src/ros2_pkg) by extensions ['colcon_pkg']
[1.414s] Level 1:colcon.colcon_core.package_identification:_identify(src/ros2_pkg) by extension 'colcon_pkg'
[1.414s] Level 1:colcon.colcon_core.package_identification:_identify(src/ros2_pkg) by extensions ['colcon_meta']
[1.414s] Level 1:colcon.colcon_core.package_identification:_identify(src/ros2_pkg) by extension 'colcon_meta'
[1.414s] Level 1:colcon.colcon_core.package_identification:_identify(src/ros2_pkg) by extensions ['ros']
[1.414s] Level 1:colcon.colcon_core.package_identification:_identify(src/ros2_pkg) by extension 'ros'
[1.418s] DEBUG:colcon.colcon_core.package_identification:Package 'src/ros2_pkg' with type 'ros.ament_cmake' and name 'ros2_pkg'
[1.418s] Level 1:colcon.colcon_core.package_discovery:discover_packages(recursive) using defaults
[1.418s] Level 1:colcon.colcon_core.package_discovery:discover_packages(ignore) discover
[1.418s] Level 1:colcon.colcon_core.package_discovery:discover_packages(ignore) using defaults
[1.418s] Level 1:colcon.colcon_core.package_discovery:discover_packages(path) discover
[1.418s] Level 1:colcon.colcon_core.package_discovery:discover_packages(path) using defaults
[1.525s] Level 1:colcon.colcon_core.package_discovery:discover_packages(prefix_path) check parameters
[1.525s] Level 1:colcon.colcon_core.package_discovery:discover_packages(prefix_path) discover
[1.559s] DEBUG:colcon.colcon_installed_package_information.package_discovery:Found 1 installed packages in /home/dex/workspace/ROS_Project1/install
[1.577s] DEBUG:colcon.colcon_installed_package_information.package_discovery:Found 270 installed packages in /opt/ros/humble
[1.578s] Level 1:colcon.colcon_core.package_discovery:discover_packages(prefix_path) using defaults
[1.680s] Level 5:colcon.colcon_core.verb:set package 'ros2_pkg' build argument 'cmake_args' from command line to 'None'
[1.680s] Level 5:colcon.colcon_core.verb:set package 'ros2_pkg' build argument 'cmake_target' from command line to 'None'
[1.681s] Level 5:colcon.colcon_core.verb:set package 'ros2_pkg' build argument 'cmake_target_skip_unavailable' from command line to 'False'
[1.681s] Level 5:colcon.colcon_core.verb:set package 'ros2_pkg' build argument 'cmake_clean_cache' from command line to 'False'
[1.681s] Level 5:colcon.colcon_core.verb:set package 'ros2_pkg' build argument 'cmake_clean_first' from command line to 'False'
[1.681s] Level 5:colcon.colcon_core.verb:set package 'ros2_pkg' build argument 'cmake_force_configure' from command line to 'False'
[1.681s] Level 5:colcon.colcon_core.verb:set package 'ros2_pkg' build argument 'ament_cmake_args' from command line to 'None'
[1.681s] Level 5:colcon.colcon_core.verb:set package 'ros2_pkg' build argument 'catkin_cmake_args' from command line to 'None'
[1.681s] Level 5:colcon.colcon_core.verb:set package 'ros2_pkg' build argument 'catkin_skip_building_tests' from command line to 'False'
[1.681s] DEBUG:colcon.colcon_core.verb:Building package 'ros2_pkg' with the following arguments: {'ament_cmake_args': None, 'build_base': '/home/dex/workspace/ROS_Project1/build/ros2_pkg', 'catkin_cmake_args': None, 'catkin_skip_building_tests': False, 'cmake_args': None, 'cmake_clean_cache': False, 'cmake_clean_first': False, 'cmake_force_configure': False, 'cmake_target': None, 'cmake_target_skip_unavailable': False, 'install_base': '/home/dex/workspace/ROS_Project1/install/ros2_pkg', 'merge_install': False, 'path': '/home/dex/workspace/ROS_Project1/src/ros2_pkg', 'symlink_install': True, 'test_result_base': None}
[1.698s] INFO:colcon.colcon_core.executor:Executing jobs using 'parallel' executor
[1.716s] DEBUG:colcon.colcon_parallel_executor.executor.parallel:run_until_complete
[1.716s] INFO:colcon.colcon_ros.task.ament_cmake.build:Building ROS package in '/home/dex/workspace/ROS_Project1/src/ros2_pkg' with build type 'ament_cmake'
[1.717s] INFO:colcon.colcon_cmake.task.cmake.build:Building CMake package in '/home/dex/workspace/ROS_Project1/src/ros2_pkg'
[1.745s] INFO:colcon.colcon_core.plugin_system:Skipping extension 'colcon_core.shell.bat': Not used on non-Windows systems
[1.746s] INFO:colcon.colcon_core.shell:Skip shell extension 'powershell' for command environment: Not usable outside of PowerShell
[1.746s] DEBUG:colcon.colcon_core.shell:Skip shell extension 'dsv' for command environment
[1.835s] DEBUG:colcon.colcon_core.event_handler.log_command:Invoking command in '/home/dex/workspace/ROS_Project1/build/ros2_pkg': CMAKE_PREFIX_PATH=${CMAKE_PREFIX_PATH}:/opt/ros/humble /usr/bin/cmake --build /home/dex/workspace/ROS_Project1/build/ros2_pkg -- -j2 -l2
[2.038s] DEBUG:colcon.colcon_core.event_handler.log_command:Invoked command in '/home/dex/workspace/ROS_Project1/build/ros2_pkg' returned '0': CMAKE_PREFIX_PATH=${CMAKE_PREFIX_PATH}:/opt/ros/humble /usr/bin/cmake --build /home/dex/workspace/ROS_Project1/build/ros2_pkg -- -j2 -l2
[2.121s] DEBUG:colcon.colcon_core.event_handler.log_command:Invoking command in '/home/dex/workspace/ROS_Project1/build/ros2_pkg': CMAKE_PREFIX_PATH=${CMAKE_PREFIX_PATH}:/opt/ros/humble /usr/bin/cmake --install /home/dex/workspace/ROS_Project1/build/ros2_pkg
[2.175s] Level 1:colcon.colcon_core.environment:create_environment_scripts_only(ros2_pkg)
[2.177s] DEBUG:colcon.colcon_core.event_handler.log_command:Invoked command in '/home/dex/workspace/ROS_Project1/build/ros2_pkg' returned '0': CMAKE_PREFIX_PATH=${CMAKE_PREFIX_PATH}:/opt/ros/humble /usr/bin/cmake --install /home/dex/workspace/ROS_Project1/build/ros2_pkg
[2.198s] Level 1:colcon.colcon_core.environment:checking '/home/dex/workspace/ROS_Project1/install/ros2_pkg' for CMake module files
[2.199s] Level 1:colcon.colcon_core.environment:checking '/home/dex/workspace/ROS_Project1/install/ros2_pkg' for CMake config files
[2.199s] Level 1:colcon.colcon_core.shell:create_environment_hook('ros2_pkg', 'cmake_prefix_path')
[2.219s] INFO:colcon.colcon_core.shell:Creating environment hook '/home/dex/workspace/ROS_Project1/install/ros2_pkg/share/ros2_pkg/hook/cmake_prefix_path.ps1'
[2.222s] INFO:colcon.colcon_core.shell:Creating environment descriptor '/home/dex/workspace/ROS_Project1/install/ros2_pkg/share/ros2_pkg/hook/cmake_prefix_path.dsv'
[2.223s] INFO:colcon.colcon_core.shell:Creating environment hook '/home/dex/workspace/ROS_Project1/install/ros2_pkg/share/ros2_pkg/hook/cmake_prefix_path.sh'
[2.224s] Level 1:colcon.colcon_core.environment:checking '/home/dex/workspace/ROS_Project1/install/ros2_pkg/lib'
[2.224s] Level 1:colcon.colcon_core.environment:checking '/home/dex/workspace/ROS_Project1/install/ros2_pkg/bin'
[2.224s] Level 1:colcon.colcon_core.environment:checking '/home/dex/workspace/ROS_Project1/install/ros2_pkg/lib/pkgconfig/ros2_pkg.pc'
[2.224s] Level 1:colcon.colcon_core.environment:checking '/home/dex/workspace/ROS_Project1/install/ros2_pkg/lib/python3.10/site-packages'
[2.225s] Level 1:colcon.colcon_core.environment:checking '/home/dex/workspace/ROS_Project1/install/ros2_pkg/bin'
[2.245s] INFO:colcon.colcon_core.shell:Creating package script '/home/dex/workspace/ROS_Project1/install/ros2_pkg/share/ros2_pkg/package.ps1'
[2.246s] INFO:colcon.colcon_core.shell:Creating package descriptor '/home/dex/workspace/ROS_Project1/install/ros2_pkg/share/ros2_pkg/package.dsv'
[2.250s] INFO:colcon.colcon_core.shell:Creating package script '/home/dex/workspace/ROS_Project1/install/ros2_pkg/share/ros2_pkg/package.sh'
[2.253s] INFO:colcon.colcon_core.shell:Creating package script '/home/dex/workspace/ROS_Project1/install/ros2_pkg/share/ros2_pkg/package.bash'
[2.261s] INFO:colcon.colcon_core.shell:Creating package script '/home/dex/workspace/ROS_Project1/install/ros2_pkg/share/ros2_pkg/package.zsh'
[2.262s] Level 1:colcon.colcon_core.environment:create_file_with_runtime_dependencies(/home/dex/workspace/ROS_Project1/install/ros2_pkg/share/colcon-core/packages/ros2_pkg)
[2.343s] Level 1:colcon.colcon_core.environment:create_environment_scripts_only(ros2_pkg)
[2.365s] Level 1:colcon.colcon_core.environment:checking '/home/dex/workspace/ROS_Project1/install/ros2_pkg' for CMake module files
[2.366s] Level 1:colcon.colcon_core.environment:checking '/home/dex/workspace/ROS_Project1/install/ros2_pkg' for CMake config files
[2.367s] Level 1:colcon.colcon_core.shell:create_environment_hook('ros2_pkg', 'cmake_prefix_path')
[2.384s] INFO:colcon.colcon_core.shell:Creating environment hook '/home/dex/workspace/ROS_Project1/install/ros2_pkg/share/ros2_pkg/hook/cmake_prefix_path.ps1'
[2.386s] INFO:colcon.colcon_core.shell:Creating environment descriptor '/home/dex/workspace/ROS_Project1/install/ros2_pkg/share/ros2_pkg/hook/cmake_prefix_path.dsv'
[2.388s] INFO:colcon.colcon_core.shell:Creating environment hook '/home/dex/workspace/ROS_Project1/install/ros2_pkg/share/ros2_pkg/hook/cmake_prefix_path.sh'
[2.390s] Level 1:colcon.colcon_core.environment:checking '/home/dex/workspace/ROS_Project1/install/ros2_pkg/lib'
[2.390s] Level 1:colcon.colcon_core.environment:checking '/home/dex/workspace/ROS_Project1/install/ros2_pkg/bin'
[2.390s] Level 1:colcon.colcon_core.environment:checking '/home/dex/workspace/ROS_Project1/install/ros2_pkg/lib/pkgconfig/ros2_pkg.pc'
[2.390s] Level 1:colcon.colcon_core.environment:checking '/home/dex/workspace/ROS_Project1/install/ros2_pkg/lib/python3.10/site-packages'
[2.391s] Level 1:colcon.colcon_core.environment:checking '/home/dex/workspace/ROS_Project1/install/ros2_pkg/bin'
[2.407s] INFO:colcon.colcon_core.shell:Creating package script '/home/dex/workspace/ROS_Project1/install/ros2_pkg/share/ros2_pkg/package.ps1'
[2.408s] INFO:colcon.colcon_core.shell:Creating package descriptor '/home/dex/workspace/ROS_Project1/install/ros2_pkg/share/ros2_pkg/package.dsv'
[2.409s] INFO:colcon.colcon_core.shell:Creating package script '/home/dex/workspace/ROS_Project1/install/ros2_pkg/share/ros2_pkg/package.sh'
[2.410s] INFO:colcon.colcon_core.shell:Creating package script '/home/dex/workspace/ROS_Project1/install/ros2_pkg/share/ros2_pkg/package.bash'
[2.411s] INFO:colcon.colcon_core.shell:Creating package script '/home/dex/workspace/ROS_Project1/install/ros2_pkg/share/ros2_pkg/package.zsh'
[2.412s] Level 1:colcon.colcon_core.environment:create_file_with_runtime_dependencies(/home/dex/workspace/ROS_Project1/install/ros2_pkg/share/colcon-core/packages/ros2_pkg)
[2.412s] DEBUG:colcon.colcon_parallel_executor.executor.parallel:closing loop
[2.413s] DEBUG:colcon.colcon_parallel_executor.executor.parallel:loop closed
[2.413s] DEBUG:colcon.colcon_parallel_executor.executor.parallel:run_until_complete finished with '0'
[2.413s] DEBUG:colcon.colcon_core.event_reactor:joining thread
[2.447s] INFO:colcon.colcon_core.plugin_system:Skipping extension 'colcon_notification.desktop_notification.terminal_notifier': Not used on non-Darwin systems
[2.447s] INFO:colcon.colcon_core.plugin_system:Skipping extension 'colcon_notification.desktop_notification.win32': Not used on non-Windows systems
[2.448s] INFO:colcon.colcon_notification.desktop_notification:Sending desktop notification using 'notify2'
[2.466s] DEBUG:colcon.colcon_core.event_reactor:joined thread
[2.502s] INFO:colcon.colcon_core.shell:Creating prefix script '/home/dex/workspace/ROS_Project1/install/local_setup.ps1'
[2.504s] INFO:colcon.colcon_core.shell:Creating prefix util module '/home/dex/workspace/ROS_Project1/install/_local_setup_util_ps1.py'
[2.508s] INFO:colcon.colcon_core.shell:Creating prefix chain script '/home/dex/workspace/ROS_Project1/install/setup.ps1'
[2.527s] INFO:colcon.colcon_core.shell:Creating prefix script '/home/dex/workspace/ROS_Project1/install/local_setup.sh'
[2.528s] INFO:colcon.colcon_core.shell:Creating prefix util module '/home/dex/workspace/ROS_Project1/install/_local_setup_util_sh.py'
[2.528s] INFO:colcon.colcon_core.shell:Creating prefix chain script '/home/dex/workspace/ROS_Project1/install/setup.sh'
[2.547s] INFO:colcon.colcon_core.shell:Creating prefix script '/home/dex/workspace/ROS_Project1/install/local_setup.bash'
[2.548s] INFO:colcon.colcon_core.shell:Creating prefix chain script '/home/dex/workspace/ROS_Project1/install/setup.bash'
[2.567s] INFO:colcon.colcon_core.shell:Creating prefix script '/home/dex/workspace/ROS_Project1/install/local_setup.zsh'
[2.568s] INFO:colcon.colcon_core.shell:Creating prefix chain script '/home/dex/workspace/ROS_Project1/install/setup.zsh'
