[0.138s] Invoking command in '/home/dex/workspace/ROS_Project1/build/ros2_pkg': CMAKE_PREFIX_PATH=/opt/ros/humble /usr/bin/cmake --build /home/dex/workspace/ROS_Project1/build/ros2_pkg -- -j2 -l2
[0.213s] -- Found ament_cmake: 1.3.8 (/opt/ros/humble/share/ament_cmake/cmake)
[0.477s] -- Found rclcpp: 16.0.8 (/opt/ros/humble/share/rclcpp/cmake)
[0.538s] -- Found rosidl_generator_c: 3.1.5 (/opt/ros/humble/share/rosidl_generator_c/cmake)
[0.543s] -- Found rosidl_adapter: 3.1.5 (/opt/ros/humble/share/rosidl_adapter/cmake)
[0.558s] -- Found rosidl_generator_cpp: 3.1.5 (/opt/ros/humble/share/rosidl_generator_cpp/cmake)
[0.582s] -- Using all available rosidl_typesupport_c: rosidl_typesupport_fastrtps_c;rosidl_typesupport_introspection_c
[0.610s] -- Using all available rosidl_typesupport_cpp: rosidl_typesupport_fastrtps_cpp;rosidl_typesupport_introspection_cpp
[0.726s] -- Found rmw_implementation_cmake: 6.1.1 (/opt/ros/humble/share/rmw_implementation_cmake/cmake)
[0.729s] -- Found rmw_fastrtps_cpp: 6.2.6 (/opt/ros/humble/share/rmw_fastrtps_cpp/cmake)
[0.967s] -- Using RMW implementation 'rmw_fastrtps_cpp' as default
[1.250s] [31mCMake Error at CMakeLists.txt:19 (install):
[1.250s]   install does not recognize sub-command TARGET
[1.250s] 
[1.251s] [0m
[1.265s] -- Found ament_lint_auto: 0.12.10 (/opt/ros/humble/share/ament_lint_auto/cmake)
[1.441s] -- Added test 'cppcheck' to perform static code analysis on C / C++ code
[1.442s] -- Configured cppcheck include dirs: 
[1.443s] -- Configured cppcheck exclude dirs and/or files: 
[1.448s] -- Added test 'lint_cmake' to check CMake code style
[1.452s] -- Added test 'uncrustify' to check C / C++ code style
[1.453s] -- Configured uncrustify additional arguments: 
[1.455s] -- Added test 'xmllint' to check XML markup files
[1.464s] -- Configuring incomplete, errors occurred!
[1.465s] See also "/home/dex/workspace/ROS_Project1/build/ros2_pkg/CMakeFiles/CMakeOutput.log".
[1.474s] gmake: *** [Makefile:226: cmake_check_build_system] Error 1
[1.479s] Invoked command in '/home/dex/workspace/ROS_Project1/build/ros2_pkg' returned '2': CMAKE_PREFIX_PATH=/opt/ros/humble /usr/bin/cmake --build /home/dex/workspace/ROS_Project1/build/ros2_pkg -- -j2 -l2
