[0.139s] Invoking command in '/home/dex/workspace/ROS_Project1/build/ros2_pkg': CMAKE_PREFIX_PATH=${CMAKE_PREFIX_PATH}:/opt/ros/humble /usr/bin/cmake --build /home/dex/workspace/ROS_Project1/build/ros2_pkg -- -j2 -l2
[0.308s] [35m[1mConsolidate compiler generated dependencies of target subscriber[0m
[0.358s] [ 50%] Built target publisher
[0.377s] [100%] Built target subscriber
[0.408s] Invoked command in '/home/dex/workspace/ROS_Project1/build/ros2_pkg' returned '0': CMAKE_PREFIX_PATH=${CMAKE_PREFIX_PATH}:/opt/ros/humble /usr/bin/cmake --build /home/dex/workspace/ROS_Project1/build/ros2_pkg -- -j2 -l2
[0.619s] Invoking command in '/home/dex/workspace/ROS_Project1/build/ros2_pkg': CMAKE_PREFIX_PATH=${CMAKE_PREFIX_PATH}:/opt/ros/humble /usr/bin/cmake --install /home/dex/workspace/ROS_Project1/build/ros2_pkg
[0.657s] -- Install configuration: ""
[0.663s] -- Execute custom install script
[0.665s] -- Up-to-date symlink: /home/dex/workspace/ROS_Project1/install/ros2_pkg/lib/ros2_pkg/publisher
[0.668s] -- Up-to-date symlink: /home/dex/workspace/ROS_Project1/install/ros2_pkg/lib/ros2_pkg/subscriber
[0.668s] -- Up-to-date symlink: /home/dex/workspace/ROS_Project1/install/ros2_pkg/share/ament_index/resource_index/package_run_dependencies/ros2_pkg
[0.668s] -- Up-to-date symlink: /home/dex/workspace/ROS_Project1/install/ros2_pkg/share/ament_index/resource_index/parent_prefix_path/ros2_pkg
[0.669s] -- Up-to-date symlink: /home/dex/workspace/ROS_Project1/install/ros2_pkg/share/ros2_pkg/environment/ament_prefix_path.sh
[0.669s] -- Up-to-date symlink: /home/dex/workspace/ROS_Project1/install/ros2_pkg/share/ros2_pkg/environment/ament_prefix_path.dsv
[0.669s] -- Up-to-date symlink: /home/dex/workspace/ROS_Project1/install/ros2_pkg/share/ros2_pkg/environment/path.sh
[0.670s] -- Up-to-date symlink: /home/dex/workspace/ROS_Project1/install/ros2_pkg/share/ros2_pkg/environment/path.dsv
[0.670s] -- Up-to-date symlink: /home/dex/workspace/ROS_Project1/install/ros2_pkg/share/ros2_pkg/local_setup.bash
[0.672s] -- Up-to-date symlink: /home/dex/workspace/ROS_Project1/install/ros2_pkg/share/ros2_pkg/local_setup.sh
[0.672s] -- Up-to-date symlink: /home/dex/workspace/ROS_Project1/install/ros2_pkg/share/ros2_pkg/local_setup.zsh
[0.673s] -- Up-to-date symlink: /home/dex/workspace/ROS_Project1/install/ros2_pkg/share/ros2_pkg/local_setup.dsv
[0.673s] -- Symlinking: /home/dex/workspace/ROS_Project1/install/ros2_pkg/share/ros2_pkg/package.dsv
[0.697s] -- Up-to-date symlink: /home/dex/workspace/ROS_Project1/install/ros2_pkg/share/ament_index/resource_index/packages/ros2_pkg
[0.699s] -- Up-to-date symlink: /home/dex/workspace/ROS_Project1/install/ros2_pkg/share/ros2_pkg/cmake/ros2_pkgConfig.cmake
[0.699s] -- Up-to-date symlink: /home/dex/workspace/ROS_Project1/install/ros2_pkg/share/ros2_pkg/cmake/ros2_pkgConfig-version.cmake
[0.699s] -- Up-to-date symlink: /home/dex/workspace/ROS_Project1/install/ros2_pkg/share/ros2_pkg/package.xml
[0.711s] Invoked command in '/home/dex/workspace/ROS_Project1/build/ros2_pkg' returned '0': CMAKE_PREFIX_PATH=${CMAKE_PREFIX_PATH}:/opt/ros/humble /usr/bin/cmake --install /home/dex/workspace/ROS_Project1/build/ros2_pkg
