[0.000000] (-) TimerEvent: {}
[0.000980] (ros2_pkg) JobQueued: {'identifier': 'ros2_pkg', 'dependencies': OrderedDict()}
[0.001505] (ros2_pkg) JobStarted: {'identifier': 'ros2_pkg'}
[0.100539] (-) TimerEvent: {}
[0.201794] (-) TimerEvent: {}
[0.231313] (ros2_pkg) JobProgress: {'identifier': 'ros2_pkg', 'progress': 'cmake'}
[0.234570] (ros2_pkg) JobProgress: {'identifier': 'ros2_pkg', 'progress': 'build'}
[0.236277] (ros2_pkg) Command: {'cmd': ['/usr/bin/cmake', '--build', '/home/dex/workspace/ROS_Project1/build/ros2_pkg', '--', '-j2', '-l2'], 'cwd': '/home/dex/workspace/ROS_Project1/build/ros2_pkg', 'env': OrderedDict([('GJS_DEBUG_TOPICS', 'JS ERROR;JS LOG'), ('LESSOPEN', '| /usr/bin/lesspipe %s'), ('LANGUAGE', 'en_IN:en'), ('USER', 'dex'), ('GIO_MODULE_DIR', '/home/dex/snap/code/common/.cache/gio-modules'), ('XDG_SESSION_TYPE', 'wayland'), ('GIT_ASKPASS', '/snap/code/155/usr/share/code/resources/app/extensions/git/dist/askpass.sh'), ('GTK_EXE_PREFIX_VSCODE_SNAP_ORIG', ''), ('GDK_BACKEND_VSCODE_SNAP_ORIG', ''), ('SHLVL', '0'), ('LD_LIBRARY_PATH', '/opt/ros/humble/opt/rviz_ogre_vendor/lib:/opt/ros/humble/lib/x86_64-linux-gnu:/opt/ros/humble/lib'), ('HOME', '/home/dex'), ('CHROME_DESKTOP', 'code-url-handler.desktop'), ('LOCPATH_VSCODE_SNAP_ORIG', ''), ('TERM_PROGRAM_VERSION', '1.87.2'), ('DESKTOP_SESSION', 'ubuntu'), ('GTK_PATH', '/snap/code/155/usr/lib/x86_64-linux-gnu/gtk-3.0'), ('GTK_IM_MODULE_FILE', '/home/dex/snap/code/common/.cache/immodules/immodules.cache'), ('GIO_LAUNCHED_DESKTOP_FILE', '/var/lib/snapd/desktop/applications/code_code.desktop'), ('ROS_PYTHON_VERSION', '3'), ('GNOME_SHELL_SESSION_MODE', 'ubuntu'), ('GTK_MODULES', 'gail:atk-bridge'), ('GSETTINGS_SCHEMA_DIR_VSCODE_SNAP_ORIG', ''), ('VSCODE_GIT_ASKPASS_MAIN', '/snap/code/155/usr/share/code/resources/app/extensions/git/dist/askpass-main.js'), ('VSCODE_GIT_ASKPASS_NODE', '/snap/code/155/usr/share/code/code'), ('MANAGERPID', '977'), ('SYSTEMD_EXEC_PID', '1260'), ('IM_CONFIG_CHECK_ENV', '1'), ('DBUS_SESSION_BUS_ADDRESS', 'unix:path=/run/user/1000/bus'), ('COLORTERM', 'truecolor'), ('GIO_LAUNCHED_DESKTOP_FILE_PID', '2294'), ('_colcon_cd_root', '/opt/ros/humble/'), ('IM_CONFIG_PHASE', '1'), ('WAYLAND_DISPLAY', 'wayland-0'), ('COLCON_PREFIX_PATH', '/home/dex/workspace/ROS_Project1/install'), ('ROS_DISTRO', 'humble'), ('LOGNAME', 'dex'), ('JOURNAL_STREAM', '8:34290'), ('_', '/usr/bin/colcon'), ('ROS_VERSION', '2'), ('XDG_CONFIG_DIRS_VSCODE_SNAP_ORIG', '/etc/xdg/xdg-ubuntu:/etc/xdg'), ('XDG_SESSION_CLASS', 'user'), ('XDG_DATA_DIRS_VSCODE_SNAP_ORIG', '/usr/share/ubuntu:/usr/local/share/:/usr/share/:/var/lib/snapd/desktop'), ('USERNAME', 'dex'), ('TERM', 'xterm-256color'), ('GNOME_DESKTOP_SESSION_ID', 'this-is-deprecated'), ('ROS_LOCALHOST_ONLY', '0'), ('PATH', '/opt/ros/humble/bin:/usr/local/sbin:/usr/local/bin:/usr/sbin:/usr/bin:/sbin:/bin:/usr/games:/usr/local/games:/snap/bin:/snap/bin'), ('SESSION_MANAGER', 'local/vm:@/tmp/.ICE-unix/1224,unix/vm:/tmp/.ICE-unix/1224'), ('GTK_EXE_PREFIX', '/snap/code/155/usr'), ('INVOCATION_ID', '0a69889653eb47a888a744f81a02142e'), ('XDG_MENU_PREFIX', 'gnome-'), ('BAMF_DESKTOP_FILE_HINT', '/var/lib/snapd/desktop/applications/code_code.desktop'), ('GNOME_SETUP_DISPLAY', ':1'), ('XDG_RUNTIME_DIR', '/run/user/1000'), ('GDK_BACKEND', 'x11'), ('DISPLAY', ':0'), ('LOCPATH', '/snap/code/155/usr/lib/locale'), ('LANG', 'en_US.UTF-8'), ('XDG_CURRENT_DESKTOP', 'Unity'), ('GIO_MODULE_DIR_VSCODE_SNAP_ORIG', ''), ('XMODIFIERS', '@im=ibus'), ('XDG_SESSION_DESKTOP', 'ubuntu'), ('XAUTHORITY', '/run/user/1000/.mutter-Xwaylandauth.3YG0K2'), ('LS_COLORS', ''), ('VSCODE_GIT_IPC_HANDLE', '/run/user/1000/vscode-git-25367c983e.sock'), ('TERM_PROGRAM', 'vscode'), ('SSH_AGENT_LAUNCHER', 'gnome-keyring'), ('SSH_AUTH_SOCK', '/run/user/1000/keyring/ssh'), ('GSETTINGS_SCHEMA_DIR', '/home/dex/snap/code/155/.local/share/glib-2.0/schemas'), ('AMENT_PREFIX_PATH', '/home/dex/workspace/ROS_Project1/install/ros2_pkg:/opt/ros/humble'), ('ORIGINAL_XDG_CURRENT_DESKTOP', 'ubuntu:GNOME'), ('SHELL', '/bin/bash'), ('QT_ACCESSIBILITY', '1'), ('GDMSESSION', 'ubuntu'), ('LESSCLOSE', '/usr/bin/lesspipe %s %s'), ('GTK_PATH_VSCODE_SNAP_ORIG', ''), ('GTK_IM_MODULE_FILE_VSCODE_SNAP_ORIG', ''), ('GJS_DEBUG_OUTPUT', 'stderr'), ('VSCODE_GIT_ASKPASS_EXTRA_ARGS', ''), ('QT_IM_MODULE', 'ibus'), ('PWD', '/home/dex/workspace/ROS_Project1/build/ros2_pkg'), ('LC_ALL', 'en_US.UTF-8'), ('XDG_CONFIG_DIRS', '/etc/xdg/xdg-ubuntu:/etc/xdg'), ('XDG_DATA_DIRS', '/home/dex/snap/code/155/.local/share:/home/dex/snap/code/155:/snap/code/155/usr/share:/usr/share/ubuntu:/usr/local/share/:/usr/share/:/var/lib/snapd/desktop'), ('PYTHONPATH', '/opt/ros/humble/lib/python3.10/site-packages:/opt/ros/humble/local/lib/python3.10/dist-packages'), ('COLCON', '1'), ('CMAKE_PREFIX_PATH', '/home/dex/workspace/ROS_Project1/install/ros2_pkg:/opt/ros/humble')]), 'shell': False}
[0.302011] (-) TimerEvent: {}
[0.402802] (-) TimerEvent: {}
[0.503646] (-) TimerEvent: {}
[0.604924] (-) TimerEvent: {}
[0.705017] (ros2_pkg) StdoutLine: {'line': b'[ 50%] Built target publisher\n'}
[0.705891] (-) TimerEvent: {}
[0.808497] (-) TimerEvent: {}
[0.861809] (ros2_pkg) StdoutLine: {'line': b'[ 75%] \x1b[32mBuilding CXX object CMakeFiles/subscriber.dir/src/subscriber.cpp.o\x1b[0m\n'}
[0.908936] (-) TimerEvent: {}
[1.009558] (-) TimerEvent: {}
[1.109948] (-) TimerEvent: {}
[1.210328] (-) TimerEvent: {}
[1.310749] (-) TimerEvent: {}
[1.411553] (-) TimerEvent: {}
[1.511917] (-) TimerEvent: {}
[1.612675] (-) TimerEvent: {}
[1.713092] (-) TimerEvent: {}
[1.813824] (-) TimerEvent: {}
[1.914477] (-) TimerEvent: {}
[2.014881] (-) TimerEvent: {}
[2.115356] (-) TimerEvent: {}
[2.215804] (-) TimerEvent: {}
[2.316276] (-) TimerEvent: {}
[2.420176] (-) TimerEvent: {}
[2.520808] (-) TimerEvent: {}
[2.621548] (-) TimerEvent: {}
[2.722345] (-) TimerEvent: {}
[2.822872] (-) TimerEvent: {}
[2.923369] (-) TimerEvent: {}
[3.023793] (-) TimerEvent: {}
[3.124536] (-) TimerEvent: {}
[3.224952] (-) TimerEvent: {}
[3.325551] (-) TimerEvent: {}
[3.425988] (-) TimerEvent: {}
[3.526462] (-) TimerEvent: {}
[3.626904] (-) TimerEvent: {}
[3.727403] (-) TimerEvent: {}
[3.828570] (-) TimerEvent: {}
[3.929238] (-) TimerEvent: {}
[4.030152] (-) TimerEvent: {}
[4.130786] (-) TimerEvent: {}
[4.231373] (-) TimerEvent: {}
[4.332154] (-) TimerEvent: {}
[4.432888] (-) TimerEvent: {}
[4.533542] (-) TimerEvent: {}
[4.634006] (-) TimerEvent: {}
[4.734427] (-) TimerEvent: {}
[4.834852] (-) TimerEvent: {}
[4.935245] (-) TimerEvent: {}
[5.035574] (-) TimerEvent: {}
[5.135942] (-) TimerEvent: {}
[5.236352] (-) TimerEvent: {}
[5.336722] (-) TimerEvent: {}
[5.437106] (-) TimerEvent: {}
[5.537515] (-) TimerEvent: {}
[5.638006] (-) TimerEvent: {}
[5.738394] (-) TimerEvent: {}
[5.838772] (-) TimerEvent: {}
[5.939191] (-) TimerEvent: {}
[6.039648] (-) TimerEvent: {}
[6.140046] (-) TimerEvent: {}
[6.240552] (-) TimerEvent: {}
[6.340998] (-) TimerEvent: {}
[6.441515] (-) TimerEvent: {}
[6.541895] (-) TimerEvent: {}
[6.642309] (-) TimerEvent: {}
[6.742824] (-) TimerEvent: {}
[6.843251] (-) TimerEvent: {}
[6.943721] (-) TimerEvent: {}
[7.044290] (-) TimerEvent: {}
[7.144752] (-) TimerEvent: {}
[7.245118] (-) TimerEvent: {}
[7.345504] (-) TimerEvent: {}
[7.446066] (-) TimerEvent: {}
[7.546510] (-) TimerEvent: {}
[7.647018] (-) TimerEvent: {}
[7.747806] (-) TimerEvent: {}
[7.848267] (-) TimerEvent: {}
[7.948733] (-) TimerEvent: {}
[8.049216] (-) TimerEvent: {}
[8.149604] (-) TimerEvent: {}
[8.250280] (-) TimerEvent: {}
[8.351079] (-) TimerEvent: {}
[8.452012] (-) TimerEvent: {}
[8.552419] (-) TimerEvent: {}
[8.652787] (-) TimerEvent: {}
[8.753244] (-) TimerEvent: {}
[8.853696] (-) TimerEvent: {}
[8.954157] (-) TimerEvent: {}
[9.054683] (-) TimerEvent: {}
[9.155137] (-) TimerEvent: {}
[9.255564] (-) TimerEvent: {}
[9.356025] (-) TimerEvent: {}
[9.456442] (-) TimerEvent: {}
[9.556906] (-) TimerEvent: {}
[9.657373] (-) TimerEvent: {}
[9.757807] (-) TimerEvent: {}
[9.858261] (-) TimerEvent: {}
[9.958652] (-) TimerEvent: {}
[10.059032] (-) TimerEvent: {}
[10.159483] (-) TimerEvent: {}
[10.259908] (-) TimerEvent: {}
[10.361289] (-) TimerEvent: {}
[10.461810] (-) TimerEvent: {}
[10.562280] (-) TimerEvent: {}
[10.662697] (-) TimerEvent: {}
[10.763200] (-) TimerEvent: {}
[10.863629] (-) TimerEvent: {}
[10.964275] (-) TimerEvent: {}
[11.064722] (-) TimerEvent: {}
[11.165195] (-) TimerEvent: {}
[11.265753] (-) TimerEvent: {}
[11.366342] (-) TimerEvent: {}
[11.466997] (-) TimerEvent: {}
[11.567444] (-) TimerEvent: {}
[11.667918] (-) TimerEvent: {}
[11.768631] (-) TimerEvent: {}
[11.869025] (-) TimerEvent: {}
[11.969405] (-) TimerEvent: {}
[12.069857] (-) TimerEvent: {}
[12.170589] (-) TimerEvent: {}
[12.270984] (-) TimerEvent: {}
[12.371418] (-) TimerEvent: {}
[12.472267] (-) TimerEvent: {}
[12.572737] (-) TimerEvent: {}
[12.673578] (-) TimerEvent: {}
[12.774725] (-) TimerEvent: {}
[12.875478] (-) TimerEvent: {}
[12.975878] (-) TimerEvent: {}
[13.076251] (-) TimerEvent: {}
[13.176734] (-) TimerEvent: {}
[13.277100] (-) TimerEvent: {}
[13.377562] (-) TimerEvent: {}
[13.477927] (-) TimerEvent: {}
[13.578322] (-) TimerEvent: {}
[13.678767] (-) TimerEvent: {}
[13.779181] (-) TimerEvent: {}
[13.879641] (-) TimerEvent: {}
[13.980109] (-) TimerEvent: {}
[14.080471] (-) TimerEvent: {}
[14.180923] (-) TimerEvent: {}
[14.281282] (-) TimerEvent: {}
[14.381749] (-) TimerEvent: {}
[14.482113] (-) TimerEvent: {}
[14.582492] (-) TimerEvent: {}
[14.682885] (-) TimerEvent: {}
[14.783363] (-) TimerEvent: {}
[14.883781] (-) TimerEvent: {}
[14.984905] (-) TimerEvent: {}
[15.085377] (-) TimerEvent: {}
[15.185803] (-) TimerEvent: {}
[15.286176] (-) TimerEvent: {}
[15.386624] (-) TimerEvent: {}
[15.487080] (-) TimerEvent: {}
[15.587507] (-) TimerEvent: {}
[15.688346] (-) TimerEvent: {}
[15.790360] (-) TimerEvent: {}
[15.891063] (-) TimerEvent: {}
[15.993038] (-) TimerEvent: {}
[16.094060] (-) TimerEvent: {}
[16.195925] (-) TimerEvent: {}
[16.296480] (-) TimerEvent: {}
[16.398132] (-) TimerEvent: {}
[16.499382] (-) TimerEvent: {}
[16.600378] (-) TimerEvent: {}
[16.700887] (-) TimerEvent: {}
[16.801339] (-) TimerEvent: {}
[16.901803] (-) TimerEvent: {}
[17.002283] (-) TimerEvent: {}
[17.102735] (-) TimerEvent: {}
[17.203093] (-) TimerEvent: {}
[17.303529] (-) TimerEvent: {}
[17.403916] (-) TimerEvent: {}
[17.504588] (-) TimerEvent: {}
[17.605004] (-) TimerEvent: {}
[17.705525] (-) TimerEvent: {}
[17.805966] (-) TimerEvent: {}
[17.906410] (-) TimerEvent: {}
[18.008007] (-) TimerEvent: {}
[18.108455] (-) TimerEvent: {}
[18.208858] (-) TimerEvent: {}
[18.309431] (-) TimerEvent: {}
[18.409898] (-) TimerEvent: {}
[18.510340] (-) TimerEvent: {}
[18.611050] (-) TimerEvent: {}
[18.711445] (-) TimerEvent: {}
[18.811840] (-) TimerEvent: {}
[18.912234] (-) TimerEvent: {}
[19.012620] (-) TimerEvent: {}
[19.113014] (-) TimerEvent: {}
[19.166648] (ros2_pkg) StdoutLine: {'line': b'[100%] \x1b[32m\x1b[1mLinking CXX executable subscriber\x1b[0m\n'}
[19.213168] (-) TimerEvent: {}
[19.313832] (-) TimerEvent: {}
[19.414378] (-) TimerEvent: {}
[19.514904] (-) TimerEvent: {}
[19.616130] (-) TimerEvent: {}
[19.716556] (-) TimerEvent: {}
[19.816948] (-) TimerEvent: {}
[19.918444] (-) TimerEvent: {}
[20.019701] (-) TimerEvent: {}
[20.120689] (-) TimerEvent: {}
[20.221883] (-) TimerEvent: {}
[20.322839] (-) TimerEvent: {}
[20.423912] (-) TimerEvent: {}
[20.508310] (ros2_pkg) StdoutLine: {'line': b'[100%] Built target subscriber\n'}
[20.524040] (-) TimerEvent: {}
[20.549516] (ros2_pkg) CommandEnded: {'returncode': 0}
[20.624924] (-) TimerEvent: {}
[20.725296] (-) TimerEvent: {}
[20.743531] (ros2_pkg) JobProgress: {'identifier': 'ros2_pkg', 'progress': 'install'}
[20.795536] (ros2_pkg) Command: {'cmd': ['/usr/bin/cmake', '--install', '/home/dex/workspace/ROS_Project1/build/ros2_pkg'], 'cwd': '/home/dex/workspace/ROS_Project1/build/ros2_pkg', 'env': OrderedDict([('GJS_DEBUG_TOPICS', 'JS ERROR;JS LOG'), ('LESSOPEN', '| /usr/bin/lesspipe %s'), ('LANGUAGE', 'en_IN:en'), ('USER', 'dex'), ('GIO_MODULE_DIR', '/home/dex/snap/code/common/.cache/gio-modules'), ('XDG_SESSION_TYPE', 'wayland'), ('GIT_ASKPASS', '/snap/code/155/usr/share/code/resources/app/extensions/git/dist/askpass.sh'), ('GTK_EXE_PREFIX_VSCODE_SNAP_ORIG', ''), ('GDK_BACKEND_VSCODE_SNAP_ORIG', ''), ('SHLVL', '0'), ('LD_LIBRARY_PATH', '/opt/ros/humble/opt/rviz_ogre_vendor/lib:/opt/ros/humble/lib/x86_64-linux-gnu:/opt/ros/humble/lib'), ('HOME', '/home/dex'), ('CHROME_DESKTOP', 'code-url-handler.desktop'), ('LOCPATH_VSCODE_SNAP_ORIG', ''), ('TERM_PROGRAM_VERSION', '1.87.2'), ('DESKTOP_SESSION', 'ubuntu'), ('GTK_PATH', '/snap/code/155/usr/lib/x86_64-linux-gnu/gtk-3.0'), ('GTK_IM_MODULE_FILE', '/home/dex/snap/code/common/.cache/immodules/immodules.cache'), ('GIO_LAUNCHED_DESKTOP_FILE', '/var/lib/snapd/desktop/applications/code_code.desktop'), ('ROS_PYTHON_VERSION', '3'), ('GNOME_SHELL_SESSION_MODE', 'ubuntu'), ('GTK_MODULES', 'gail:atk-bridge'), ('GSETTINGS_SCHEMA_DIR_VSCODE_SNAP_ORIG', ''), ('VSCODE_GIT_ASKPASS_MAIN', '/snap/code/155/usr/share/code/resources/app/extensions/git/dist/askpass-main.js'), ('VSCODE_GIT_ASKPASS_NODE', '/snap/code/155/usr/share/code/code'), ('MANAGERPID', '977'), ('SYSTEMD_EXEC_PID', '1260'), ('IM_CONFIG_CHECK_ENV', '1'), ('DBUS_SESSION_BUS_ADDRESS', 'unix:path=/run/user/1000/bus'), ('COLORTERM', 'truecolor'), ('GIO_LAUNCHED_DESKTOP_FILE_PID', '2294'), ('_colcon_cd_root', '/opt/ros/humble/'), ('IM_CONFIG_PHASE', '1'), ('WAYLAND_DISPLAY', 'wayland-0'), ('COLCON_PREFIX_PATH', '/home/dex/workspace/ROS_Project1/install'), ('ROS_DISTRO', 'humble'), ('LOGNAME', 'dex'), ('JOURNAL_STREAM', '8:34290'), ('_', '/usr/bin/colcon'), ('ROS_VERSION', '2'), ('XDG_CONFIG_DIRS_VSCODE_SNAP_ORIG', '/etc/xdg/xdg-ubuntu:/etc/xdg'), ('XDG_SESSION_CLASS', 'user'), ('XDG_DATA_DIRS_VSCODE_SNAP_ORIG', '/usr/share/ubuntu:/usr/local/share/:/usr/share/:/var/lib/snapd/desktop'), ('USERNAME', 'dex'), ('TERM', 'xterm-256color'), ('GNOME_DESKTOP_SESSION_ID', 'this-is-deprecated'), ('ROS_LOCALHOST_ONLY', '0'), ('PATH', '/opt/ros/humble/bin:/usr/local/sbin:/usr/local/bin:/usr/sbin:/usr/bin:/sbin:/bin:/usr/games:/usr/local/games:/snap/bin:/snap/bin'), ('SESSION_MANAGER', 'local/vm:@/tmp/.ICE-unix/1224,unix/vm:/tmp/.ICE-unix/1224'), ('GTK_EXE_PREFIX', '/snap/code/155/usr'), ('INVOCATION_ID', '0a69889653eb47a888a744f81a02142e'), ('XDG_MENU_PREFIX', 'gnome-'), ('BAMF_DESKTOP_FILE_HINT', '/var/lib/snapd/desktop/applications/code_code.desktop'), ('GNOME_SETUP_DISPLAY', ':1'), ('XDG_RUNTIME_DIR', '/run/user/1000'), ('GDK_BACKEND', 'x11'), ('DISPLAY', ':0'), ('LOCPATH', '/snap/code/155/usr/lib/locale'), ('LANG', 'en_US.UTF-8'), ('XDG_CURRENT_DESKTOP', 'Unity'), ('GIO_MODULE_DIR_VSCODE_SNAP_ORIG', ''), ('XMODIFIERS', '@im=ibus'), ('XDG_SESSION_DESKTOP', 'ubuntu'), ('XAUTHORITY', '/run/user/1000/.mutter-Xwaylandauth.3YG0K2'), ('LS_COLORS', ''), ('VSCODE_GIT_IPC_HANDLE', '/run/user/1000/vscode-git-25367c983e.sock'), ('TERM_PROGRAM', 'vscode'), ('SSH_AGENT_LAUNCHER', 'gnome-keyring'), ('SSH_AUTH_SOCK', '/run/user/1000/keyring/ssh'), ('GSETTINGS_SCHEMA_DIR', '/home/dex/snap/code/155/.local/share/glib-2.0/schemas'), ('AMENT_PREFIX_PATH', '/home/dex/workspace/ROS_Project1/install/ros2_pkg:/opt/ros/humble'), ('ORIGINAL_XDG_CURRENT_DESKTOP', 'ubuntu:GNOME'), ('SHELL', '/bin/bash'), ('QT_ACCESSIBILITY', '1'), ('GDMSESSION', 'ubuntu'), ('LESSCLOSE', '/usr/bin/lesspipe %s %s'), ('GTK_PATH_VSCODE_SNAP_ORIG', ''), ('GTK_IM_MODULE_FILE_VSCODE_SNAP_ORIG', ''), ('GJS_DEBUG_OUTPUT', 'stderr'), ('VSCODE_GIT_ASKPASS_EXTRA_ARGS', ''), ('QT_IM_MODULE', 'ibus'), ('PWD', '/home/dex/workspace/ROS_Project1/build/ros2_pkg'), ('LC_ALL', 'en_US.UTF-8'), ('XDG_CONFIG_DIRS', '/etc/xdg/xdg-ubuntu:/etc/xdg'), ('XDG_DATA_DIRS', '/home/dex/snap/code/155/.local/share:/home/dex/snap/code/155:/snap/code/155/usr/share:/usr/share/ubuntu:/usr/local/share/:/usr/share/:/var/lib/snapd/desktop'), ('PYTHONPATH', '/opt/ros/humble/lib/python3.10/site-packages:/opt/ros/humble/local/lib/python3.10/dist-packages'), ('COLCON', '1'), ('CMAKE_PREFIX_PATH', '/home/dex/workspace/ROS_Project1/install/ros2_pkg:/opt/ros/humble')]), 'shell': False}
[20.825789] (-) TimerEvent: {}
[20.851166] (ros2_pkg) StdoutLine: {'line': b'-- Install configuration: ""\n'}
[20.856980] (ros2_pkg) StdoutLine: {'line': b'-- Execute custom install script\n'}
[20.858641] (ros2_pkg) StdoutLine: {'line': b'-- Up-to-date symlink: /home/dex/workspace/ROS_Project1/install/ros2_pkg/lib/ros2_pkg/publisher\n'}
[20.858916] (ros2_pkg) StdoutLine: {'line': b'-- Up-to-date symlink: /home/dex/workspace/ROS_Project1/install/ros2_pkg/lib/ros2_pkg/subscriber\n'}
[20.859244] (ros2_pkg) StdoutLine: {'line': b'-- Up-to-date symlink: /home/dex/workspace/ROS_Project1/install/ros2_pkg/share/ament_index/resource_index/package_run_dependencies/ros2_pkg\n'}
[20.859611] (ros2_pkg) StdoutLine: {'line': b'-- Up-to-date symlink: /home/dex/workspace/ROS_Project1/install/ros2_pkg/share/ament_index/resource_index/parent_prefix_path/ros2_pkg\n'}
[20.860113] (ros2_pkg) StdoutLine: {'line': b'-- Up-to-date symlink: /home/dex/workspace/ROS_Project1/install/ros2_pkg/share/ros2_pkg/environment/ament_prefix_path.sh\n'}
[20.860381] (ros2_pkg) StdoutLine: {'line': b'-- Up-to-date symlink: /home/dex/workspace/ROS_Project1/install/ros2_pkg/share/ros2_pkg/environment/ament_prefix_path.dsv\n'}
[20.860662] (ros2_pkg) StdoutLine: {'line': b'-- Up-to-date symlink: /home/dex/workspace/ROS_Project1/install/ros2_pkg/share/ros2_pkg/environment/path.sh\n'}
[20.860925] (ros2_pkg) StdoutLine: {'line': b'-- Up-to-date symlink: /home/dex/workspace/ROS_Project1/install/ros2_pkg/share/ros2_pkg/environment/path.dsv\n'}
[20.861335] (ros2_pkg) StdoutLine: {'line': b'-- Up-to-date symlink: /home/dex/workspace/ROS_Project1/install/ros2_pkg/share/ros2_pkg/local_setup.bash\n'}
[20.861680] (ros2_pkg) StdoutLine: {'line': b'-- Up-to-date symlink: /home/dex/workspace/ROS_Project1/install/ros2_pkg/share/ros2_pkg/local_setup.sh\n'}
[20.861939] (ros2_pkg) StdoutLine: {'line': b'-- Up-to-date symlink: /home/dex/workspace/ROS_Project1/install/ros2_pkg/share/ros2_pkg/local_setup.zsh\n'}
[20.862192] (ros2_pkg) StdoutLine: {'line': b'-- Up-to-date symlink: /home/dex/workspace/ROS_Project1/install/ros2_pkg/share/ros2_pkg/local_setup.dsv\n'}
[20.862393] (ros2_pkg) StdoutLine: {'line': b'-- Symlinking: /home/dex/workspace/ROS_Project1/install/ros2_pkg/share/ros2_pkg/package.dsv\n'}
[20.893060] (ros2_pkg) StdoutLine: {'line': b'-- Up-to-date symlink: /home/dex/workspace/ROS_Project1/install/ros2_pkg/share/ament_index/resource_index/packages/ros2_pkg\n'}
[20.893319] (ros2_pkg) StdoutLine: {'line': b'-- Up-to-date symlink: /home/dex/workspace/ROS_Project1/install/ros2_pkg/share/ros2_pkg/cmake/ros2_pkgConfig.cmake\n'}
[20.893529] (ros2_pkg) StdoutLine: {'line': b'-- Up-to-date symlink: /home/dex/workspace/ROS_Project1/install/ros2_pkg/share/ros2_pkg/cmake/ros2_pkgConfig-version.cmake\n'}
[20.893656] (ros2_pkg) StdoutLine: {'line': b'-- Up-to-date symlink: /home/dex/workspace/ROS_Project1/install/ros2_pkg/share/ros2_pkg/package.xml\n'}
[20.898194] (ros2_pkg) CommandEnded: {'returncode': 0}
[20.927482] (-) TimerEvent: {}
[21.028428] (-) TimerEvent: {}
[21.132207] (-) TimerEvent: {}
[21.232870] (-) TimerEvent: {}
[21.333236] (-) TimerEvent: {}
[21.435342] (-) TimerEvent: {}
[21.539992] (-) TimerEvent: {}
[21.580490] (ros2_pkg) JobEnded: {'identifier': 'ros2_pkg', 'rc': 0}
[21.581961] (-) EventReactorShutdown: {}
