[0.000000] (-) TimerEvent: {}
[0.000325] (ros2_pkg) JobQueued: {'identifier': 'ros2_pkg', 'dependencies': OrderedDict()}
[0.000368] (ros2_pkg) JobStarted: {'identifier': 'ros2_pkg'}
[0.053321] (ros2_pkg) JobProgress: {'identifier': 'ros2_pkg', 'progress': 'cmake'}
[0.056386] (ros2_pkg) JobProgress: {'identifier': 'ros2_pkg', 'progress': 'build'}
[0.056462] (ros2_pkg) Command: {'cmd': ['/usr/bin/cmake', '--build', '/home/dex/workspace/ROS_Project1/build/ros2_pkg', '--', '-j2', '-l2'], 'cwd': '/home/dex/workspace/ROS_Project1/build/ros2_pkg', 'env': OrderedDict([('GJS_DEBUG_TOPICS', 'JS ERROR;JS LOG'), ('LESSOPEN', '| /usr/bin/lesspipe %s'), ('LANGUAGE', 'en_IN:en'), ('USER', 'dex'), ('GIO_MODULE_DIR', '/home/dex/snap/code/common/.cache/gio-modules'), ('XDG_SESSION_TYPE', 'wayland'), ('GIT_ASKPASS', '/snap/code/155/usr/share/code/resources/app/extensions/git/dist/askpass.sh'), ('GTK_EXE_PREFIX_VSCODE_SNAP_ORIG', ''), ('GDK_BACKEND_VSCODE_SNAP_ORIG', ''), ('SHLVL', '1'), ('LD_LIBRARY_PATH', '/opt/ros/humble/opt/rviz_ogre_vendor/lib:/opt/ros/humble/lib/x86_64-linux-gnu:/opt/ros/humble/lib'), ('HOME', '/home/dex'), ('CHROME_DESKTOP', 'code-url-handler.desktop'), ('LOCPATH_VSCODE_SNAP_ORIG', ''), ('TERM_PROGRAM_VERSION', '1.87.2'), ('DESKTOP_SESSION', 'ubuntu'), ('GTK_PATH', '/snap/code/155/usr/lib/x86_64-linux-gnu/gtk-3.0'), ('GTK_IM_MODULE_FILE', '/home/dex/snap/code/common/.cache/immodules/immodules.cache'), ('GIO_LAUNCHED_DESKTOP_FILE', '/var/lib/snapd/desktop/applications/code_code.desktop'), ('ROS_PYTHON_VERSION', '3'), ('GNOME_SHELL_SESSION_MODE', 'ubuntu'), ('GTK_MODULES', 'gail:atk-bridge'), ('GSETTINGS_SCHEMA_DIR_VSCODE_SNAP_ORIG', ''), ('VSCODE_GIT_ASKPASS_MAIN', '/snap/code/155/usr/share/code/resources/app/extensions/git/dist/askpass-main.js'), ('VSCODE_GIT_ASKPASS_NODE', '/snap/code/155/usr/share/code/code'), ('MANAGERPID', '1006'), ('SYSTEMD_EXEC_PID', '1237'), ('IM_CONFIG_CHECK_ENV', '1'), ('DBUS_SESSION_BUS_ADDRESS', 'unix:path=/run/user/1000/bus'), ('COLORTERM', 'truecolor'), ('GIO_LAUNCHED_DESKTOP_FILE_PID', '2937'), ('_colcon_cd_root', '/opt/ros/humble/'), ('IM_CONFIG_PHASE', '1'), ('WAYLAND_DISPLAY', 'wayland-0'), ('ROS_DISTRO', 'humble'), ('LOGNAME', 'dex'), ('_', '/usr/bin/colcon'), ('JOURNAL_STREAM', '8:34382'), ('ROS_VERSION', '2'), ('XDG_CONFIG_DIRS_VSCODE_SNAP_ORIG', '/etc/xdg/xdg-ubuntu:/etc/xdg'), ('XDG_SESSION_CLASS', 'user'), ('XDG_DATA_DIRS_VSCODE_SNAP_ORIG', '/usr/share/ubuntu:/usr/local/share/:/usr/share/:/var/lib/snapd/desktop'), ('USERNAME', 'dex'), ('TERM', 'xterm-256color'), ('GNOME_DESKTOP_SESSION_ID', 'this-is-deprecated'), ('ROS_LOCALHOST_ONLY', '0'), ('PATH', '/opt/ros/humble/bin:/usr/local/sbin:/usr/local/bin:/usr/sbin:/usr/bin:/sbin:/bin:/usr/games:/usr/local/games:/snap/bin:/snap/bin'), ('SESSION_MANAGER', 'local/vm:@/tmp/.ICE-unix/1188,unix/vm:/tmp/.ICE-unix/1188'), ('GTK_EXE_PREFIX', '/snap/code/155/usr'), ('INVOCATION_ID', 'c1eefbaf74dc44c9a2aa029703fc8309'), ('XDG_MENU_PREFIX', 'gnome-'), ('BAMF_DESKTOP_FILE_HINT', '/var/lib/snapd/desktop/applications/code_code.desktop'), ('GNOME_SETUP_DISPLAY', ':1'), ('XDG_RUNTIME_DIR', '/run/user/1000'), ('GDK_BACKEND', 'x11'), ('DISPLAY', ':0'), ('LOCPATH', '/snap/code/155/usr/lib/locale'), ('LANG', 'en_US.UTF-8'), ('XDG_CURRENT_DESKTOP', 'Unity'), ('GIO_MODULE_DIR_VSCODE_SNAP_ORIG', ''), ('XMODIFIERS', '@im=ibus'), ('XDG_SESSION_DESKTOP', 'ubuntu'), ('XAUTHORITY', '/run/user/1000/.mutter-Xwaylandauth.3J58K2'), ('LS_COLORS', ''), ('VSCODE_GIT_IPC_HANDLE', '/run/user/1000/vscode-git-25367c983e.sock'), ('TERM_PROGRAM', 'vscode'), ('SSH_AGENT_LAUNCHER', 'gnome-keyring'), ('SSH_AUTH_SOCK', '/run/user/1000/keyring/ssh'), ('GSETTINGS_SCHEMA_DIR', '/home/dex/snap/code/155/.local/share/glib-2.0/schemas'), ('AMENT_PREFIX_PATH', '/opt/ros/humble'), ('ORIGINAL_XDG_CURRENT_DESKTOP', 'ubuntu:GNOME'), ('SHELL', '/bin/bash'), ('QT_ACCESSIBILITY', '1'), ('GDMSESSION', 'ubuntu'), ('LESSCLOSE', '/usr/bin/lesspipe %s %s'), ('GTK_PATH_VSCODE_SNAP_ORIG', ''), ('GTK_IM_MODULE_FILE_VSCODE_SNAP_ORIG', ''), ('GJS_DEBUG_OUTPUT', 'stderr'), ('VSCODE_GIT_ASKPASS_EXTRA_ARGS', ''), ('QT_IM_MODULE', 'ibus'), ('PWD', '/home/dex/workspace/ROS_Project1/build/ros2_pkg'), ('LC_ALL', 'en_US.UTF-8'), ('XDG_CONFIG_DIRS', '/etc/xdg/xdg-ubuntu:/etc/xdg'), ('XDG_DATA_DIRS', '/home/dex/snap/code/155/.local/share:/home/dex/snap/code/155:/snap/code/155/usr/share:/usr/share/ubuntu:/usr/local/share/:/usr/share/:/var/lib/snapd/desktop'), ('PYTHONPATH', '/opt/ros/humble/lib/python3.10/site-packages:/opt/ros/humble/local/lib/python3.10/dist-packages'), ('COLCON', '1'), ('CMAKE_PREFIX_PATH', '/opt/ros/humble')]), 'shell': False}
[0.090133] (-) TimerEvent: {}
[0.149441] (ros2_pkg) StdoutLine: {'line': b'\x1b[35m\x1b[1mConsolidate compiler generated dependencies of target rpm_publisher\x1b[0m\n'}
[0.177485] (ros2_pkg) StdoutLine: {'line': b'[ 20%] Built target hello_world_publisher\n'}
[0.184401] (ros2_pkg) StdoutLine: {'line': b'[ 30%] \x1b[32mBuilding CXX object CMakeFiles/rpm_publisher.dir/src/rpm_publisher.cpp.o\x1b[0m\n'}
[0.190227] (-) TimerEvent: {}
[0.267451] (ros2_pkg) StdoutLine: {'line': b'[ 50%] Built target hello_world_subscriber\n'}
[0.290371] (-) TimerEvent: {}
[0.301341] (ros2_pkg) StdoutLine: {'line': b'\x1b[35m\x1b[1mConsolidate compiler generated dependencies of target rpm_subscriber\x1b[0m\n'}
[0.347106] (ros2_pkg) StdoutLine: {'line': b'[ 60%] \x1b[32mBuilding CXX object CMakeFiles/rpm_subscriber.dir/src/rpm_subscriber.cpp.o\x1b[0m\n'}
[0.390477] (-) TimerEvent: {}
[0.491061] (-) TimerEvent: {}
[0.591621] (-) TimerEvent: {}
[0.692249] (-) TimerEvent: {}
[0.792791] (-) TimerEvent: {}
[0.893731] (-) TimerEvent: {}
[1.002490] (-) TimerEvent: {}
[1.103642] (-) TimerEvent: {}
[1.206795] (-) TimerEvent: {}
[1.307265] (-) TimerEvent: {}
[1.408356] (-) TimerEvent: {}
[1.509211] (-) TimerEvent: {}
[1.610376] (-) TimerEvent: {}
[1.711529] (-) TimerEvent: {}
[1.812649] (-) TimerEvent: {}
[1.913246] (-) TimerEvent: {}
[2.013844] (-) TimerEvent: {}
[2.114393] (-) TimerEvent: {}
[2.215095] (-) TimerEvent: {}
[2.315699] (-) TimerEvent: {}
[2.416327] (-) TimerEvent: {}
[2.516881] (-) TimerEvent: {}
[2.617312] (-) TimerEvent: {}
[2.717762] (-) TimerEvent: {}
[2.818549] (-) TimerEvent: {}
[2.919436] (-) TimerEvent: {}
[3.021130] (-) TimerEvent: {}
[3.121857] (-) TimerEvent: {}
[3.222566] (-) TimerEvent: {}
[3.323006] (-) TimerEvent: {}
[3.423442] (-) TimerEvent: {}
[3.523862] (-) TimerEvent: {}
[3.625904] (-) TimerEvent: {}
[3.726352] (-) TimerEvent: {}
[3.826795] (-) TimerEvent: {}
[3.927219] (-) TimerEvent: {}
[4.027648] (-) TimerEvent: {}
[4.128774] (-) TimerEvent: {}
[4.229696] (-) TimerEvent: {}
[4.330581] (-) TimerEvent: {}
[4.431598] (-) TimerEvent: {}
[4.532277] (-) TimerEvent: {}
[4.632971] (-) TimerEvent: {}
[4.733607] (-) TimerEvent: {}
[4.834320] (-) TimerEvent: {}
[4.934786] (-) TimerEvent: {}
[5.035354] (-) TimerEvent: {}
[5.136144] (-) TimerEvent: {}
[5.236899] (-) TimerEvent: {}
[5.337537] (-) TimerEvent: {}
[5.439941] (-) TimerEvent: {}
[5.540404] (-) TimerEvent: {}
[5.640744] (-) TimerEvent: {}
[5.741051] (-) TimerEvent: {}
[5.843934] (-) TimerEvent: {}
[5.948084] (-) TimerEvent: {}
[6.055943] (-) TimerEvent: {}
[6.156741] (-) TimerEvent: {}
[6.257201] (-) TimerEvent: {}
[6.357663] (-) TimerEvent: {}
[6.458316] (-) TimerEvent: {}
[6.558903] (-) TimerEvent: {}
[6.659563] (-) TimerEvent: {}
[6.760256] (-) TimerEvent: {}
[6.867940] (-) TimerEvent: {}
[6.968776] (-) TimerEvent: {}
[7.069163] (-) TimerEvent: {}
[7.170243] (-) TimerEvent: {}
[7.270824] (-) TimerEvent: {}
[7.373685] (-) TimerEvent: {}
[7.474026] (-) TimerEvent: {}
[7.579186] (-) TimerEvent: {}
[7.679511] (-) TimerEvent: {}
[7.780179] (-) TimerEvent: {}
[7.880811] (-) TimerEvent: {}
[7.981446] (-) TimerEvent: {}
[8.082069] (-) TimerEvent: {}
[8.186060] (-) TimerEvent: {}
[8.286489] (-) TimerEvent: {}
[8.393438] (-) TimerEvent: {}
[8.493820] (-) TimerEvent: {}
[8.594454] (-) TimerEvent: {}
[8.658003] (ros2_pkg) StdoutLine: {'line': b'[ 70%] \x1b[32m\x1b[1mLinking CXX executable rpm_publisher\x1b[0m\n'}
[8.694605] (-) TimerEvent: {}
[8.795244] (-) TimerEvent: {}
[8.895992] (-) TimerEvent: {}
[8.996435] (-) TimerEvent: {}
[9.096818] (-) TimerEvent: {}
[9.197267] (-) TimerEvent: {}
[9.297699] (-) TimerEvent: {}
[9.398064] (-) TimerEvent: {}
[9.431137] (ros2_pkg) StdoutLine: {'line': b'[ 70%] Built target rpm_publisher\n'}
[9.500107] (-) TimerEvent: {}
[9.598417] (ros2_pkg) StdoutLine: {'line': b'[ 90%] Built target speed_subscriber\n'}
[9.601113] (-) TimerEvent: {}
[9.701517] (-) TimerEvent: {}
[9.801857] (-) TimerEvent: {}
[9.902212] (-) TimerEvent: {}
[10.002575] (-) TimerEvent: {}
[10.102861] (-) TimerEvent: {}
[10.203162] (-) TimerEvent: {}
[10.303476] (-) TimerEvent: {}
[10.404049] (-) TimerEvent: {}
[10.504440] (-) TimerEvent: {}
[10.604775] (-) TimerEvent: {}
[10.705130] (-) TimerEvent: {}
[10.805468] (-) TimerEvent: {}
[10.905867] (-) TimerEvent: {}
[11.006153] (-) TimerEvent: {}
[11.106523] (-) TimerEvent: {}
[11.206913] (-) TimerEvent: {}
[11.307350] (-) TimerEvent: {}
[11.407692] (-) TimerEvent: {}
[11.508106] (-) TimerEvent: {}
[11.608519] (-) TimerEvent: {}
[11.708977] (-) TimerEvent: {}
[11.809281] (-) TimerEvent: {}
[11.909820] (-) TimerEvent: {}
[12.010143] (-) TimerEvent: {}
[12.110429] (-) TimerEvent: {}
[12.210742] (-) TimerEvent: {}
[12.311047] (-) TimerEvent: {}
[12.411408] (-) TimerEvent: {}
[12.511717] (-) TimerEvent: {}
[12.612167] (-) TimerEvent: {}
[12.712638] (-) TimerEvent: {}
[12.813022] (-) TimerEvent: {}
[12.914491] (-) TimerEvent: {}
[13.014982] (-) TimerEvent: {}
[13.115381] (-) TimerEvent: {}
[13.215912] (-) TimerEvent: {}
[13.316328] (-) TimerEvent: {}
[13.416742] (-) TimerEvent: {}
[13.517133] (-) TimerEvent: {}
[13.617422] (-) TimerEvent: {}
[13.717711] (-) TimerEvent: {}
[13.818065] (-) TimerEvent: {}
[13.918352] (-) TimerEvent: {}
[14.018805] (-) TimerEvent: {}
[14.119209] (-) TimerEvent: {}
[14.219523] (-) TimerEvent: {}
[14.319819] (-) TimerEvent: {}
[14.420199] (-) TimerEvent: {}
[14.520648] (-) TimerEvent: {}
[14.621464] (-) TimerEvent: {}
[14.721764] (-) TimerEvent: {}
[14.822131] (-) TimerEvent: {}
[14.922502] (-) TimerEvent: {}
[15.022874] (-) TimerEvent: {}
[15.123325] (-) TimerEvent: {}
[15.223628] (-) TimerEvent: {}
[15.225955] (ros2_pkg) StdoutLine: {'line': b'[100%] \x1b[32m\x1b[1mLinking CXX executable rpm_subscriber\x1b[0m\n'}
[15.323757] (-) TimerEvent: {}
[15.424558] (-) TimerEvent: {}
[15.525593] (-) TimerEvent: {}
[15.626176] (-) TimerEvent: {}
[15.726658] (-) TimerEvent: {}
[15.827271] (-) TimerEvent: {}
[15.867279] (ros2_pkg) StdoutLine: {'line': b'[100%] Built target rpm_subscriber\n'}
[15.892913] (ros2_pkg) CommandEnded: {'returncode': 0}
[15.927384] (-) TimerEvent: {}
[16.025828] (ros2_pkg) JobProgress: {'identifier': 'ros2_pkg', 'progress': 'install'}
[16.027461] (-) TimerEvent: {}
[16.047946] (ros2_pkg) Command: {'cmd': ['/usr/bin/cmake', '--install', '/home/dex/workspace/ROS_Project1/build/ros2_pkg'], 'cwd': '/home/dex/workspace/ROS_Project1/build/ros2_pkg', 'env': OrderedDict([('GJS_DEBUG_TOPICS', 'JS ERROR;JS LOG'), ('LESSOPEN', '| /usr/bin/lesspipe %s'), ('LANGUAGE', 'en_IN:en'), ('USER', 'dex'), ('GIO_MODULE_DIR', '/home/dex/snap/code/common/.cache/gio-modules'), ('XDG_SESSION_TYPE', 'wayland'), ('GIT_ASKPASS', '/snap/code/155/usr/share/code/resources/app/extensions/git/dist/askpass.sh'), ('GTK_EXE_PREFIX_VSCODE_SNAP_ORIG', ''), ('GDK_BACKEND_VSCODE_SNAP_ORIG', ''), ('SHLVL', '1'), ('LD_LIBRARY_PATH', '/opt/ros/humble/opt/rviz_ogre_vendor/lib:/opt/ros/humble/lib/x86_64-linux-gnu:/opt/ros/humble/lib'), ('HOME', '/home/dex'), ('CHROME_DESKTOP', 'code-url-handler.desktop'), ('LOCPATH_VSCODE_SNAP_ORIG', ''), ('TERM_PROGRAM_VERSION', '1.87.2'), ('DESKTOP_SESSION', 'ubuntu'), ('GTK_PATH', '/snap/code/155/usr/lib/x86_64-linux-gnu/gtk-3.0'), ('GTK_IM_MODULE_FILE', '/home/dex/snap/code/common/.cache/immodules/immodules.cache'), ('GIO_LAUNCHED_DESKTOP_FILE', '/var/lib/snapd/desktop/applications/code_code.desktop'), ('ROS_PYTHON_VERSION', '3'), ('GNOME_SHELL_SESSION_MODE', 'ubuntu'), ('GTK_MODULES', 'gail:atk-bridge'), ('GSETTINGS_SCHEMA_DIR_VSCODE_SNAP_ORIG', ''), ('VSCODE_GIT_ASKPASS_MAIN', '/snap/code/155/usr/share/code/resources/app/extensions/git/dist/askpass-main.js'), ('VSCODE_GIT_ASKPASS_NODE', '/snap/code/155/usr/share/code/code'), ('MANAGERPID', '1006'), ('SYSTEMD_EXEC_PID', '1237'), ('IM_CONFIG_CHECK_ENV', '1'), ('DBUS_SESSION_BUS_ADDRESS', 'unix:path=/run/user/1000/bus'), ('COLORTERM', 'truecolor'), ('GIO_LAUNCHED_DESKTOP_FILE_PID', '2937'), ('_colcon_cd_root', '/opt/ros/humble/'), ('IM_CONFIG_PHASE', '1'), ('WAYLAND_DISPLAY', 'wayland-0'), ('ROS_DISTRO', 'humble'), ('LOGNAME', 'dex'), ('_', '/usr/bin/colcon'), ('JOURNAL_STREAM', '8:34382'), ('ROS_VERSION', '2'), ('XDG_CONFIG_DIRS_VSCODE_SNAP_ORIG', '/etc/xdg/xdg-ubuntu:/etc/xdg'), ('XDG_SESSION_CLASS', 'user'), ('XDG_DATA_DIRS_VSCODE_SNAP_ORIG', '/usr/share/ubuntu:/usr/local/share/:/usr/share/:/var/lib/snapd/desktop'), ('USERNAME', 'dex'), ('TERM', 'xterm-256color'), ('GNOME_DESKTOP_SESSION_ID', 'this-is-deprecated'), ('ROS_LOCALHOST_ONLY', '0'), ('PATH', '/opt/ros/humble/bin:/usr/local/sbin:/usr/local/bin:/usr/sbin:/usr/bin:/sbin:/bin:/usr/games:/usr/local/games:/snap/bin:/snap/bin'), ('SESSION_MANAGER', 'local/vm:@/tmp/.ICE-unix/1188,unix/vm:/tmp/.ICE-unix/1188'), ('GTK_EXE_PREFIX', '/snap/code/155/usr'), ('INVOCATION_ID', 'c1eefbaf74dc44c9a2aa029703fc8309'), ('XDG_MENU_PREFIX', 'gnome-'), ('BAMF_DESKTOP_FILE_HINT', '/var/lib/snapd/desktop/applications/code_code.desktop'), ('GNOME_SETUP_DISPLAY', ':1'), ('XDG_RUNTIME_DIR', '/run/user/1000'), ('GDK_BACKEND', 'x11'), ('DISPLAY', ':0'), ('LOCPATH', '/snap/code/155/usr/lib/locale'), ('LANG', 'en_US.UTF-8'), ('XDG_CURRENT_DESKTOP', 'Unity'), ('GIO_MODULE_DIR_VSCODE_SNAP_ORIG', ''), ('XMODIFIERS', '@im=ibus'), ('XDG_SESSION_DESKTOP', 'ubuntu'), ('XAUTHORITY', '/run/user/1000/.mutter-Xwaylandauth.3J58K2'), ('LS_COLORS', ''), ('VSCODE_GIT_IPC_HANDLE', '/run/user/1000/vscode-git-25367c983e.sock'), ('TERM_PROGRAM', 'vscode'), ('SSH_AGENT_LAUNCHER', 'gnome-keyring'), ('SSH_AUTH_SOCK', '/run/user/1000/keyring/ssh'), ('GSETTINGS_SCHEMA_DIR', '/home/dex/snap/code/155/.local/share/glib-2.0/schemas'), ('AMENT_PREFIX_PATH', '/opt/ros/humble'), ('ORIGINAL_XDG_CURRENT_DESKTOP', 'ubuntu:GNOME'), ('SHELL', '/bin/bash'), ('QT_ACCESSIBILITY', '1'), ('GDMSESSION', 'ubuntu'), ('LESSCLOSE', '/usr/bin/lesspipe %s %s'), ('GTK_PATH_VSCODE_SNAP_ORIG', ''), ('GTK_IM_MODULE_FILE_VSCODE_SNAP_ORIG', ''), ('GJS_DEBUG_OUTPUT', 'stderr'), ('VSCODE_GIT_ASKPASS_EXTRA_ARGS', ''), ('QT_IM_MODULE', 'ibus'), ('PWD', '/home/dex/workspace/ROS_Project1/build/ros2_pkg'), ('LC_ALL', 'en_US.UTF-8'), ('XDG_CONFIG_DIRS', '/etc/xdg/xdg-ubuntu:/etc/xdg'), ('XDG_DATA_DIRS', '/home/dex/snap/code/155/.local/share:/home/dex/snap/code/155:/snap/code/155/usr/share:/usr/share/ubuntu:/usr/local/share/:/usr/share/:/var/lib/snapd/desktop'), ('PYTHONPATH', '/opt/ros/humble/lib/python3.10/site-packages:/opt/ros/humble/local/lib/python3.10/dist-packages'), ('COLCON', '1'), ('CMAKE_PREFIX_PATH', '/opt/ros/humble')]), 'shell': False}
[16.076400] (ros2_pkg) StdoutLine: {'line': b'-- Install configuration: ""\n'}
[16.077355] (ros2_pkg) StdoutLine: {'line': b'-- Execute custom install script\n'}
[16.078639] (ros2_pkg) StdoutLine: {'line': b'-- Up-to-date symlink: /home/dex/workspace/ROS_Project1/install/ros2_pkg/lib/ros2_pkg/hello_world_publisher\n'}
[16.079027] (ros2_pkg) StdoutLine: {'line': b'-- Up-to-date symlink: /home/dex/workspace/ROS_Project1/install/ros2_pkg/lib/ros2_pkg/hello_world_subscriber\n'}
[16.079466] (ros2_pkg) StdoutLine: {'line': b'-- Up-to-date symlink: /home/dex/workspace/ROS_Project1/install/ros2_pkg/lib/ros2_pkg/rpm_publisher\n'}
[16.079909] (ros2_pkg) StdoutLine: {'line': b'-- Up-to-date symlink: /home/dex/workspace/ROS_Project1/install/ros2_pkg/lib/ros2_pkg/rpm_subscriber\n'}
[16.080351] (ros2_pkg) StdoutLine: {'line': b'-- Up-to-date symlink: /home/dex/workspace/ROS_Project1/install/ros2_pkg/lib/ros2_pkg/speed_subscriber\n'}
[16.080614] (ros2_pkg) StdoutLine: {'line': b'-- Up-to-date symlink: /home/dex/workspace/ROS_Project1/install/ros2_pkg/share/ament_index/resource_index/package_run_dependencies/ros2_pkg\n'}
[16.080843] (ros2_pkg) StdoutLine: {'line': b'-- Up-to-date symlink: /home/dex/workspace/ROS_Project1/install/ros2_pkg/share/ament_index/resource_index/parent_prefix_path/ros2_pkg\n'}
[16.081060] (ros2_pkg) StdoutLine: {'line': b'-- Up-to-date symlink: /home/dex/workspace/ROS_Project1/install/ros2_pkg/share/ros2_pkg/environment/ament_prefix_path.sh\n'}
[16.081266] (ros2_pkg) StdoutLine: {'line': b'-- Up-to-date symlink: /home/dex/workspace/ROS_Project1/install/ros2_pkg/share/ros2_pkg/environment/ament_prefix_path.dsv\n'}
[16.081485] (ros2_pkg) StdoutLine: {'line': b'-- Up-to-date symlink: /home/dex/workspace/ROS_Project1/install/ros2_pkg/share/ros2_pkg/environment/path.sh\n'}
[16.081688] (ros2_pkg) StdoutLine: {'line': b'-- Up-to-date symlink: /home/dex/workspace/ROS_Project1/install/ros2_pkg/share/ros2_pkg/environment/path.dsv\n'}
[16.081889] (ros2_pkg) StdoutLine: {'line': b'-- Up-to-date symlink: /home/dex/workspace/ROS_Project1/install/ros2_pkg/share/ros2_pkg/local_setup.bash\n'}
[16.082092] (ros2_pkg) StdoutLine: {'line': b'-- Up-to-date symlink: /home/dex/workspace/ROS_Project1/install/ros2_pkg/share/ros2_pkg/local_setup.sh\n'}
[16.082292] (ros2_pkg) StdoutLine: {'line': b'-- Up-to-date symlink: /home/dex/workspace/ROS_Project1/install/ros2_pkg/share/ros2_pkg/local_setup.zsh\n'}
[16.082498] (ros2_pkg) StdoutLine: {'line': b'-- Up-to-date symlink: /home/dex/workspace/ROS_Project1/install/ros2_pkg/share/ros2_pkg/local_setup.dsv\n'}
[16.082651] (ros2_pkg) StdoutLine: {'line': b'-- Symlinking: /home/dex/workspace/ROS_Project1/install/ros2_pkg/share/ros2_pkg/package.dsv\n'}
[16.111247] (ros2_pkg) StdoutLine: {'line': b'-- Up-to-date symlink: /home/dex/workspace/ROS_Project1/install/ros2_pkg/share/ament_index/resource_index/packages/ros2_pkg\n'}
[16.111441] (ros2_pkg) StdoutLine: {'line': b'-- Up-to-date symlink: /home/dex/workspace/ROS_Project1/install/ros2_pkg/share/ros2_pkg/cmake/ros2_pkgConfig.cmake\n'}
[16.111514] (ros2_pkg) StdoutLine: {'line': b'-- Up-to-date symlink: /home/dex/workspace/ROS_Project1/install/ros2_pkg/share/ros2_pkg/cmake/ros2_pkgConfig-version.cmake\n'}
[16.111576] (ros2_pkg) StdoutLine: {'line': b'-- Up-to-date symlink: /home/dex/workspace/ROS_Project1/install/ros2_pkg/share/ros2_pkg/package.xml\n'}
[16.118208] (ros2_pkg) CommandEnded: {'returncode': 0}
[16.127602] (-) TimerEvent: {}
[16.228844] (-) TimerEvent: {}
[16.329379] (-) TimerEvent: {}
[16.430093] (-) TimerEvent: {}
[16.530358] (-) TimerEvent: {}
[16.568171] (ros2_pkg) JobEnded: {'identifier': 'ros2_pkg', 'rc': 0}
[16.569406] (-) EventReactorShutdown: {}
