[0.174s] Invoking command in '/home/dex/workspace/ROS_Project1/build/ros2_pkg': CMAKE_PREFIX_PATH=${CMAKE_PREFIX_PATH}:/opt/ros/humble /usr/bin/cmake --build /home/dex/workspace/ROS_Project1/build/ros2_pkg -- -j2 -l2
[0.291s] [35m[1mConsolidate compiler generated dependencies of target publisher[0m
[0.346s] [100%] Built target publisher
[0.383s] Invoked command in '/home/dex/workspace/ROS_Project1/build/ros2_pkg' returned '0': CMAKE_PREFIX_PATH=${CMAKE_PREFIX_PATH}:/opt/ros/humble /usr/bin/cmake --build /home/dex/workspace/ROS_Project1/build/ros2_pkg -- -j2 -l2
[0.498s] Invoking command in '/home/dex/workspace/ROS_Project1/build/ros2_pkg': CMAKE_PREFIX_PATH=${CMAKE_PREFIX_PATH}:/opt/ros/humble /usr/bin/cmake --install /home/dex/workspace/ROS_Project1/build/ros2_pkg
[0.548s] -- Install configuration: ""
[0.549s] -- Execute custom install script
[0.551s] -- Up-to-date symlink: /home/dex/workspace/ROS_Project1/install/ros2_pkg/lib/ros2_pkg/publisher
[0.551s] -- Up-to-date symlink: /home/dex/workspace/ROS_Project1/install/ros2_pkg/share/ament_index/resource_index/package_run_dependencies/ros2_pkg
[0.553s] -- Up-to-date symlink: /home/dex/workspace/ROS_Project1/install/ros2_pkg/share/ament_index/resource_index/parent_prefix_path/ros2_pkg
[0.553s] -- Up-to-date symlink: /home/dex/workspace/ROS_Project1/install/ros2_pkg/share/ros2_pkg/environment/ament_prefix_path.sh
[0.554s] -- Up-to-date symlink: /home/dex/workspace/ROS_Project1/install/ros2_pkg/share/ros2_pkg/environment/ament_prefix_path.dsv
[0.554s] -- Up-to-date symlink: /home/dex/workspace/ROS_Project1/install/ros2_pkg/share/ros2_pkg/environment/path.sh
[0.554s] -- Up-to-date symlink: /home/dex/workspace/ROS_Project1/install/ros2_pkg/share/ros2_pkg/environment/path.dsv
[0.555s] -- Up-to-date symlink: /home/dex/workspace/ROS_Project1/install/ros2_pkg/share/ros2_pkg/local_setup.bash
[0.564s] -- Up-to-date symlink: /home/dex/workspace/ROS_Project1/install/ros2_pkg/share/ros2_pkg/local_setup.sh
[0.564s] -- Up-to-date symlink: /home/dex/workspace/ROS_Project1/install/ros2_pkg/share/ros2_pkg/local_setup.zsh
[0.564s] -- Up-to-date symlink: /home/dex/workspace/ROS_Project1/install/ros2_pkg/share/ros2_pkg/local_setup.dsv
[0.564s] -- Symlinking: /home/dex/workspace/ROS_Project1/install/ros2_pkg/share/ros2_pkg/package.dsv
[0.603s] -- Up-to-date symlink: /home/dex/workspace/ROS_Project1/install/ros2_pkg/share/ament_index/resource_index/packages/ros2_pkg
[0.604s] -- Up-to-date symlink: /home/dex/workspace/ROS_Project1/install/ros2_pkg/share/ros2_pkg/cmake/ros2_pkgConfig.cmake
[0.606s] -- Up-to-date symlink: /home/dex/workspace/ROS_Project1/install/ros2_pkg/share/ros2_pkg/cmake/ros2_pkgConfig-version.cmake
[0.606s] -- Up-to-date symlink: /home/dex/workspace/ROS_Project1/install/ros2_pkg/share/ros2_pkg/package.xml
[0.616s] Invoked command in '/home/dex/workspace/ROS_Project1/build/ros2_pkg' returned '0': CMAKE_PREFIX_PATH=${CMAKE_PREFIX_PATH}:/opt/ros/humble /usr/bin/cmake --install /home/dex/workspace/ROS_Project1/build/ros2_pkg
