[0.196s] Invoking command in '/home/dex/workspace/ROS_Project1/build/ros2_pkg': CMAKE_PREFIX_PATH=/opt/ros/humble /usr/bin/cmake --build /home/dex/workspace/ROS_Project1/build/ros2_pkg -- -j2 -l2
[0.335s] [35m[1mConsolidate compiler generated dependencies of target hello_world_publisher[0m
[0.401s] [ 25%] Built target hello_world_publisher
[0.443s] [35m[1mConsolidate compiler generated dependencies of target rpm_publisher[0m
[0.504s] [ 50%] Built target rpm_publisher
[0.546s] [35m[1mConsolidate compiler generated dependencies of target hello_world_subscriber[0m
[0.613s] [ 75%] Built target hello_world_subscriber
[0.648s] [35m[1mConsolidate compiler generated dependencies of target rpm_subscriber[0m
[0.703s] [100%] Built target rpm_subscriber
[0.739s] Invoked command in '/home/dex/workspace/ROS_Project1/build/ros2_pkg' returned '0': CMAKE_PREFIX_PATH=/opt/ros/humble /usr/bin/cmake --build /home/dex/workspace/ROS_Project1/build/ros2_pkg -- -j2 -l2
[0.929s] Invoking command in '/home/dex/workspace/ROS_Project1/build/ros2_pkg': CMAKE_PREFIX_PATH=/opt/ros/humble /usr/bin/cmake --install /home/dex/workspace/ROS_Project1/build/ros2_pkg
[0.960s] -- Install configuration: ""
[0.965s] -- Execute custom install script
[0.965s] -- Up-to-date symlink: /home/dex/workspace/ROS_Project1/install/ros2_pkg/lib/ros2_pkg/hello_world_publisher
[0.965s] -- Up-to-date symlink: /home/dex/workspace/ROS_Project1/install/ros2_pkg/lib/ros2_pkg/hello_world_subscriber
[0.965s] -- Up-to-date symlink: /home/dex/workspace/ROS_Project1/install/ros2_pkg/lib/ros2_pkg/rpm_publisher
[0.965s] -- Up-to-date symlink: /home/dex/workspace/ROS_Project1/install/ros2_pkg/lib/ros2_pkg/rpm_subscriber
[0.967s] -- Up-to-date symlink: /home/dex/workspace/ROS_Project1/install/ros2_pkg/share/ament_index/resource_index/package_run_dependencies/ros2_pkg
[0.970s] -- Up-to-date symlink: /home/dex/workspace/ROS_Project1/install/ros2_pkg/share/ament_index/resource_index/parent_prefix_path/ros2_pkg
[0.970s] -- Up-to-date symlink: /home/dex/workspace/ROS_Project1/install/ros2_pkg/share/ros2_pkg/environment/ament_prefix_path.sh
[0.970s] -- Up-to-date symlink: /home/dex/workspace/ROS_Project1/install/ros2_pkg/share/ros2_pkg/environment/ament_prefix_path.dsv
[0.972s] -- Up-to-date symlink: /home/dex/workspace/ROS_Project1/install/ros2_pkg/share/ros2_pkg/environment/path.sh
[0.972s] -- Up-to-date symlink: /home/dex/workspace/ROS_Project1/install/ros2_pkg/share/ros2_pkg/environment/path.dsv
[0.972s] -- Up-to-date symlink: /home/dex/workspace/ROS_Project1/install/ros2_pkg/share/ros2_pkg/local_setup.bash
[0.972s] -- Up-to-date symlink: /home/dex/workspace/ROS_Project1/install/ros2_pkg/share/ros2_pkg/local_setup.sh
[0.972s] -- Up-to-date symlink: /home/dex/workspace/ROS_Project1/install/ros2_pkg/share/ros2_pkg/local_setup.zsh
[0.976s] -- Up-to-date symlink: /home/dex/workspace/ROS_Project1/install/ros2_pkg/share/ros2_pkg/local_setup.dsv
[0.976s] -- Symlinking: /home/dex/workspace/ROS_Project1/install/ros2_pkg/share/ros2_pkg/package.dsv
[1.015s] -- Up-to-date symlink: /home/dex/workspace/ROS_Project1/install/ros2_pkg/share/ament_index/resource_index/packages/ros2_pkg
[1.016s] -- Up-to-date symlink: /home/dex/workspace/ROS_Project1/install/ros2_pkg/share/ros2_pkg/cmake/ros2_pkgConfig.cmake
[1.017s] -- Up-to-date symlink: /home/dex/workspace/ROS_Project1/install/ros2_pkg/share/ros2_pkg/cmake/ros2_pkgConfig-version.cmake
[1.018s] -- Up-to-date symlink: /home/dex/workspace/ROS_Project1/install/ros2_pkg/share/ros2_pkg/package.xml
[1.028s] Invoked command in '/home/dex/workspace/ROS_Project1/build/ros2_pkg' returned '0': CMAKE_PREFIX_PATH=/opt/ros/humble /usr/bin/cmake --install /home/dex/workspace/ROS_Project1/build/ros2_pkg
