[0.000000] (-) TimerEvent: {}
[0.000192] (ros2_pkg) JobQueued: {'identifier': 'ros2_pkg', 'dependencies': OrderedDict()}
[0.000230] (ros2_pkg) JobStarted: {'identifier': 'ros2_pkg'}
[0.099486] (-) TimerEvent: {}
[0.109282] (ros2_pkg) JobProgress: {'identifier': 'ros2_pkg', 'progress': 'cmake'}
[0.111252] (ros2_pkg) Command: {'cmd': ['/usr/bin/cmake', '/home/dex/workspace/ROS_Project1/src/ros2_pkg', '-DCMAKE_BUILD_TYPE=RelWithDebInfo', '-DCMAKE_INSTALL_PREFIX=/home/dex/workspace/ROS_Project1/install/ros2_pkg'], 'cwd': '/home/dex/workspace/ROS_Project1/build/ros2_pkg', 'env': OrderedDict([('GJS_DEBUG_TOPICS', 'JS ERROR;JS LOG'), ('LESSOPEN', '| /usr/bin/lesspipe %s'), ('LANGUAGE', 'en_IN:en'), ('USER', 'dex'), ('GIO_MODULE_DIR', '/home/dex/snap/code/common/.cache/gio-modules'), ('XDG_SESSION_TYPE', 'wayland'), ('GIT_ASKPASS', '/snap/code/155/usr/share/code/resources/app/extensions/git/dist/askpass.sh'), ('GTK_EXE_PREFIX_VSCODE_SNAP_ORIG', ''), ('GDK_BACKEND_VSCODE_SNAP_ORIG', ''), ('SHLVL', '0'), ('LD_LIBRARY_PATH', '/opt/ros/humble/opt/rviz_ogre_vendor/lib:/opt/ros/humble/lib/x86_64-linux-gnu:/opt/ros/humble/lib'), ('HOME', '/home/dex'), ('CHROME_DESKTOP', 'code-url-handler.desktop'), ('LOCPATH_VSCODE_SNAP_ORIG', ''), ('TERM_PROGRAM_VERSION', '1.87.2'), ('DESKTOP_SESSION', 'ubuntu'), ('GTK_PATH', '/snap/code/155/usr/lib/x86_64-linux-gnu/gtk-3.0'), ('GTK_IM_MODULE_FILE', '/home/dex/snap/code/common/.cache/immodules/immodules.cache'), ('GIO_LAUNCHED_DESKTOP_FILE', '/var/lib/snapd/desktop/applications/code_code.desktop'), ('ROS_PYTHON_VERSION', '3'), ('GNOME_SHELL_SESSION_MODE', 'ubuntu'), ('GTK_MODULES', 'gail:atk-bridge'), ('GSETTINGS_SCHEMA_DIR_VSCODE_SNAP_ORIG', ''), ('VSCODE_GIT_ASKPASS_MAIN', '/snap/code/155/usr/share/code/resources/app/extensions/git/dist/askpass-main.js'), ('VSCODE_GIT_ASKPASS_NODE', '/snap/code/155/usr/share/code/code'), ('MANAGERPID', '1019'), ('SYSTEMD_EXEC_PID', '1246'), ('IM_CONFIG_CHECK_ENV', '1'), ('DBUS_SESSION_BUS_ADDRESS', 'unix:path=/run/user/1000/bus'), ('COLORTERM', 'truecolor'), ('GIO_LAUNCHED_DESKTOP_FILE_PID', '3185'), ('_colcon_cd_root', '/opt/ros/humble/'), ('IM_CONFIG_PHASE', '1'), ('WAYLAND_DISPLAY', 'wayland-0'), ('COLCON_PREFIX_PATH', '/home/dex/workspace/ROS_Project1/install'), ('ROS_DISTRO', 'humble'), ('LOGNAME', 'dex'), ('JOURNAL_STREAM', '8:34388'), ('_', '/usr/bin/colcon'), ('ROS_VERSION', '2'), ('XDG_CONFIG_DIRS_VSCODE_SNAP_ORIG', '/etc/xdg/xdg-ubuntu:/etc/xdg'), ('XDG_SESSION_CLASS', 'user'), ('XDG_DATA_DIRS_VSCODE_SNAP_ORIG', '/usr/share/ubuntu:/usr/local/share/:/usr/share/:/var/lib/snapd/desktop'), ('USERNAME', 'dex'), ('TERM', 'xterm-256color'), ('GNOME_DESKTOP_SESSION_ID', 'this-is-deprecated'), ('ROS_LOCALHOST_ONLY', '0'), ('PATH', '/opt/ros/humble/bin:/usr/local/sbin:/usr/local/bin:/usr/sbin:/usr/bin:/sbin:/bin:/usr/games:/usr/local/games:/snap/bin:/snap/bin'), ('SESSION_MANAGER', 'local/vm:@/tmp/.ICE-unix/1201,unix/vm:/tmp/.ICE-unix/1201'), ('GTK_EXE_PREFIX', '/snap/code/155/usr'), ('INVOCATION_ID', '63785e5c619245b8a3cc6ed518c945a9'), ('XDG_MENU_PREFIX', 'gnome-'), ('BAMF_DESKTOP_FILE_HINT', '/var/lib/snapd/desktop/applications/code_code.desktop'), ('GNOME_SETUP_DISPLAY', ':1'), ('XDG_RUNTIME_DIR', '/run/user/1000'), ('GDK_BACKEND', 'x11'), ('DISPLAY', ':0'), ('LOCPATH', '/snap/code/155/usr/lib/locale'), ('LANG', 'en_US.UTF-8'), ('XDG_CURRENT_DESKTOP', 'Unity'), ('GIO_MODULE_DIR_VSCODE_SNAP_ORIG', ''), ('XMODIFIERS', '@im=ibus'), ('XDG_SESSION_DESKTOP', 'ubuntu'), ('XAUTHORITY', '/run/user/1000/.mutter-Xwaylandauth.DPT1K2'), ('LS_COLORS', ''), ('VSCODE_GIT_IPC_HANDLE', '/run/user/1000/vscode-git-25367c983e.sock'), ('TERM_PROGRAM', 'vscode'), ('SSH_AGENT_LAUNCHER', 'gnome-keyring'), ('SSH_AUTH_SOCK', '/run/user/1000/keyring/ssh'), ('GSETTINGS_SCHEMA_DIR', '/home/dex/snap/code/155/.local/share/glib-2.0/schemas'), ('AMENT_PREFIX_PATH', '/home/dex/workspace/ROS_Project1/install/ros2_pkg:/opt/ros/humble'), ('ORIGINAL_XDG_CURRENT_DESKTOP', 'ubuntu:GNOME'), ('SHELL', '/bin/bash'), ('QT_ACCESSIBILITY', '1'), ('GDMSESSION', 'ubuntu'), ('LESSCLOSE', '/usr/bin/lesspipe %s %s'), ('GTK_PATH_VSCODE_SNAP_ORIG', ''), ('GTK_IM_MODULE_FILE_VSCODE_SNAP_ORIG', ''), ('GJS_DEBUG_OUTPUT', 'stderr'), ('VSCODE_GIT_ASKPASS_EXTRA_ARGS', ''), ('QT_IM_MODULE', 'ibus'), ('PWD', '/home/dex/workspace/ROS_Project1/build/ros2_pkg'), ('LC_ALL', 'en_US.UTF-8'), ('XDG_CONFIG_DIRS', '/etc/xdg/xdg-ubuntu:/etc/xdg'), ('XDG_DATA_DIRS', '/home/dex/snap/code/155/.local/share:/home/dex/snap/code/155:/snap/code/155/usr/share:/usr/share/ubuntu:/usr/local/share/:/usr/share/:/var/lib/snapd/desktop'), ('PYTHONPATH', '/opt/ros/humble/lib/python3.10/site-packages:/opt/ros/humble/local/lib/python3.10/dist-packages'), ('COLCON', '1'), ('CMAKE_PREFIX_PATH', '/home/dex/workspace/ROS_Project1/install/ros2_pkg:/opt/ros/humble')]), 'shell': False}
[0.156523] (ros2_pkg) StdoutLine: {'line': b'-- Found ament_cmake: 1.3.8 (/opt/ros/humble/share/ament_cmake/cmake)\n'}
[0.199599] (-) TimerEvent: {}
[0.300028] (-) TimerEvent: {}
[0.384268] (ros2_pkg) StdoutLine: {'line': b'-- Override CMake install command with custom implementation using symlinks instead of copying resources\n'}
[0.404704] (-) TimerEvent: {}
[0.405839] (ros2_pkg) StdoutLine: {'line': b'-- Found rclcpp: 16.0.8 (/opt/ros/humble/share/rclcpp/cmake)\n'}
[0.477284] (ros2_pkg) StdoutLine: {'line': b'-- Found rosidl_generator_c: 3.1.5 (/opt/ros/humble/share/rosidl_generator_c/cmake)\n'}
[0.479670] (ros2_pkg) StdoutLine: {'line': b'-- Found rosidl_adapter: 3.1.5 (/opt/ros/humble/share/rosidl_adapter/cmake)\n'}
[0.489666] (ros2_pkg) StdoutLine: {'line': b'-- Found rosidl_generator_cpp: 3.1.5 (/opt/ros/humble/share/rosidl_generator_cpp/cmake)\n'}
[0.504876] (-) TimerEvent: {}
[0.505311] (ros2_pkg) StdoutLine: {'line': b'-- Using all available rosidl_typesupport_c: rosidl_typesupport_fastrtps_c;rosidl_typesupport_introspection_c\n'}
[0.528307] (ros2_pkg) StdoutLine: {'line': b'-- Using all available rosidl_typesupport_cpp: rosidl_typesupport_fastrtps_cpp;rosidl_typesupport_introspection_cpp\n'}
[0.605022] (-) TimerEvent: {}
[0.630486] (ros2_pkg) StdoutLine: {'line': b'-- Found rmw_implementation_cmake: 6.1.1 (/opt/ros/humble/share/rmw_implementation_cmake/cmake)\n'}
[0.632040] (ros2_pkg) StdoutLine: {'line': b'-- Found rmw_fastrtps_cpp: 6.2.6 (/opt/ros/humble/share/rmw_fastrtps_cpp/cmake)\n'}
[0.705251] (-) TimerEvent: {}
[0.806027] (-) TimerEvent: {}
[0.825007] (ros2_pkg) StdoutLine: {'line': b"-- Using RMW implementation 'rmw_fastrtps_cpp' as default\n"}
[0.906171] (-) TimerEvent: {}
[1.006473] (-) TimerEvent: {}
[1.106772] (-) TimerEvent: {}
[1.123382] (ros2_pkg) StdoutLine: {'line': b'-- Found ament_lint_auto: 0.12.10 (/opt/ros/humble/share/ament_lint_auto/cmake)\n'}
[1.206931] (-) TimerEvent: {}
[1.284269] (ros2_pkg) StdoutLine: {'line': b"-- Added test 'cppcheck' to perform static code analysis on C / C++ code\n"}
[1.284711] (ros2_pkg) StdoutLine: {'line': b'-- Configured cppcheck include dirs: \n'}
[1.284895] (ros2_pkg) StdoutLine: {'line': b'-- Configured cppcheck exclude dirs and/or files: \n'}
[1.287360] (ros2_pkg) StdoutLine: {'line': b"-- Added test 'lint_cmake' to check CMake code style\n"}
[1.289554] (ros2_pkg) StdoutLine: {'line': b"-- Added test 'uncrustify' to check C / C++ code style\n"}
[1.289713] (ros2_pkg) StdoutLine: {'line': b'-- Configured uncrustify additional arguments: \n'}
[1.290596] (ros2_pkg) StdoutLine: {'line': b"-- Added test 'xmllint' to check XML markup files\n"}
[1.293728] (ros2_pkg) StdoutLine: {'line': b'-- Configuring done\n'}
[1.307122] (-) TimerEvent: {}
[1.334002] (ros2_pkg) StdoutLine: {'line': b'-- Generating done\n'}
[1.337894] (ros2_pkg) StdoutLine: {'line': b'-- Build files have been written to: /home/dex/workspace/ROS_Project1/build/ros2_pkg\n'}
[1.350522] (ros2_pkg) CommandEnded: {'returncode': 0}
[1.356677] (ros2_pkg) JobProgress: {'identifier': 'ros2_pkg', 'progress': 'build'}
[1.356716] (ros2_pkg) Command: {'cmd': ['/usr/bin/cmake', '--build', '/home/dex/workspace/ROS_Project1/build/ros2_pkg', '--', '-j2', '-l2'], 'cwd': '/home/dex/workspace/ROS_Project1/build/ros2_pkg', 'env': OrderedDict([('GJS_DEBUG_TOPICS', 'JS ERROR;JS LOG'), ('LESSOPEN', '| /usr/bin/lesspipe %s'), ('LANGUAGE', 'en_IN:en'), ('USER', 'dex'), ('GIO_MODULE_DIR', '/home/dex/snap/code/common/.cache/gio-modules'), ('XDG_SESSION_TYPE', 'wayland'), ('GIT_ASKPASS', '/snap/code/155/usr/share/code/resources/app/extensions/git/dist/askpass.sh'), ('GTK_EXE_PREFIX_VSCODE_SNAP_ORIG', ''), ('GDK_BACKEND_VSCODE_SNAP_ORIG', ''), ('SHLVL', '0'), ('LD_LIBRARY_PATH', '/opt/ros/humble/opt/rviz_ogre_vendor/lib:/opt/ros/humble/lib/x86_64-linux-gnu:/opt/ros/humble/lib'), ('HOME', '/home/dex'), ('CHROME_DESKTOP', 'code-url-handler.desktop'), ('LOCPATH_VSCODE_SNAP_ORIG', ''), ('TERM_PROGRAM_VERSION', '1.87.2'), ('DESKTOP_SESSION', 'ubuntu'), ('GTK_PATH', '/snap/code/155/usr/lib/x86_64-linux-gnu/gtk-3.0'), ('GTK_IM_MODULE_FILE', '/home/dex/snap/code/common/.cache/immodules/immodules.cache'), ('GIO_LAUNCHED_DESKTOP_FILE', '/var/lib/snapd/desktop/applications/code_code.desktop'), ('ROS_PYTHON_VERSION', '3'), ('GNOME_SHELL_SESSION_MODE', 'ubuntu'), ('GTK_MODULES', 'gail:atk-bridge'), ('GSETTINGS_SCHEMA_DIR_VSCODE_SNAP_ORIG', ''), ('VSCODE_GIT_ASKPASS_MAIN', '/snap/code/155/usr/share/code/resources/app/extensions/git/dist/askpass-main.js'), ('VSCODE_GIT_ASKPASS_NODE', '/snap/code/155/usr/share/code/code'), ('MANAGERPID', '1019'), ('SYSTEMD_EXEC_PID', '1246'), ('IM_CONFIG_CHECK_ENV', '1'), ('DBUS_SESSION_BUS_ADDRESS', 'unix:path=/run/user/1000/bus'), ('COLORTERM', 'truecolor'), ('GIO_LAUNCHED_DESKTOP_FILE_PID', '3185'), ('_colcon_cd_root', '/opt/ros/humble/'), ('IM_CONFIG_PHASE', '1'), ('WAYLAND_DISPLAY', 'wayland-0'), ('COLCON_PREFIX_PATH', '/home/dex/workspace/ROS_Project1/install'), ('ROS_DISTRO', 'humble'), ('LOGNAME', 'dex'), ('JOURNAL_STREAM', '8:34388'), ('_', '/usr/bin/colcon'), ('ROS_VERSION', '2'), ('XDG_CONFIG_DIRS_VSCODE_SNAP_ORIG', '/etc/xdg/xdg-ubuntu:/etc/xdg'), ('XDG_SESSION_CLASS', 'user'), ('XDG_DATA_DIRS_VSCODE_SNAP_ORIG', '/usr/share/ubuntu:/usr/local/share/:/usr/share/:/var/lib/snapd/desktop'), ('USERNAME', 'dex'), ('TERM', 'xterm-256color'), ('GNOME_DESKTOP_SESSION_ID', 'this-is-deprecated'), ('ROS_LOCALHOST_ONLY', '0'), ('PATH', '/opt/ros/humble/bin:/usr/local/sbin:/usr/local/bin:/usr/sbin:/usr/bin:/sbin:/bin:/usr/games:/usr/local/games:/snap/bin:/snap/bin'), ('SESSION_MANAGER', 'local/vm:@/tmp/.ICE-unix/1201,unix/vm:/tmp/.ICE-unix/1201'), ('GTK_EXE_PREFIX', '/snap/code/155/usr'), ('INVOCATION_ID', '63785e5c619245b8a3cc6ed518c945a9'), ('XDG_MENU_PREFIX', 'gnome-'), ('BAMF_DESKTOP_FILE_HINT', '/var/lib/snapd/desktop/applications/code_code.desktop'), ('GNOME_SETUP_DISPLAY', ':1'), ('XDG_RUNTIME_DIR', '/run/user/1000'), ('GDK_BACKEND', 'x11'), ('DISPLAY', ':0'), ('LOCPATH', '/snap/code/155/usr/lib/locale'), ('LANG', 'en_US.UTF-8'), ('XDG_CURRENT_DESKTOP', 'Unity'), ('GIO_MODULE_DIR_VSCODE_SNAP_ORIG', ''), ('XMODIFIERS', '@im=ibus'), ('XDG_SESSION_DESKTOP', 'ubuntu'), ('XAUTHORITY', '/run/user/1000/.mutter-Xwaylandauth.DPT1K2'), ('LS_COLORS', ''), ('VSCODE_GIT_IPC_HANDLE', '/run/user/1000/vscode-git-25367c983e.sock'), ('TERM_PROGRAM', 'vscode'), ('SSH_AGENT_LAUNCHER', 'gnome-keyring'), ('SSH_AUTH_SOCK', '/run/user/1000/keyring/ssh'), ('GSETTINGS_SCHEMA_DIR', '/home/dex/snap/code/155/.local/share/glib-2.0/schemas'), ('AMENT_PREFIX_PATH', '/home/dex/workspace/ROS_Project1/install/ros2_pkg:/opt/ros/humble'), ('ORIGINAL_XDG_CURRENT_DESKTOP', 'ubuntu:GNOME'), ('SHELL', '/bin/bash'), ('QT_ACCESSIBILITY', '1'), ('GDMSESSION', 'ubuntu'), ('LESSCLOSE', '/usr/bin/lesspipe %s %s'), ('GTK_PATH_VSCODE_SNAP_ORIG', ''), ('GTK_IM_MODULE_FILE_VSCODE_SNAP_ORIG', ''), ('GJS_DEBUG_OUTPUT', 'stderr'), ('VSCODE_GIT_ASKPASS_EXTRA_ARGS', ''), ('QT_IM_MODULE', 'ibus'), ('PWD', '/home/dex/workspace/ROS_Project1/build/ros2_pkg'), ('LC_ALL', 'en_US.UTF-8'), ('XDG_CONFIG_DIRS', '/etc/xdg/xdg-ubuntu:/etc/xdg'), ('XDG_DATA_DIRS', '/home/dex/snap/code/155/.local/share:/home/dex/snap/code/155:/snap/code/155/usr/share:/usr/share/ubuntu:/usr/local/share/:/usr/share/:/var/lib/snapd/desktop'), ('PYTHONPATH', '/opt/ros/humble/lib/python3.10/site-packages:/opt/ros/humble/local/lib/python3.10/dist-packages'), ('COLCON', '1'), ('CMAKE_PREFIX_PATH', '/home/dex/workspace/ROS_Project1/install/ros2_pkg:/opt/ros/humble')]), 'shell': False}
[1.407299] (-) TimerEvent: {}
[1.438735] (ros2_pkg) StdoutLine: {'line': b'\x1b[35m\x1b[1mConsolidate compiler generated dependencies of target publisher\x1b[0m\n'}
[1.475574] (ros2_pkg) StdoutLine: {'line': b'[ 50%] \x1b[32mBuilding CXX object CMakeFiles/publisher.dir/src/publisher.cpp.o\x1b[0m\n'}
[1.507408] (-) TimerEvent: {}
[1.607758] (-) TimerEvent: {}
[1.708109] (-) TimerEvent: {}
[1.808428] (-) TimerEvent: {}
[1.909058] (-) TimerEvent: {}
[2.009652] (-) TimerEvent: {}
[2.110321] (-) TimerEvent: {}
[2.211179] (-) TimerEvent: {}
[2.311539] (-) TimerEvent: {}
[2.411964] (-) TimerEvent: {}
[2.512407] (-) TimerEvent: {}
[2.613368] (-) TimerEvent: {}
[2.713728] (-) TimerEvent: {}
[2.814139] (-) TimerEvent: {}
[2.914471] (-) TimerEvent: {}
[3.014765] (-) TimerEvent: {}
[3.115376] (-) TimerEvent: {}
[3.215676] (-) TimerEvent: {}
[3.315970] (-) TimerEvent: {}
[3.416405] (-) TimerEvent: {}
[3.516894] (-) TimerEvent: {}
[3.617319] (-) TimerEvent: {}
[3.718197] (-) TimerEvent: {}
[3.818669] (-) TimerEvent: {}
[3.920799] (-) TimerEvent: {}
[4.024468] (-) TimerEvent: {}
[4.125023] (-) TimerEvent: {}
[4.225625] (-) TimerEvent: {}
[4.325952] (-) TimerEvent: {}
[4.426464] (-) TimerEvent: {}
[4.526903] (-) TimerEvent: {}
[4.628176] (-) TimerEvent: {}
[4.731306] (-) TimerEvent: {}
[4.831675] (-) TimerEvent: {}
[4.935799] (-) TimerEvent: {}
[5.036225] (-) TimerEvent: {}
[5.137090] (-) TimerEvent: {}
[5.237578] (-) TimerEvent: {}
[5.338126] (-) TimerEvent: {}
[5.438678] (-) TimerEvent: {}
[5.539249] (-) TimerEvent: {}
[5.646386] (-) TimerEvent: {}
[5.752424] (-) TimerEvent: {}
[5.854914] (-) TimerEvent: {}
[5.955988] (-) TimerEvent: {}
[6.056885] (-) TimerEvent: {}
[6.157393] (-) TimerEvent: {}
[6.257939] (-) TimerEvent: {}
[6.358567] (-) TimerEvent: {}
[6.459010] (-) TimerEvent: {}
[6.559821] (-) TimerEvent: {}
[6.660270] (-) TimerEvent: {}
[6.760793] (-) TimerEvent: {}
[6.861245] (-) TimerEvent: {}
[6.961674] (-) TimerEvent: {}
[7.062104] (-) TimerEvent: {}
[7.162529] (-) TimerEvent: {}
[7.262955] (-) TimerEvent: {}
[7.363387] (-) TimerEvent: {}
[7.463840] (-) TimerEvent: {}
[7.564350] (-) TimerEvent: {}
[7.665416] (-) TimerEvent: {}
[7.766171] (-) TimerEvent: {}
[7.866656] (-) TimerEvent: {}
[7.967192] (-) TimerEvent: {}
[8.067739] (-) TimerEvent: {}
[8.168285] (-) TimerEvent: {}
[8.268970] (-) TimerEvent: {}
[8.369753] (-) TimerEvent: {}
[8.470658] (-) TimerEvent: {}
[8.571113] (-) TimerEvent: {}
[8.671571] (-) TimerEvent: {}
[8.773712] (-) TimerEvent: {}
[8.874139] (-) TimerEvent: {}
[8.974432] (-) TimerEvent: {}
[9.074880] (-) TimerEvent: {}
[9.175308] (-) TimerEvent: {}
[9.275743] (-) TimerEvent: {}
[9.376565] (-) TimerEvent: {}
[9.477421] (-) TimerEvent: {}
[9.577740] (-) TimerEvent: {}
[9.678044] (-) TimerEvent: {}
[9.778346] (-) TimerEvent: {}
[9.878845] (-) TimerEvent: {}
[9.979207] (-) TimerEvent: {}
[10.079592] (-) TimerEvent: {}
[10.180245] (-) TimerEvent: {}
[10.281137] (-) TimerEvent: {}
[10.381575] (-) TimerEvent: {}
[10.481882] (-) TimerEvent: {}
[10.582205] (-) TimerEvent: {}
[10.683134] (-) TimerEvent: {}
[10.783527] (-) TimerEvent: {}
[10.885065] (-) TimerEvent: {}
[10.985420] (-) TimerEvent: {}
[11.086060] (-) TimerEvent: {}
[11.186579] (-) TimerEvent: {}
[11.287000] (-) TimerEvent: {}
[11.387738] (-) TimerEvent: {}
[11.488272] (-) TimerEvent: {}
[11.588557] (-) TimerEvent: {}
[11.688962] (-) TimerEvent: {}
[11.789285] (-) TimerEvent: {}
[11.889660] (-) TimerEvent: {}
[11.990008] (-) TimerEvent: {}
[12.091126] (-) TimerEvent: {}
[12.195118] (-) TimerEvent: {}
[12.295435] (-) TimerEvent: {}
[12.396351] (-) TimerEvent: {}
[12.497025] (-) TimerEvent: {}
[12.597325] (-) TimerEvent: {}
[12.697696] (-) TimerEvent: {}
[12.716084] (ros2_pkg) StdoutLine: {'line': b'[100%] \x1b[32m\x1b[1mLinking CXX executable publisher\x1b[0m\n'}
[12.797894] (-) TimerEvent: {}
[12.899242] (-) TimerEvent: {}
[12.999542] (-) TimerEvent: {}
[13.099949] (-) TimerEvent: {}
[13.176464] (ros2_pkg) StdoutLine: {'line': b'[100%] Built target publisher\n'}
[13.197468] (ros2_pkg) CommandEnded: {'returncode': 0}
[13.200086] (-) TimerEvent: {}
[13.291330] (ros2_pkg) JobProgress: {'identifier': 'ros2_pkg', 'progress': 'install'}
[13.300417] (-) TimerEvent: {}
[13.306679] (ros2_pkg) Command: {'cmd': ['/usr/bin/cmake', '--install', '/home/dex/workspace/ROS_Project1/build/ros2_pkg'], 'cwd': '/home/dex/workspace/ROS_Project1/build/ros2_pkg', 'env': OrderedDict([('GJS_DEBUG_TOPICS', 'JS ERROR;JS LOG'), ('LESSOPEN', '| /usr/bin/lesspipe %s'), ('LANGUAGE', 'en_IN:en'), ('USER', 'dex'), ('GIO_MODULE_DIR', '/home/dex/snap/code/common/.cache/gio-modules'), ('XDG_SESSION_TYPE', 'wayland'), ('GIT_ASKPASS', '/snap/code/155/usr/share/code/resources/app/extensions/git/dist/askpass.sh'), ('GTK_EXE_PREFIX_VSCODE_SNAP_ORIG', ''), ('GDK_BACKEND_VSCODE_SNAP_ORIG', ''), ('SHLVL', '0'), ('LD_LIBRARY_PATH', '/opt/ros/humble/opt/rviz_ogre_vendor/lib:/opt/ros/humble/lib/x86_64-linux-gnu:/opt/ros/humble/lib'), ('HOME', '/home/dex'), ('CHROME_DESKTOP', 'code-url-handler.desktop'), ('LOCPATH_VSCODE_SNAP_ORIG', ''), ('TERM_PROGRAM_VERSION', '1.87.2'), ('DESKTOP_SESSION', 'ubuntu'), ('GTK_PATH', '/snap/code/155/usr/lib/x86_64-linux-gnu/gtk-3.0'), ('GTK_IM_MODULE_FILE', '/home/dex/snap/code/common/.cache/immodules/immodules.cache'), ('GIO_LAUNCHED_DESKTOP_FILE', '/var/lib/snapd/desktop/applications/code_code.desktop'), ('ROS_PYTHON_VERSION', '3'), ('GNOME_SHELL_SESSION_MODE', 'ubuntu'), ('GTK_MODULES', 'gail:atk-bridge'), ('GSETTINGS_SCHEMA_DIR_VSCODE_SNAP_ORIG', ''), ('VSCODE_GIT_ASKPASS_MAIN', '/snap/code/155/usr/share/code/resources/app/extensions/git/dist/askpass-main.js'), ('VSCODE_GIT_ASKPASS_NODE', '/snap/code/155/usr/share/code/code'), ('MANAGERPID', '1019'), ('SYSTEMD_EXEC_PID', '1246'), ('IM_CONFIG_CHECK_ENV', '1'), ('DBUS_SESSION_BUS_ADDRESS', 'unix:path=/run/user/1000/bus'), ('COLORTERM', 'truecolor'), ('GIO_LAUNCHED_DESKTOP_FILE_PID', '3185'), ('_colcon_cd_root', '/opt/ros/humble/'), ('IM_CONFIG_PHASE', '1'), ('WAYLAND_DISPLAY', 'wayland-0'), ('COLCON_PREFIX_PATH', '/home/dex/workspace/ROS_Project1/install'), ('ROS_DISTRO', 'humble'), ('LOGNAME', 'dex'), ('JOURNAL_STREAM', '8:34388'), ('_', '/usr/bin/colcon'), ('ROS_VERSION', '2'), ('XDG_CONFIG_DIRS_VSCODE_SNAP_ORIG', '/etc/xdg/xdg-ubuntu:/etc/xdg'), ('XDG_SESSION_CLASS', 'user'), ('XDG_DATA_DIRS_VSCODE_SNAP_ORIG', '/usr/share/ubuntu:/usr/local/share/:/usr/share/:/var/lib/snapd/desktop'), ('USERNAME', 'dex'), ('TERM', 'xterm-256color'), ('GNOME_DESKTOP_SESSION_ID', 'this-is-deprecated'), ('ROS_LOCALHOST_ONLY', '0'), ('PATH', '/opt/ros/humble/bin:/usr/local/sbin:/usr/local/bin:/usr/sbin:/usr/bin:/sbin:/bin:/usr/games:/usr/local/games:/snap/bin:/snap/bin'), ('SESSION_MANAGER', 'local/vm:@/tmp/.ICE-unix/1201,unix/vm:/tmp/.ICE-unix/1201'), ('GTK_EXE_PREFIX', '/snap/code/155/usr'), ('INVOCATION_ID', '63785e5c619245b8a3cc6ed518c945a9'), ('XDG_MENU_PREFIX', 'gnome-'), ('BAMF_DESKTOP_FILE_HINT', '/var/lib/snapd/desktop/applications/code_code.desktop'), ('GNOME_SETUP_DISPLAY', ':1'), ('XDG_RUNTIME_DIR', '/run/user/1000'), ('GDK_BACKEND', 'x11'), ('DISPLAY', ':0'), ('LOCPATH', '/snap/code/155/usr/lib/locale'), ('LANG', 'en_US.UTF-8'), ('XDG_CURRENT_DESKTOP', 'Unity'), ('GIO_MODULE_DIR_VSCODE_SNAP_ORIG', ''), ('XMODIFIERS', '@im=ibus'), ('XDG_SESSION_DESKTOP', 'ubuntu'), ('XAUTHORITY', '/run/user/1000/.mutter-Xwaylandauth.DPT1K2'), ('LS_COLORS', ''), ('VSCODE_GIT_IPC_HANDLE', '/run/user/1000/vscode-git-25367c983e.sock'), ('TERM_PROGRAM', 'vscode'), ('SSH_AGENT_LAUNCHER', 'gnome-keyring'), ('SSH_AUTH_SOCK', '/run/user/1000/keyring/ssh'), ('GSETTINGS_SCHEMA_DIR', '/home/dex/snap/code/155/.local/share/glib-2.0/schemas'), ('AMENT_PREFIX_PATH', '/home/dex/workspace/ROS_Project1/install/ros2_pkg:/opt/ros/humble'), ('ORIGINAL_XDG_CURRENT_DESKTOP', 'ubuntu:GNOME'), ('SHELL', '/bin/bash'), ('QT_ACCESSIBILITY', '1'), ('GDMSESSION', 'ubuntu'), ('LESSCLOSE', '/usr/bin/lesspipe %s %s'), ('GTK_PATH_VSCODE_SNAP_ORIG', ''), ('GTK_IM_MODULE_FILE_VSCODE_SNAP_ORIG', ''), ('GJS_DEBUG_OUTPUT', 'stderr'), ('VSCODE_GIT_ASKPASS_EXTRA_ARGS', ''), ('QT_IM_MODULE', 'ibus'), ('PWD', '/home/dex/workspace/ROS_Project1/build/ros2_pkg'), ('LC_ALL', 'en_US.UTF-8'), ('XDG_CONFIG_DIRS', '/etc/xdg/xdg-ubuntu:/etc/xdg'), ('XDG_DATA_DIRS', '/home/dex/snap/code/155/.local/share:/home/dex/snap/code/155:/snap/code/155/usr/share:/usr/share/ubuntu:/usr/local/share/:/usr/share/:/var/lib/snapd/desktop'), ('PYTHONPATH', '/opt/ros/humble/lib/python3.10/site-packages:/opt/ros/humble/local/lib/python3.10/dist-packages'), ('COLCON', '1'), ('CMAKE_PREFIX_PATH', '/home/dex/workspace/ROS_Project1/install/ros2_pkg:/opt/ros/humble')]), 'shell': False}
[13.321671] (ros2_pkg) StdoutLine: {'line': b'-- Install configuration: "RelWithDebInfo"\n'}
[13.327549] (ros2_pkg) StdoutLine: {'line': b'-- Execute custom install script\n'}
[13.327800] (ros2_pkg) StdoutLine: {'line': b'-- Up-to-date symlink: /home/dex/workspace/ROS_Project1/install/ros2_pkg/lib/ros2_pkg/publisher\n'}
[13.333151] (ros2_pkg) StdoutLine: {'line': b'-- Up-to-date symlink: /home/dex/workspace/ROS_Project1/install/ros2_pkg/share/ament_index/resource_index/package_run_dependencies/ros2_pkg\n'}
[13.335218] (ros2_pkg) StdoutLine: {'line': b'-- Up-to-date symlink: /home/dex/workspace/ROS_Project1/install/ros2_pkg/share/ament_index/resource_index/parent_prefix_path/ros2_pkg\n'}
[13.343005] (ros2_pkg) StdoutLine: {'line': b'-- Up-to-date symlink: /home/dex/workspace/ROS_Project1/install/ros2_pkg/share/ros2_pkg/environment/ament_prefix_path.sh\n'}
[13.343323] (ros2_pkg) StdoutLine: {'line': b'-- Up-to-date symlink: /home/dex/workspace/ROS_Project1/install/ros2_pkg/share/ros2_pkg/environment/ament_prefix_path.dsv\n'}
[13.344049] (ros2_pkg) StdoutLine: {'line': b'-- Up-to-date symlink: /home/dex/workspace/ROS_Project1/install/ros2_pkg/share/ros2_pkg/environment/path.sh\n'}
[13.344678] (ros2_pkg) StdoutLine: {'line': b'-- Up-to-date symlink: /home/dex/workspace/ROS_Project1/install/ros2_pkg/share/ros2_pkg/environment/path.dsv\n'}
[13.345737] (ros2_pkg) StdoutLine: {'line': b'-- Up-to-date symlink: /home/dex/workspace/ROS_Project1/install/ros2_pkg/share/ros2_pkg/local_setup.bash\n'}
[13.347711] (ros2_pkg) StdoutLine: {'line': b'-- Up-to-date symlink: /home/dex/workspace/ROS_Project1/install/ros2_pkg/share/ros2_pkg/local_setup.sh\n'}
[13.348674] (ros2_pkg) StdoutLine: {'line': b'-- Up-to-date symlink: /home/dex/workspace/ROS_Project1/install/ros2_pkg/share/ros2_pkg/local_setup.zsh\n'}
[13.350425] (ros2_pkg) StdoutLine: {'line': b'-- Up-to-date symlink: /home/dex/workspace/ROS_Project1/install/ros2_pkg/share/ros2_pkg/local_setup.dsv\n'}
[13.350829] (ros2_pkg) StdoutLine: {'line': b'-- Symlinking: /home/dex/workspace/ROS_Project1/install/ros2_pkg/share/ros2_pkg/package.dsv\n'}
[13.371124] (ros2_pkg) StdoutLine: {'line': b'-- Up-to-date symlink: /home/dex/workspace/ROS_Project1/install/ros2_pkg/share/ament_index/resource_index/packages/ros2_pkg\n'}
[13.372142] (ros2_pkg) StdoutLine: {'line': b'-- Up-to-date symlink: /home/dex/workspace/ROS_Project1/install/ros2_pkg/share/ros2_pkg/cmake/ros2_pkgConfig.cmake\n'}
[13.374089] (ros2_pkg) StdoutLine: {'line': b'-- Up-to-date symlink: /home/dex/workspace/ROS_Project1/install/ros2_pkg/share/ros2_pkg/cmake/ros2_pkgConfig-version.cmake\n'}
[13.376322] (ros2_pkg) StdoutLine: {'line': b'-- Up-to-date symlink: /home/dex/workspace/ROS_Project1/install/ros2_pkg/share/ros2_pkg/package.xml\n'}
[13.378566] (ros2_pkg) CommandEnded: {'returncode': 0}
[13.400607] (-) TimerEvent: {}
[13.501398] (-) TimerEvent: {}
[13.601679] (-) TimerEvent: {}
[13.701913] (-) TimerEvent: {}
[13.802347] (-) TimerEvent: {}
[13.900621] (ros2_pkg) JobEnded: {'identifier': 'ros2_pkg', 'rc': 0}
[13.904047] (-) TimerEvent: {}
[13.904460] (-) EventReactorShutdown: {}
