[0.164s] Invoking command in '/home/dex/workspace/ROS_Project1/build/ros2_pkg': CMAKE_PREFIX_PATH=/opt/ros/humble /usr/bin/cmake --build /home/dex/workspace/ROS_Project1/build/ros2_pkg -- -j2 -l2
[0.343s] -- Found ament_cmake: 1.3.8 (/opt/ros/humble/share/ament_cmake/cmake)
[0.793s] -- Found rclcpp: 16.0.8 (/opt/ros/humble/share/rclcpp/cmake)
[0.990s] -- Found rosidl_generator_c: 3.1.5 (/opt/ros/humble/share/rosidl_generator_c/cmake)
[1.009s] -- Found rosidl_adapter: 3.1.5 (/opt/ros/humble/share/rosidl_adapter/cmake)
[1.052s] -- Found rosidl_generator_cpp: 3.1.5 (/opt/ros/humble/share/rosidl_generator_cpp/cmake)
[1.115s] -- Using all available rosidl_typesupport_c: rosidl_typesupport_fastrtps_c;rosidl_typesupport_introspection_c
[1.198s] -- Using all available rosidl_typesupport_cpp: rosidl_typesupport_fastrtps_cpp;rosidl_typesupport_introspection_cpp
[1.458s] -- Found rmw_implementation_cmake: 6.1.1 (/opt/ros/humble/share/rmw_implementation_cmake/cmake)
[1.472s] -- Found rmw_fastrtps_cpp: 6.2.6 (/opt/ros/humble/share/rmw_fastrtps_cpp/cmake)
[1.894s] -- Found OpenSSL: /usr/lib/x86_64-linux-gnu/libcrypto.so (found version "3.0.2")  
[1.983s] -- Found FastRTPS: /opt/ros/humble/include  
[2.099s] -- Using RMW implementation 'rmw_fastrtps_cpp' as default
[2.151s] -- Looking for pthread.h
[2.628s] -- Looking for pthread.h - found
[2.629s] -- Performing Test CMAKE_HAVE_LIBC_PTHREAD
[2.936s] -- Performing Test CMAKE_HAVE_LIBC_PTHREAD - Success
[2.937s] -- Found Threads: TRUE  
[3.506s] [31mCMake Error at /opt/ros/humble/share/ament_cmake_target_dependencies/cmake/ament_target_dependencies.cmake:42 (message):
[3.507s]   ament_target_dependencies() the first argument must be a valid target name
[3.507s] Call Stack (most recent call first):
[3.507s]   CMakeLists.txt:17 (ament_target_dependencies)
[3.507s] 
[3.507s] [0m
[3.508s] -- Configuring incomplete, errors occurred!
[3.508s] See also "/home/dex/workspace/ROS_Project1/build/ros2_pkg/CMakeFiles/CMakeOutput.log".
[3.522s] gmake: *** [Makefile:226: cmake_check_build_system] Error 1
[3.532s] Invoked command in '/home/dex/workspace/ROS_Project1/build/ros2_pkg' returned '2': CMAKE_PREFIX_PATH=/opt/ros/humble /usr/bin/cmake --build /home/dex/workspace/ROS_Project1/build/ros2_pkg -- -j2 -l2
