[0.000000] (-) TimerEvent: {}
[0.000216] (ros2_pkg) JobQueued: {'identifier': 'ros2_pkg', 'dependencies': OrderedDict()}
[0.000257] (ros2_pkg) JobStarted: {'identifier': 'ros2_pkg'}
[0.063492] (ros2_pkg) JobProgress: {'identifier': 'ros2_pkg', 'progress': 'cmake'}
[0.063573] (ros2_pkg) JobProgress: {'identifier': 'ros2_pkg', 'progress': 'build'}
[0.063600] (ros2_pkg) Command: {'cmd': ['/usr/bin/cmake', '--build', '/home/dex/workspace/ROS_Project1/build/ros2_pkg', '--', '-j2', '-l2'], 'cwd': '/home/dex/workspace/ROS_Project1/build/ros2_pkg', 'env': OrderedDict([('GJS_DEBUG_TOPICS', 'JS ERROR;JS LOG'), ('LESSOPEN', '| /usr/bin/lesspipe %s'), ('LANGUAGE', 'en_IN:en'), ('USER', 'dex'), ('GIO_MODULE_DIR', '/home/dex/snap/code/common/.cache/gio-modules'), ('XDG_SESSION_TYPE', 'wayland'), ('GIT_ASKPASS', '/snap/code/155/usr/share/code/resources/app/extensions/git/dist/askpass.sh'), ('GTK_EXE_PREFIX_VSCODE_SNAP_ORIG', ''), ('GDK_BACKEND_VSCODE_SNAP_ORIG', ''), ('SHLVL', '1'), ('LD_LIBRARY_PATH', '/opt/ros/humble/opt/rviz_ogre_vendor/lib:/opt/ros/humble/lib/x86_64-linux-gnu:/opt/ros/humble/lib'), ('HOME', '/home/dex'), ('CHROME_DESKTOP', 'code-url-handler.desktop'), ('LOCPATH_VSCODE_SNAP_ORIG', ''), ('TERM_PROGRAM_VERSION', '1.87.2'), ('DESKTOP_SESSION', 'ubuntu'), ('GTK_PATH', '/snap/code/155/usr/lib/x86_64-linux-gnu/gtk-3.0'), ('GTK_IM_MODULE_FILE', '/home/dex/snap/code/common/.cache/immodules/immodules.cache'), ('GIO_LAUNCHED_DESKTOP_FILE', '/var/lib/snapd/desktop/applications/code_code.desktop'), ('ROS_PYTHON_VERSION', '3'), ('GNOME_SHELL_SESSION_MODE', 'ubuntu'), ('GTK_MODULES', 'gail:atk-bridge'), ('GSETTINGS_SCHEMA_DIR_VSCODE_SNAP_ORIG', ''), ('VSCODE_GIT_ASKPASS_MAIN', '/snap/code/155/usr/share/code/resources/app/extensions/git/dist/askpass-main.js'), ('VSCODE_GIT_ASKPASS_NODE', '/snap/code/155/usr/share/code/code'), ('MANAGERPID', '1006'), ('SYSTEMD_EXEC_PID', '1237'), ('IM_CONFIG_CHECK_ENV', '1'), ('DBUS_SESSION_BUS_ADDRESS', 'unix:path=/run/user/1000/bus'), ('COLORTERM', 'truecolor'), ('GIO_LAUNCHED_DESKTOP_FILE_PID', '2937'), ('_colcon_cd_root', '/opt/ros/humble/'), ('IM_CONFIG_PHASE', '1'), ('WAYLAND_DISPLAY', 'wayland-0'), ('ROS_DISTRO', 'humble'), ('LOGNAME', 'dex'), ('_', '/usr/bin/colcon'), ('JOURNAL_STREAM', '8:34382'), ('ROS_VERSION', '2'), ('XDG_CONFIG_DIRS_VSCODE_SNAP_ORIG', '/etc/xdg/xdg-ubuntu:/etc/xdg'), ('XDG_SESSION_CLASS', 'user'), ('XDG_DATA_DIRS_VSCODE_SNAP_ORIG', '/usr/share/ubuntu:/usr/local/share/:/usr/share/:/var/lib/snapd/desktop'), ('USERNAME', 'dex'), ('TERM', 'xterm-256color'), ('GNOME_DESKTOP_SESSION_ID', 'this-is-deprecated'), ('ROS_LOCALHOST_ONLY', '0'), ('PATH', '/opt/ros/humble/bin:/usr/local/sbin:/usr/local/bin:/usr/sbin:/usr/bin:/sbin:/bin:/usr/games:/usr/local/games:/snap/bin:/snap/bin'), ('SESSION_MANAGER', 'local/vm:@/tmp/.ICE-unix/1188,unix/vm:/tmp/.ICE-unix/1188'), ('GTK_EXE_PREFIX', '/snap/code/155/usr'), ('INVOCATION_ID', 'c1eefbaf74dc44c9a2aa029703fc8309'), ('XDG_MENU_PREFIX', 'gnome-'), ('BAMF_DESKTOP_FILE_HINT', '/var/lib/snapd/desktop/applications/code_code.desktop'), ('GNOME_SETUP_DISPLAY', ':1'), ('XDG_RUNTIME_DIR', '/run/user/1000'), ('GDK_BACKEND', 'x11'), ('DISPLAY', ':0'), ('LOCPATH', '/snap/code/155/usr/lib/locale'), ('LANG', 'en_US.UTF-8'), ('XDG_CURRENT_DESKTOP', 'Unity'), ('GIO_MODULE_DIR_VSCODE_SNAP_ORIG', ''), ('XMODIFIERS', '@im=ibus'), ('XDG_SESSION_DESKTOP', 'ubuntu'), ('XAUTHORITY', '/run/user/1000/.mutter-Xwaylandauth.3J58K2'), ('LS_COLORS', ''), ('VSCODE_GIT_IPC_HANDLE', '/run/user/1000/vscode-git-25367c983e.sock'), ('TERM_PROGRAM', 'vscode'), ('SSH_AGENT_LAUNCHER', 'gnome-keyring'), ('SSH_AUTH_SOCK', '/run/user/1000/keyring/ssh'), ('GSETTINGS_SCHEMA_DIR', '/home/dex/snap/code/155/.local/share/glib-2.0/schemas'), ('AMENT_PREFIX_PATH', '/opt/ros/humble'), ('ORIGINAL_XDG_CURRENT_DESKTOP', 'ubuntu:GNOME'), ('SHELL', '/bin/bash'), ('QT_ACCESSIBILITY', '1'), ('GDMSESSION', 'ubuntu'), ('LESSCLOSE', '/usr/bin/lesspipe %s %s'), ('GTK_PATH_VSCODE_SNAP_ORIG', ''), ('GTK_IM_MODULE_FILE_VSCODE_SNAP_ORIG', ''), ('GJS_DEBUG_OUTPUT', 'stderr'), ('VSCODE_GIT_ASKPASS_EXTRA_ARGS', ''), ('QT_IM_MODULE', 'ibus'), ('PWD', '/home/dex/workspace/ROS_Project1/build/ros2_pkg'), ('LC_ALL', 'en_US.UTF-8'), ('XDG_CONFIG_DIRS', '/etc/xdg/xdg-ubuntu:/etc/xdg'), ('XDG_DATA_DIRS', '/home/dex/snap/code/155/.local/share:/home/dex/snap/code/155:/snap/code/155/usr/share:/usr/share/ubuntu:/usr/local/share/:/usr/share/:/var/lib/snapd/desktop'), ('PYTHONPATH', '/opt/ros/humble/lib/python3.10/site-packages:/opt/ros/humble/local/lib/python3.10/dist-packages'), ('COLCON', '1'), ('CMAKE_PREFIX_PATH', '/opt/ros/humble')]), 'shell': False}
[0.088340] (-) TimerEvent: {}
[0.190790] (-) TimerEvent: {}
[0.221693] (ros2_pkg) StdoutLine: {'line': b'\x1b[35m\x1b[1mConsolidate compiler generated dependencies of target rpm_publisher\x1b[0m\n'}
[0.264292] (ros2_pkg) StdoutLine: {'line': b'[ 20%] Built target hello_world_publisher\n'}
[0.290936] (-) TimerEvent: {}
[0.293576] (ros2_pkg) StdoutLine: {'line': b'[ 30%] \x1b[32mBuilding CXX object CMakeFiles/rpm_publisher.dir/src/rpm_publisher.cpp.o\x1b[0m\n'}
[0.368506] (ros2_pkg) StdoutLine: {'line': b'[ 50%] Built target hello_world_subscriber\n'}
[0.391059] (-) TimerEvent: {}
[0.492152] (-) TimerEvent: {}
[0.498281] (ros2_pkg) StdoutLine: {'line': b'[ 70%] Built target rpm_subscriber\n'}
[0.592276] (-) TimerEvent: {}
[0.622513] (ros2_pkg) StdoutLine: {'line': b'[ 90%] Built target speed_subscriber\n'}
[0.692584] (-) TimerEvent: {}
[0.792988] (-) TimerEvent: {}
[0.893338] (-) TimerEvent: {}
[0.993909] (-) TimerEvent: {}
[1.096548] (-) TimerEvent: {}
[1.197141] (-) TimerEvent: {}
[1.297807] (-) TimerEvent: {}
[1.398159] (-) TimerEvent: {}
[1.498492] (-) TimerEvent: {}
[1.598823] (-) TimerEvent: {}
[1.699154] (-) TimerEvent: {}
[1.799508] (-) TimerEvent: {}
[1.899926] (-) TimerEvent: {}
[2.000428] (-) TimerEvent: {}
[2.100839] (-) TimerEvent: {}
[2.201224] (-) TimerEvent: {}
[2.301672] (-) TimerEvent: {}
[2.402034] (-) TimerEvent: {}
[2.502449] (-) TimerEvent: {}
[2.602756] (-) TimerEvent: {}
[2.703111] (-) TimerEvent: {}
[2.803458] (-) TimerEvent: {}
[2.903807] (-) TimerEvent: {}
[3.004165] (-) TimerEvent: {}
[3.104515] (-) TimerEvent: {}
[3.204879] (-) TimerEvent: {}
[3.305221] (-) TimerEvent: {}
[3.405595] (-) TimerEvent: {}
[3.505965] (-) TimerEvent: {}
[3.606321] (-) TimerEvent: {}
[3.706703] (-) TimerEvent: {}
[3.807086] (-) TimerEvent: {}
[3.907439] (-) TimerEvent: {}
[4.008412] (-) TimerEvent: {}
[4.109059] (-) TimerEvent: {}
[4.209456] (-) TimerEvent: {}
[4.309816] (-) TimerEvent: {}
[4.410551] (-) TimerEvent: {}
[4.510965] (-) TimerEvent: {}
[4.611730] (-) TimerEvent: {}
[4.712843] (-) TimerEvent: {}
[4.813412] (-) TimerEvent: {}
[4.913858] (-) TimerEvent: {}
[5.014561] (-) TimerEvent: {}
[5.115154] (-) TimerEvent: {}
[5.215481] (-) TimerEvent: {}
[5.315843] (-) TimerEvent: {}
[5.416193] (-) TimerEvent: {}
[5.516543] (-) TimerEvent: {}
[5.617122] (-) TimerEvent: {}
[5.718083] (-) TimerEvent: {}
[5.818473] (-) TimerEvent: {}
[5.918994] (-) TimerEvent: {}
[6.019347] (-) TimerEvent: {}
[6.119672] (-) TimerEvent: {}
[6.220090] (-) TimerEvent: {}
[6.320466] (-) TimerEvent: {}
[6.420853] (-) TimerEvent: {}
[6.521301] (-) TimerEvent: {}
[6.539986] (ros2_pkg) StdoutLine: {'line': b'[100%] \x1b[32m\x1b[1mLinking CXX executable rpm_publisher\x1b[0m\n'}
[6.621681] (-) TimerEvent: {}
[6.723095] (-) TimerEvent: {}
[6.823875] (-) TimerEvent: {}
[6.925311] (-) TimerEvent: {}
[6.962725] (ros2_pkg) StdoutLine: {'line': b'[100%] Built target rpm_publisher\n'}
[6.988612] (ros2_pkg) CommandEnded: {'returncode': 0}
[7.027030] (-) TimerEvent: {}
[7.127439] (-) TimerEvent: {}
[7.143476] (ros2_pkg) JobProgress: {'identifier': 'ros2_pkg', 'progress': 'install'}
[7.159338] (ros2_pkg) Command: {'cmd': ['/usr/bin/cmake', '--install', '/home/dex/workspace/ROS_Project1/build/ros2_pkg'], 'cwd': '/home/dex/workspace/ROS_Project1/build/ros2_pkg', 'env': OrderedDict([('GJS_DEBUG_TOPICS', 'JS ERROR;JS LOG'), ('LESSOPEN', '| /usr/bin/lesspipe %s'), ('LANGUAGE', 'en_IN:en'), ('USER', 'dex'), ('GIO_MODULE_DIR', '/home/dex/snap/code/common/.cache/gio-modules'), ('XDG_SESSION_TYPE', 'wayland'), ('GIT_ASKPASS', '/snap/code/155/usr/share/code/resources/app/extensions/git/dist/askpass.sh'), ('GTK_EXE_PREFIX_VSCODE_SNAP_ORIG', ''), ('GDK_BACKEND_VSCODE_SNAP_ORIG', ''), ('SHLVL', '1'), ('LD_LIBRARY_PATH', '/opt/ros/humble/opt/rviz_ogre_vendor/lib:/opt/ros/humble/lib/x86_64-linux-gnu:/opt/ros/humble/lib'), ('HOME', '/home/dex'), ('CHROME_DESKTOP', 'code-url-handler.desktop'), ('LOCPATH_VSCODE_SNAP_ORIG', ''), ('TERM_PROGRAM_VERSION', '1.87.2'), ('DESKTOP_SESSION', 'ubuntu'), ('GTK_PATH', '/snap/code/155/usr/lib/x86_64-linux-gnu/gtk-3.0'), ('GTK_IM_MODULE_FILE', '/home/dex/snap/code/common/.cache/immodules/immodules.cache'), ('GIO_LAUNCHED_DESKTOP_FILE', '/var/lib/snapd/desktop/applications/code_code.desktop'), ('ROS_PYTHON_VERSION', '3'), ('GNOME_SHELL_SESSION_MODE', 'ubuntu'), ('GTK_MODULES', 'gail:atk-bridge'), ('GSETTINGS_SCHEMA_DIR_VSCODE_SNAP_ORIG', ''), ('VSCODE_GIT_ASKPASS_MAIN', '/snap/code/155/usr/share/code/resources/app/extensions/git/dist/askpass-main.js'), ('VSCODE_GIT_ASKPASS_NODE', '/snap/code/155/usr/share/code/code'), ('MANAGERPID', '1006'), ('SYSTEMD_EXEC_PID', '1237'), ('IM_CONFIG_CHECK_ENV', '1'), ('DBUS_SESSION_BUS_ADDRESS', 'unix:path=/run/user/1000/bus'), ('COLORTERM', 'truecolor'), ('GIO_LAUNCHED_DESKTOP_FILE_PID', '2937'), ('_colcon_cd_root', '/opt/ros/humble/'), ('IM_CONFIG_PHASE', '1'), ('WAYLAND_DISPLAY', 'wayland-0'), ('ROS_DISTRO', 'humble'), ('LOGNAME', 'dex'), ('_', '/usr/bin/colcon'), ('JOURNAL_STREAM', '8:34382'), ('ROS_VERSION', '2'), ('XDG_CONFIG_DIRS_VSCODE_SNAP_ORIG', '/etc/xdg/xdg-ubuntu:/etc/xdg'), ('XDG_SESSION_CLASS', 'user'), ('XDG_DATA_DIRS_VSCODE_SNAP_ORIG', '/usr/share/ubuntu:/usr/local/share/:/usr/share/:/var/lib/snapd/desktop'), ('USERNAME', 'dex'), ('TERM', 'xterm-256color'), ('GNOME_DESKTOP_SESSION_ID', 'this-is-deprecated'), ('ROS_LOCALHOST_ONLY', '0'), ('PATH', '/opt/ros/humble/bin:/usr/local/sbin:/usr/local/bin:/usr/sbin:/usr/bin:/sbin:/bin:/usr/games:/usr/local/games:/snap/bin:/snap/bin'), ('SESSION_MANAGER', 'local/vm:@/tmp/.ICE-unix/1188,unix/vm:/tmp/.ICE-unix/1188'), ('GTK_EXE_PREFIX', '/snap/code/155/usr'), ('INVOCATION_ID', 'c1eefbaf74dc44c9a2aa029703fc8309'), ('XDG_MENU_PREFIX', 'gnome-'), ('BAMF_DESKTOP_FILE_HINT', '/var/lib/snapd/desktop/applications/code_code.desktop'), ('GNOME_SETUP_DISPLAY', ':1'), ('XDG_RUNTIME_DIR', '/run/user/1000'), ('GDK_BACKEND', 'x11'), ('DISPLAY', ':0'), ('LOCPATH', '/snap/code/155/usr/lib/locale'), ('LANG', 'en_US.UTF-8'), ('XDG_CURRENT_DESKTOP', 'Unity'), ('GIO_MODULE_DIR_VSCODE_SNAP_ORIG', ''), ('XMODIFIERS', '@im=ibus'), ('XDG_SESSION_DESKTOP', 'ubuntu'), ('XAUTHORITY', '/run/user/1000/.mutter-Xwaylandauth.3J58K2'), ('LS_COLORS', ''), ('VSCODE_GIT_IPC_HANDLE', '/run/user/1000/vscode-git-25367c983e.sock'), ('TERM_PROGRAM', 'vscode'), ('SSH_AGENT_LAUNCHER', 'gnome-keyring'), ('SSH_AUTH_SOCK', '/run/user/1000/keyring/ssh'), ('GSETTINGS_SCHEMA_DIR', '/home/dex/snap/code/155/.local/share/glib-2.0/schemas'), ('AMENT_PREFIX_PATH', '/opt/ros/humble'), ('ORIGINAL_XDG_CURRENT_DESKTOP', 'ubuntu:GNOME'), ('SHELL', '/bin/bash'), ('QT_ACCESSIBILITY', '1'), ('GDMSESSION', 'ubuntu'), ('LESSCLOSE', '/usr/bin/lesspipe %s %s'), ('GTK_PATH_VSCODE_SNAP_ORIG', ''), ('GTK_IM_MODULE_FILE_VSCODE_SNAP_ORIG', ''), ('GJS_DEBUG_OUTPUT', 'stderr'), ('VSCODE_GIT_ASKPASS_EXTRA_ARGS', ''), ('QT_IM_MODULE', 'ibus'), ('PWD', '/home/dex/workspace/ROS_Project1/build/ros2_pkg'), ('LC_ALL', 'en_US.UTF-8'), ('XDG_CONFIG_DIRS', '/etc/xdg/xdg-ubuntu:/etc/xdg'), ('XDG_DATA_DIRS', '/home/dex/snap/code/155/.local/share:/home/dex/snap/code/155:/snap/code/155/usr/share:/usr/share/ubuntu:/usr/local/share/:/usr/share/:/var/lib/snapd/desktop'), ('PYTHONPATH', '/opt/ros/humble/lib/python3.10/site-packages:/opt/ros/humble/local/lib/python3.10/dist-packages'), ('COLCON', '1'), ('CMAKE_PREFIX_PATH', '/opt/ros/humble')]), 'shell': False}
[7.176456] (ros2_pkg) StdoutLine: {'line': b'-- Install configuration: ""\n'}
[7.178104] (ros2_pkg) StdoutLine: {'line': b'-- Execute custom install script\n'}
[7.179837] (ros2_pkg) StdoutLine: {'line': b'-- Up-to-date symlink: /home/dex/workspace/ROS_Project1/install/ros2_pkg/lib/ros2_pkg/hello_world_publisher\n'}
[7.183661] (ros2_pkg) StdoutLine: {'line': b'-- Up-to-date symlink: /home/dex/workspace/ROS_Project1/install/ros2_pkg/lib/ros2_pkg/hello_world_subscriber\n'}
[7.184602] (ros2_pkg) StdoutLine: {'line': b'-- Up-to-date symlink: /home/dex/workspace/ROS_Project1/install/ros2_pkg/lib/ros2_pkg/rpm_publisher\n'}
[7.185984] (ros2_pkg) StdoutLine: {'line': b'-- Up-to-date symlink: /home/dex/workspace/ROS_Project1/install/ros2_pkg/lib/ros2_pkg/rpm_subscriber\n'}
[7.186959] (ros2_pkg) StdoutLine: {'line': b'-- Up-to-date symlink: /home/dex/workspace/ROS_Project1/install/ros2_pkg/lib/ros2_pkg/speed_subscriber\n'}
[7.188428] (ros2_pkg) StdoutLine: {'line': b'-- Up-to-date symlink: /home/dex/workspace/ROS_Project1/install/ros2_pkg/share/ament_index/resource_index/package_run_dependencies/ros2_pkg\n'}
[7.189213] (ros2_pkg) StdoutLine: {'line': b'-- Up-to-date symlink: /home/dex/workspace/ROS_Project1/install/ros2_pkg/share/ament_index/resource_index/parent_prefix_path/ros2_pkg\n'}
[7.189872] (ros2_pkg) StdoutLine: {'line': b'-- Up-to-date symlink: /home/dex/workspace/ROS_Project1/install/ros2_pkg/share/ros2_pkg/environment/ament_prefix_path.sh\n'}
[7.190469] (ros2_pkg) StdoutLine: {'line': b'-- Up-to-date symlink: /home/dex/workspace/ROS_Project1/install/ros2_pkg/share/ros2_pkg/environment/ament_prefix_path.dsv\n'}
[7.190924] (ros2_pkg) StdoutLine: {'line': b'-- Up-to-date symlink: /home/dex/workspace/ROS_Project1/install/ros2_pkg/share/ros2_pkg/environment/path.sh\n'}
[7.191667] (ros2_pkg) StdoutLine: {'line': b'-- Up-to-date symlink: /home/dex/workspace/ROS_Project1/install/ros2_pkg/share/ros2_pkg/environment/path.dsv\n'}
[7.192017] (ros2_pkg) StdoutLine: {'line': b'-- Up-to-date symlink: /home/dex/workspace/ROS_Project1/install/ros2_pkg/share/ros2_pkg/local_setup.bash\n'}
[7.192470] (ros2_pkg) StdoutLine: {'line': b'-- Up-to-date symlink: /home/dex/workspace/ROS_Project1/install/ros2_pkg/share/ros2_pkg/local_setup.sh\n'}
[7.192815] (ros2_pkg) StdoutLine: {'line': b'-- Up-to-date symlink: /home/dex/workspace/ROS_Project1/install/ros2_pkg/share/ros2_pkg/local_setup.zsh\n'}
[7.193280] (ros2_pkg) StdoutLine: {'line': b'-- Up-to-date symlink: /home/dex/workspace/ROS_Project1/install/ros2_pkg/share/ros2_pkg/local_setup.dsv\n'}
[7.193572] (ros2_pkg) StdoutLine: {'line': b'-- Symlinking: /home/dex/workspace/ROS_Project1/install/ros2_pkg/share/ros2_pkg/package.dsv\n'}
[7.225281] (ros2_pkg) StdoutLine: {'line': b'-- Up-to-date symlink: /home/dex/workspace/ROS_Project1/install/ros2_pkg/share/ament_index/resource_index/packages/ros2_pkg\n'}
[7.225827] (ros2_pkg) StdoutLine: {'line': b'-- Up-to-date symlink: /home/dex/workspace/ROS_Project1/install/ros2_pkg/share/ros2_pkg/cmake/ros2_pkgConfig.cmake\n'}
[7.226064] (ros2_pkg) StdoutLine: {'line': b'-- Up-to-date symlink: /home/dex/workspace/ROS_Project1/install/ros2_pkg/share/ros2_pkg/cmake/ros2_pkgConfig-version.cmake\n'}
[7.226390] (ros2_pkg) StdoutLine: {'line': b'-- Up-to-date symlink: /home/dex/workspace/ROS_Project1/install/ros2_pkg/share/ros2_pkg/package.xml\n'}
[7.227611] (-) TimerEvent: {}
[7.229218] (ros2_pkg) CommandEnded: {'returncode': 0}
[7.328193] (-) TimerEvent: {}
[7.428702] (-) TimerEvent: {}
[7.529064] (-) TimerEvent: {}
[7.629801] (-) TimerEvent: {}
[7.643353] (ros2_pkg) JobEnded: {'identifier': 'ros2_pkg', 'rc': 0}
[7.644665] (-) EventReactorShutdown: {}
