[1.633s] DEBUG:colcon:Command line arguments: ['/usr/bin/colcon', 'build', '--symlink-install']
[1.633s] DEBUG:colcon:Parsed command line arguments: Namespace(log_base=None, log_level=None, verb_name='build', build_base='build', install_base='install', merge_install=False, symlink_install=True, test_result_base=None, continue_on_error=False, executor='parallel', parallel_workers=2, event_handlers=None, ignore_user_meta=False, metas=['./colcon.meta'], base_paths=['.'], packages_ignore=None, packages_ignore_regex=None, paths=None, packages_up_to=None, packages_up_to_regex=None, packages_above=None, packages_above_and_dependencies=None, packages_above_depth=None, packages_select_by_dep=None, packages_skip_by_dep=None, packages_skip_up_to=None, packages_select_build_failed=False, packages_skip_build_finished=False, packages_select_test_failures=False, packages_skip_test_passed=False, packages_select=None, packages_skip=None, packages_select_regex=None, packages_skip_regex=None, packages_start=None, packages_end=None, allow_overriding=[], cmake_args=None, cmake_target=None, cmake_target_skip_unavailable=False, cmake_clean_cache=False, cmake_clean_first=False, cmake_force_configure=False, ament_cmake_args=None, catkin_cmake_args=None, catkin_skip_building_tests=False, verb_parser=<colcon_defaults.argument_parser.defaults.DefaultArgumentsDecorator object at 0x79b15c8adfc0>, verb_extension=<colcon_core.verb.build.BuildVerb object at 0x79b15c8ae5f0>, main=<bound method BuildVerb.main of <colcon_core.verb.build.BuildVerb object at 0x79b15c8ae5f0>>)
[1.745s] Level 1:colcon.colcon_core.package_discovery:discover_packages(colcon_meta) check parameters
[1.745s] Level 1:colcon.colcon_core.package_discovery:discover_packages(recursive) check parameters
[1.745s] Level 1:colcon.colcon_core.package_discovery:discover_packages(ignore) check parameters
[1.745s] Level 1:colcon.colcon_core.package_discovery:discover_packages(path) check parameters
[1.745s] Level 1:colcon.colcon_core.package_discovery:discover_packages(colcon_meta) discover
[1.745s] Level 1:colcon.colcon_core.package_discovery:discover_packages(recursive) discover
[1.745s] INFO:colcon.colcon_core.package_discovery:Crawling recursively for packages in '/home/dex/workspace/ROS_Project1'
[1.746s] Level 1:colcon.colcon_core.package_identification:_identify(.) by extensions ['ignore', 'ignore_ament_install']
[1.746s] Level 1:colcon.colcon_core.package_identification:_identify(.) by extension 'ignore'
[1.746s] Level 1:colcon.colcon_core.package_identification:_identify(.) by extension 'ignore_ament_install'
[1.746s] Level 1:colcon.colcon_core.package_identification:_identify(.) by extensions ['colcon_pkg']
[1.746s] Level 1:colcon.colcon_core.package_identification:_identify(.) by extension 'colcon_pkg'
[1.746s] Level 1:colcon.colcon_core.package_identification:_identify(.) by extensions ['colcon_meta']
[1.746s] Level 1:colcon.colcon_core.package_identification:_identify(.) by extension 'colcon_meta'
[1.746s] Level 1:colcon.colcon_core.package_identification:_identify(.) by extensions ['ros']
[1.746s] Level 1:colcon.colcon_core.package_identification:_identify(.) by extension 'ros'
[1.772s] Level 1:colcon.colcon_core.package_identification:_identify(.) by extensions ['cmake', 'python']
[1.773s] Level 1:colcon.colcon_core.package_identification:_identify(.) by extension 'cmake'
[1.773s] Level 1:colcon.colcon_core.package_identification:_identify(.) by extension 'python'
[1.773s] Level 1:colcon.colcon_core.package_identification:_identify(.) by extensions ['python_setup_py']
[1.773s] Level 1:colcon.colcon_core.package_identification:_identify(.) by extension 'python_setup_py'
[1.774s] Level 1:colcon.colcon_core.package_identification:_identify(build) by extensions ['ignore', 'ignore_ament_install']
[1.774s] Level 1:colcon.colcon_core.package_identification:_identify(build) by extension 'ignore'
[1.774s] Level 1:colcon.colcon_core.package_identification:_identify(build) ignored
[1.774s] Level 1:colcon.colcon_core.package_identification:_identify(install) by extensions ['ignore', 'ignore_ament_install']
[1.775s] Level 1:colcon.colcon_core.package_identification:_identify(install) by extension 'ignore'
[1.775s] Level 1:colcon.colcon_core.package_identification:_identify(install) ignored
[1.775s] Level 1:colcon.colcon_core.package_identification:_identify(log) by extensions ['ignore', 'ignore_ament_install']
[1.775s] Level 1:colcon.colcon_core.package_identification:_identify(log) by extension 'ignore'
[1.775s] Level 1:colcon.colcon_core.package_identification:_identify(log) ignored
[1.776s] Level 1:colcon.colcon_core.package_identification:_identify(src) by extensions ['ignore', 'ignore_ament_install']
[1.776s] Level 1:colcon.colcon_core.package_identification:_identify(src) by extension 'ignore'
[1.776s] Level 1:colcon.colcon_core.package_identification:_identify(src) by extension 'ignore_ament_install'
[1.776s] Level 1:colcon.colcon_core.package_identification:_identify(src) by extensions ['colcon_pkg']
[1.776s] Level 1:colcon.colcon_core.package_identification:_identify(src) by extension 'colcon_pkg'
[1.776s] Level 1:colcon.colcon_core.package_identification:_identify(src) by extensions ['colcon_meta']
[1.777s] Level 1:colcon.colcon_core.package_identification:_identify(src) by extension 'colcon_meta'
[1.777s] Level 1:colcon.colcon_core.package_identification:_identify(src) by extensions ['ros']
[1.777s] Level 1:colcon.colcon_core.package_identification:_identify(src) by extension 'ros'
[1.777s] Level 1:colcon.colcon_core.package_identification:_identify(src) by extensions ['cmake', 'python']
[1.778s] Level 1:colcon.colcon_core.package_identification:_identify(src) by extension 'cmake'
[1.778s] Level 1:colcon.colcon_core.package_identification:_identify(src) by extension 'python'
[1.779s] Level 1:colcon.colcon_core.package_identification:_identify(src) by extensions ['python_setup_py']
[1.779s] Level 1:colcon.colcon_core.package_identification:_identify(src) by extension 'python_setup_py'
[1.780s] Level 1:colcon.colcon_core.package_identification:_identify(src/ros2_pkg) by extensions ['ignore', 'ignore_ament_install']
[1.780s] Level 1:colcon.colcon_core.package_identification:_identify(src/ros2_pkg) by extension 'ignore'
[1.780s] Level 1:colcon.colcon_core.package_identification:_identify(src/ros2_pkg) by extension 'ignore_ament_install'
[1.780s] Level 1:colcon.colcon_core.package_identification:_identify(src/ros2_pkg) by extensions ['colcon_pkg']
[1.780s] Level 1:colcon.colcon_core.package_identification:_identify(src/ros2_pkg) by extension 'colcon_pkg'
[1.786s] Level 1:colcon.colcon_core.package_identification:_identify(src/ros2_pkg) by extensions ['colcon_meta']
[1.786s] Level 1:colcon.colcon_core.package_identification:_identify(src/ros2_pkg) by extension 'colcon_meta'
[1.786s] Level 1:colcon.colcon_core.package_identification:_identify(src/ros2_pkg) by extensions ['ros']
[1.786s] Level 1:colcon.colcon_core.package_identification:_identify(src/ros2_pkg) by extension 'ros'
[1.794s] DEBUG:colcon.colcon_core.package_identification:Package 'src/ros2_pkg' with type 'ros.ament_cmake' and name 'ros2_pkg'
[1.794s] Level 1:colcon.colcon_core.package_discovery:discover_packages(recursive) using defaults
[1.794s] Level 1:colcon.colcon_core.package_discovery:discover_packages(ignore) discover
[1.794s] Level 1:colcon.colcon_core.package_discovery:discover_packages(ignore) using defaults
[1.794s] Level 1:colcon.colcon_core.package_discovery:discover_packages(path) discover
[1.794s] Level 1:colcon.colcon_core.package_discovery:discover_packages(path) using defaults
[1.946s] Level 1:colcon.colcon_core.package_discovery:discover_packages(prefix_path) check parameters
[1.946s] Level 1:colcon.colcon_core.package_discovery:discover_packages(prefix_path) discover
[1.989s] DEBUG:colcon.colcon_installed_package_information.package_discovery:Found 270 installed packages in /opt/ros/humble
[1.991s] Level 1:colcon.colcon_core.package_discovery:discover_packages(prefix_path) using defaults
[2.177s] Level 5:colcon.colcon_core.verb:set package 'ros2_pkg' build argument 'cmake_args' from command line to 'None'
[2.177s] Level 5:colcon.colcon_core.verb:set package 'ros2_pkg' build argument 'cmake_target' from command line to 'None'
[2.177s] Level 5:colcon.colcon_core.verb:set package 'ros2_pkg' build argument 'cmake_target_skip_unavailable' from command line to 'False'
[2.177s] Level 5:colcon.colcon_core.verb:set package 'ros2_pkg' build argument 'cmake_clean_cache' from command line to 'False'
[2.177s] Level 5:colcon.colcon_core.verb:set package 'ros2_pkg' build argument 'cmake_clean_first' from command line to 'False'
[2.177s] Level 5:colcon.colcon_core.verb:set package 'ros2_pkg' build argument 'cmake_force_configure' from command line to 'False'
[2.177s] Level 5:colcon.colcon_core.verb:set package 'ros2_pkg' build argument 'ament_cmake_args' from command line to 'None'
[2.177s] Level 5:colcon.colcon_core.verb:set package 'ros2_pkg' build argument 'catkin_cmake_args' from command line to 'None'
[2.177s] Level 5:colcon.colcon_core.verb:set package 'ros2_pkg' build argument 'catkin_skip_building_tests' from command line to 'False'
[2.177s] DEBUG:colcon.colcon_core.verb:Building package 'ros2_pkg' with the following arguments: {'ament_cmake_args': None, 'build_base': '/home/dex/workspace/ROS_Project1/build/ros2_pkg', 'catkin_cmake_args': None, 'catkin_skip_building_tests': False, 'cmake_args': None, 'cmake_clean_cache': False, 'cmake_clean_first': False, 'cmake_force_configure': False, 'cmake_target': None, 'cmake_target_skip_unavailable': False, 'install_base': '/home/dex/workspace/ROS_Project1/install/ros2_pkg', 'merge_install': False, 'path': '/home/dex/workspace/ROS_Project1/src/ros2_pkg', 'symlink_install': True, 'test_result_base': None}
[2.199s] INFO:colcon.colcon_core.executor:Executing jobs using 'parallel' executor
[2.223s] DEBUG:colcon.colcon_parallel_executor.executor.parallel:run_until_complete
[2.223s] INFO:colcon.colcon_ros.task.ament_cmake.build:Building ROS package in '/home/dex/workspace/ROS_Project1/src/ros2_pkg' with build type 'ament_cmake'
[2.224s] INFO:colcon.colcon_cmake.task.cmake.build:Building CMake package in '/home/dex/workspace/ROS_Project1/src/ros2_pkg'
[2.280s] INFO:colcon.colcon_core.plugin_system:Skipping extension 'colcon_core.shell.bat': Not used on non-Windows systems
[2.281s] INFO:colcon.colcon_core.shell:Skip shell extension 'powershell' for command environment: Not usable outside of PowerShell
[2.281s] DEBUG:colcon.colcon_core.shell:Skip shell extension 'dsv' for command environment
[2.346s] DEBUG:colcon.colcon_core.event_handler.log_command:Invoking command in '/home/dex/workspace/ROS_Project1/build/ros2_pkg': CMAKE_PREFIX_PATH=/opt/ros/humble /usr/bin/cmake --build /home/dex/workspace/ROS_Project1/build/ros2_pkg -- -j2 -l2
[11.909s] DEBUG:colcon.colcon_core.event_handler.log_command:Invoked command in '/home/dex/workspace/ROS_Project1/build/ros2_pkg' returned '0': CMAKE_PREFIX_PATH=/opt/ros/humble /usr/bin/cmake --build /home/dex/workspace/ROS_Project1/build/ros2_pkg -- -j2 -l2
[12.060s] DEBUG:colcon.colcon_core.event_handler.log_command:Invoking command in '/home/dex/workspace/ROS_Project1/build/ros2_pkg': CMAKE_PREFIX_PATH=/opt/ros/humble /usr/bin/cmake --install /home/dex/workspace/ROS_Project1/build/ros2_pkg
[12.146s] Level 1:colcon.colcon_core.environment:create_environment_scripts_only(ros2_pkg)
[12.147s] DEBUG:colcon.colcon_core.event_handler.log_command:Invoked command in '/home/dex/workspace/ROS_Project1/build/ros2_pkg' returned '0': CMAKE_PREFIX_PATH=/opt/ros/humble /usr/bin/cmake --install /home/dex/workspace/ROS_Project1/build/ros2_pkg
[12.289s] Level 1:colcon.colcon_core.environment:checking '/home/dex/workspace/ROS_Project1/install/ros2_pkg' for CMake module files
[12.289s] Level 1:colcon.colcon_core.environment:checking '/home/dex/workspace/ROS_Project1/install/ros2_pkg' for CMake config files
[12.290s] Level 1:colcon.colcon_core.shell:create_environment_hook('ros2_pkg', 'cmake_prefix_path')
[12.310s] INFO:colcon.colcon_core.shell:Creating environment hook '/home/dex/workspace/ROS_Project1/install/ros2_pkg/share/ros2_pkg/hook/cmake_prefix_path.ps1'
[12.312s] INFO:colcon.colcon_core.shell:Creating environment descriptor '/home/dex/workspace/ROS_Project1/install/ros2_pkg/share/ros2_pkg/hook/cmake_prefix_path.dsv'
[12.314s] INFO:colcon.colcon_core.shell:Creating environment hook '/home/dex/workspace/ROS_Project1/install/ros2_pkg/share/ros2_pkg/hook/cmake_prefix_path.sh'
[12.315s] Level 1:colcon.colcon_core.environment:checking '/home/dex/workspace/ROS_Project1/install/ros2_pkg/lib'
[12.315s] Level 1:colcon.colcon_core.environment:checking '/home/dex/workspace/ROS_Project1/install/ros2_pkg/bin'
[12.315s] Level 1:colcon.colcon_core.environment:checking '/home/dex/workspace/ROS_Project1/install/ros2_pkg/lib/pkgconfig/ros2_pkg.pc'
[12.315s] Level 1:colcon.colcon_core.environment:checking '/home/dex/workspace/ROS_Project1/install/ros2_pkg/lib/python3.10/site-packages'
[12.316s] Level 1:colcon.colcon_core.environment:checking '/home/dex/workspace/ROS_Project1/install/ros2_pkg/bin'
[12.342s] INFO:colcon.colcon_core.shell:Creating package script '/home/dex/workspace/ROS_Project1/install/ros2_pkg/share/ros2_pkg/package.ps1'
[12.344s] INFO:colcon.colcon_core.shell:Creating package descriptor '/home/dex/workspace/ROS_Project1/install/ros2_pkg/share/ros2_pkg/package.dsv'
[12.347s] INFO:colcon.colcon_core.shell:Creating package script '/home/dex/workspace/ROS_Project1/install/ros2_pkg/share/ros2_pkg/package.sh'
[12.349s] INFO:colcon.colcon_core.shell:Creating package script '/home/dex/workspace/ROS_Project1/install/ros2_pkg/share/ros2_pkg/package.bash'
[12.353s] INFO:colcon.colcon_core.shell:Creating package script '/home/dex/workspace/ROS_Project1/install/ros2_pkg/share/ros2_pkg/package.zsh'
[12.362s] Level 1:colcon.colcon_core.environment:create_file_with_runtime_dependencies(/home/dex/workspace/ROS_Project1/install/ros2_pkg/share/colcon-core/packages/ros2_pkg)
[12.510s] Level 1:colcon.colcon_core.environment:create_environment_scripts_only(ros2_pkg)
[12.535s] Level 1:colcon.colcon_core.environment:checking '/home/dex/workspace/ROS_Project1/install/ros2_pkg' for CMake module files
[12.536s] Level 1:colcon.colcon_core.environment:checking '/home/dex/workspace/ROS_Project1/install/ros2_pkg' for CMake config files
[12.537s] Level 1:colcon.colcon_core.shell:create_environment_hook('ros2_pkg', 'cmake_prefix_path')
[12.571s] INFO:colcon.colcon_core.shell:Creating environment hook '/home/dex/workspace/ROS_Project1/install/ros2_pkg/share/ros2_pkg/hook/cmake_prefix_path.ps1'
[12.571s] INFO:colcon.colcon_core.shell:Creating environment descriptor '/home/dex/workspace/ROS_Project1/install/ros2_pkg/share/ros2_pkg/hook/cmake_prefix_path.dsv'
[12.572s] INFO:colcon.colcon_core.shell:Creating environment hook '/home/dex/workspace/ROS_Project1/install/ros2_pkg/share/ros2_pkg/hook/cmake_prefix_path.sh'
[12.575s] Level 1:colcon.colcon_core.environment:checking '/home/dex/workspace/ROS_Project1/install/ros2_pkg/lib'
[12.576s] Level 1:colcon.colcon_core.environment:checking '/home/dex/workspace/ROS_Project1/install/ros2_pkg/bin'
[12.576s] Level 1:colcon.colcon_core.environment:checking '/home/dex/workspace/ROS_Project1/install/ros2_pkg/lib/pkgconfig/ros2_pkg.pc'
[12.576s] Level 1:colcon.colcon_core.environment:checking '/home/dex/workspace/ROS_Project1/install/ros2_pkg/lib/python3.10/site-packages'
[12.578s] Level 1:colcon.colcon_core.environment:checking '/home/dex/workspace/ROS_Project1/install/ros2_pkg/bin'
[12.600s] INFO:colcon.colcon_core.shell:Creating package script '/home/dex/workspace/ROS_Project1/install/ros2_pkg/share/ros2_pkg/package.ps1'
[12.601s] INFO:colcon.colcon_core.shell:Creating package descriptor '/home/dex/workspace/ROS_Project1/install/ros2_pkg/share/ros2_pkg/package.dsv'
[12.603s] INFO:colcon.colcon_core.shell:Creating package script '/home/dex/workspace/ROS_Project1/install/ros2_pkg/share/ros2_pkg/package.sh'
[12.605s] INFO:colcon.colcon_core.shell:Creating package script '/home/dex/workspace/ROS_Project1/install/ros2_pkg/share/ros2_pkg/package.bash'
[12.605s] INFO:colcon.colcon_core.shell:Creating package script '/home/dex/workspace/ROS_Project1/install/ros2_pkg/share/ros2_pkg/package.zsh'
[12.606s] Level 1:colcon.colcon_core.environment:create_file_with_runtime_dependencies(/home/dex/workspace/ROS_Project1/install/ros2_pkg/share/colcon-core/packages/ros2_pkg)
[12.612s] DEBUG:colcon.colcon_parallel_executor.executor.parallel:closing loop
[12.613s] DEBUG:colcon.colcon_parallel_executor.executor.parallel:loop closed
[12.613s] DEBUG:colcon.colcon_parallel_executor.executor.parallel:run_until_complete finished with '0'
[12.613s] DEBUG:colcon.colcon_core.event_reactor:joining thread
[12.668s] INFO:colcon.colcon_core.plugin_system:Skipping extension 'colcon_notification.desktop_notification.terminal_notifier': Not used on non-Darwin systems
[12.669s] INFO:colcon.colcon_core.plugin_system:Skipping extension 'colcon_notification.desktop_notification.win32': Not used on non-Windows systems
[12.669s] INFO:colcon.colcon_notification.desktop_notification:Sending desktop notification using 'notify2'
[12.777s] DEBUG:colcon.colcon_core.event_reactor:joined thread
[12.816s] INFO:colcon.colcon_core.shell:Creating prefix script '/home/dex/workspace/ROS_Project1/install/local_setup.ps1'
[12.820s] INFO:colcon.colcon_core.shell:Creating prefix util module '/home/dex/workspace/ROS_Project1/install/_local_setup_util_ps1.py'
[12.822s] INFO:colcon.colcon_core.shell:Creating prefix chain script '/home/dex/workspace/ROS_Project1/install/setup.ps1'
[12.853s] INFO:colcon.colcon_core.shell:Creating prefix script '/home/dex/workspace/ROS_Project1/install/local_setup.sh'
[12.854s] INFO:colcon.colcon_core.shell:Creating prefix util module '/home/dex/workspace/ROS_Project1/install/_local_setup_util_sh.py'
[12.860s] INFO:colcon.colcon_core.shell:Creating prefix chain script '/home/dex/workspace/ROS_Project1/install/setup.sh'
[12.919s] INFO:colcon.colcon_core.shell:Creating prefix script '/home/dex/workspace/ROS_Project1/install/local_setup.bash'
[12.924s] INFO:colcon.colcon_core.shell:Creating prefix chain script '/home/dex/workspace/ROS_Project1/install/setup.bash'
[12.962s] INFO:colcon.colcon_core.shell:Creating prefix script '/home/dex/workspace/ROS_Project1/install/local_setup.zsh'
[12.967s] INFO:colcon.colcon_core.shell:Creating prefix chain script '/home/dex/workspace/ROS_Project1/install/setup.zsh'
