[4.160s] DEBUG:colcon:Command line arguments: ['/usr/bin/colcon', 'list', '-p', '--base-paths', '/home/dex/workspace/ROS_Project1']
[4.160s] DEBUG:colcon:Parsed command line arguments: Namespace(log_base=None, log_level=None, verb_name='list', build_base='build', ignore_user_meta=False, metas=['./colcon.meta'], base_paths=['/home/dex/workspace/ROS_Project1'], packages_ignore=None, packages_ignore_regex=None, paths=None, packages_up_to=None, packages_up_to_regex=None, packages_above=None, packages_above_and_dependencies=None, packages_above_depth=None, packages_select_by_dep=None, packages_skip_by_dep=None, packages_skip_up_to=None, packages_select_build_failed=False, packages_skip_build_finished=False, packages_select_test_failures=False, packages_skip_test_passed=False, packages_select=None, packages_skip=None, packages_select_regex=None, packages_skip_regex=None, packages_start=None, packages_end=None, allow_overriding=[], topological_order=False, names_only=False, paths_only=True, topological_graph=False, topological_graph_dot=False, topological_graph_density=False, topological_graph_legend=False, topological_graph_dot_cluster=False, topological_graph_dot_include_skipped=False, verb_parser=<colcon_defaults.argument_parser.defaults.DefaultArgumentsDecorator object at 0x7f9e83535150>, verb_extension=<colcon_package_information.verb.list.ListVerb object at 0x7f9e835b1c30>, main=<bound method ListVerb.main of <colcon_package_information.verb.list.ListVerb object at 0x7f9e835b1c30>>)
[4.421s] Level 1:colcon.colcon_core.package_discovery:discover_packages(colcon_meta) check parameters
[4.422s] Level 1:colcon.colcon_core.package_discovery:discover_packages(recursive) check parameters
[4.422s] Level 1:colcon.colcon_core.package_discovery:discover_packages(ignore) check parameters
[4.422s] Level 1:colcon.colcon_core.package_discovery:discover_packages(path) check parameters
[4.422s] Level 1:colcon.colcon_core.package_discovery:discover_packages(recursive) discover
[4.422s] INFO:colcon.colcon_core.package_discovery:Crawling recursively for packages in '/home/dex/workspace/ROS_Project1'
[4.423s] Level 1:colcon.colcon_core.package_identification:_identify(/home/dex/workspace/ROS_Project1) by extensions ['ignore', 'ignore_ament_install']
[4.423s] Level 1:colcon.colcon_core.package_identification:_identify(/home/dex/workspace/ROS_Project1) by extension 'ignore'
[4.423s] Level 1:colcon.colcon_core.package_identification:_identify(/home/dex/workspace/ROS_Project1) by extension 'ignore_ament_install'
[4.423s] Level 1:colcon.colcon_core.package_identification:_identify(/home/dex/workspace/ROS_Project1) by extensions ['colcon_pkg']
[4.424s] Level 1:colcon.colcon_core.package_identification:_identify(/home/dex/workspace/ROS_Project1) by extension 'colcon_pkg'
[4.435s] Level 1:colcon.colcon_core.package_identification:_identify(/home/dex/workspace/ROS_Project1) by extensions ['colcon_meta']
[4.438s] Level 1:colcon.colcon_core.package_identification:_identify(/home/dex/workspace/ROS_Project1) by extension 'colcon_meta'
[4.438s] Level 1:colcon.colcon_core.package_identification:_identify(/home/dex/workspace/ROS_Project1) by extensions ['ros']
[4.438s] Level 1:colcon.colcon_core.package_identification:_identify(/home/dex/workspace/ROS_Project1) by extension 'ros'
[4.488s] Level 1:colcon.colcon_core.package_identification:_identify(/home/dex/workspace/ROS_Project1) by extensions ['cmake', 'python']
[4.514s] Level 1:colcon.colcon_core.package_identification:_identify(/home/dex/workspace/ROS_Project1) by extension 'cmake'
[4.515s] Level 1:colcon.colcon_core.package_identification:_identify(/home/dex/workspace/ROS_Project1) by extension 'python'
[4.516s] Level 1:colcon.colcon_core.package_identification:_identify(/home/dex/workspace/ROS_Project1) by extensions ['python_setup_py']
[4.516s] Level 1:colcon.colcon_core.package_identification:_identify(/home/dex/workspace/ROS_Project1) by extension 'python_setup_py'
[4.517s] Level 1:colcon.colcon_core.package_identification:_identify(/home/dex/workspace/ROS_Project1/log) by extensions ['ignore', 'ignore_ament_install']
[4.517s] Level 1:colcon.colcon_core.package_identification:_identify(/home/dex/workspace/ROS_Project1/log) by extension 'ignore'
[4.522s] Level 1:colcon.colcon_core.package_identification:_identify(/home/dex/workspace/ROS_Project1/log) ignored
[4.526s] Level 1:colcon.colcon_core.package_identification:_identify(/home/dex/workspace/ROS_Project1/src) by extensions ['ignore', 'ignore_ament_install']
[4.526s] Level 1:colcon.colcon_core.package_identification:_identify(/home/dex/workspace/ROS_Project1/src) by extension 'ignore'
[4.527s] Level 1:colcon.colcon_core.package_identification:_identify(/home/dex/workspace/ROS_Project1/src) by extension 'ignore_ament_install'
[4.527s] Level 1:colcon.colcon_core.package_identification:_identify(/home/dex/workspace/ROS_Project1/src) by extensions ['colcon_pkg']
[4.528s] Level 1:colcon.colcon_core.package_identification:_identify(/home/dex/workspace/ROS_Project1/src) by extension 'colcon_pkg'
[4.528s] Level 1:colcon.colcon_core.package_identification:_identify(/home/dex/workspace/ROS_Project1/src) by extensions ['colcon_meta']
[4.528s] Level 1:colcon.colcon_core.package_identification:_identify(/home/dex/workspace/ROS_Project1/src) by extension 'colcon_meta'
[4.528s] Level 1:colcon.colcon_core.package_identification:_identify(/home/dex/workspace/ROS_Project1/src) by extensions ['ros']
[4.528s] Level 1:colcon.colcon_core.package_identification:_identify(/home/dex/workspace/ROS_Project1/src) by extension 'ros'
[4.529s] Level 1:colcon.colcon_core.package_identification:_identify(/home/dex/workspace/ROS_Project1/src) by extensions ['cmake', 'python']
[4.529s] Level 1:colcon.colcon_core.package_identification:_identify(/home/dex/workspace/ROS_Project1/src) by extension 'cmake'
[4.529s] Level 1:colcon.colcon_core.package_identification:_identify(/home/dex/workspace/ROS_Project1/src) by extension 'python'
[4.530s] Level 1:colcon.colcon_core.package_identification:_identify(/home/dex/workspace/ROS_Project1/src) by extensions ['python_setup_py']
[4.532s] Level 1:colcon.colcon_core.package_identification:_identify(/home/dex/workspace/ROS_Project1/src) by extension 'python_setup_py'
[4.532s] Level 1:colcon.colcon_core.package_identification:_identify(/home/dex/workspace/ROS_Project1/src/ros2_pkg) by extensions ['ignore', 'ignore_ament_install']
[4.533s] Level 1:colcon.colcon_core.package_identification:_identify(/home/dex/workspace/ROS_Project1/src/ros2_pkg) by extension 'ignore'
[4.534s] Level 1:colcon.colcon_core.package_identification:_identify(/home/dex/workspace/ROS_Project1/src/ros2_pkg) by extension 'ignore_ament_install'
[4.535s] Level 1:colcon.colcon_core.package_identification:_identify(/home/dex/workspace/ROS_Project1/src/ros2_pkg) by extensions ['colcon_pkg']
[4.535s] Level 1:colcon.colcon_core.package_identification:_identify(/home/dex/workspace/ROS_Project1/src/ros2_pkg) by extension 'colcon_pkg'
[4.535s] Level 1:colcon.colcon_core.package_identification:_identify(/home/dex/workspace/ROS_Project1/src/ros2_pkg) by extensions ['colcon_meta']
[4.536s] Level 1:colcon.colcon_core.package_identification:_identify(/home/dex/workspace/ROS_Project1/src/ros2_pkg) by extension 'colcon_meta'
[4.544s] Level 1:colcon.colcon_core.package_identification:_identify(/home/dex/workspace/ROS_Project1/src/ros2_pkg) by extensions ['ros']
[4.546s] Level 1:colcon.colcon_core.package_identification:_identify(/home/dex/workspace/ROS_Project1/src/ros2_pkg) by extension 'ros'
[4.549s] DEBUG:colcon.colcon_core.package_identification:Package '/home/dex/workspace/ROS_Project1/src/ros2_pkg' with type 'ros.ament_cmake' and name 'ros2_pkg'
[4.558s] Level 1:colcon.colcon_core.package_discovery:discover_packages(recursive) using defaults
