[0.000000] (-) TimerEvent: {}
[0.001101] (ros2_pkg) JobQueued: {'identifier': 'ros2_pkg', 'dependencies': OrderedDict()}
[0.001197] (ros2_pkg) JobStarted: {'identifier': 'ros2_pkg'}
[0.098282] (-) TimerEvent: {}
[0.170815] (ros2_pkg) JobProgress: {'identifier': 'ros2_pkg', 'progress': 'cmake'}
[0.170952] (ros2_pkg) JobProgress: {'identifier': 'ros2_pkg', 'progress': 'build'}
[0.171005] (ros2_pkg) Command: {'cmd': ['/usr/bin/cmake', '--build', '/home/dex/workspace/ROS_Project1/build/ros2_pkg', '--', '-j2', '-l2'], 'cwd': '/home/dex/workspace/ROS_Project1/build/ros2_pkg', 'env': OrderedDict([('GJS_DEBUG_TOPICS', 'JS ERROR;JS LOG'), ('LESSOPEN', '| /usr/bin/lesspipe %s'), ('LANGUAGE', 'en_IN:en'), ('USER', 'dex'), ('GIO_MODULE_DIR', '/home/dex/snap/code/common/.cache/gio-modules'), ('XDG_SESSION_TYPE', 'wayland'), ('GIT_ASKPASS', '/snap/code/155/usr/share/code/resources/app/extensions/git/dist/askpass.sh'), ('GTK_EXE_PREFIX_VSCODE_SNAP_ORIG', ''), ('GDK_BACKEND_VSCODE_SNAP_ORIG', ''), ('SHLVL', '0'), ('LD_LIBRARY_PATH', '/opt/ros/humble/opt/rviz_ogre_vendor/lib:/opt/ros/humble/lib/x86_64-linux-gnu:/opt/ros/humble/lib'), ('HOME', '/home/dex'), ('CHROME_DESKTOP', 'code-url-handler.desktop'), ('LOCPATH_VSCODE_SNAP_ORIG', ''), ('TERM_PROGRAM_VERSION', '1.87.2'), ('DESKTOP_SESSION', 'ubuntu'), ('GTK_PATH', '/snap/code/155/usr/lib/x86_64-linux-gnu/gtk-3.0'), ('GTK_IM_MODULE_FILE', '/home/dex/snap/code/common/.cache/immodules/immodules.cache'), ('GIO_LAUNCHED_DESKTOP_FILE', '/var/lib/snapd/desktop/applications/code_code.desktop'), ('ROS_PYTHON_VERSION', '3'), ('GNOME_SHELL_SESSION_MODE', 'ubuntu'), ('GTK_MODULES', 'gail:atk-bridge'), ('GSETTINGS_SCHEMA_DIR_VSCODE_SNAP_ORIG', ''), ('VSCODE_GIT_ASKPASS_MAIN', '/snap/code/155/usr/share/code/resources/app/extensions/git/dist/askpass-main.js'), ('VSCODE_GIT_ASKPASS_NODE', '/snap/code/155/usr/share/code/code'), ('MANAGERPID', '977'), ('SYSTEMD_EXEC_PID', '1260'), ('IM_CONFIG_CHECK_ENV', '1'), ('DBUS_SESSION_BUS_ADDRESS', 'unix:path=/run/user/1000/bus'), ('COLORTERM', 'truecolor'), ('GIO_LAUNCHED_DESKTOP_FILE_PID', '2294'), ('_colcon_cd_root', '/opt/ros/humble/'), ('IM_CONFIG_PHASE', '1'), ('WAYLAND_DISPLAY', 'wayland-0'), ('COLCON_PREFIX_PATH', '/home/dex/workspace/ROS_Project1/install'), ('ROS_DISTRO', 'humble'), ('LOGNAME', 'dex'), ('JOURNAL_STREAM', '8:34290'), ('_', '/usr/bin/colcon'), ('ROS_VERSION', '2'), ('XDG_CONFIG_DIRS_VSCODE_SNAP_ORIG', '/etc/xdg/xdg-ubuntu:/etc/xdg'), ('XDG_SESSION_CLASS', 'user'), ('XDG_DATA_DIRS_VSCODE_SNAP_ORIG', '/usr/share/ubuntu:/usr/local/share/:/usr/share/:/var/lib/snapd/desktop'), ('USERNAME', 'dex'), ('TERM', 'xterm-256color'), ('GNOME_DESKTOP_SESSION_ID', 'this-is-deprecated'), ('ROS_LOCALHOST_ONLY', '0'), ('PATH', '/opt/ros/humble/bin:/usr/local/sbin:/usr/local/bin:/usr/sbin:/usr/bin:/sbin:/bin:/usr/games:/usr/local/games:/snap/bin:/snap/bin'), ('SESSION_MANAGER', 'local/vm:@/tmp/.ICE-unix/1224,unix/vm:/tmp/.ICE-unix/1224'), ('GTK_EXE_PREFIX', '/snap/code/155/usr'), ('INVOCATION_ID', '0a69889653eb47a888a744f81a02142e'), ('XDG_MENU_PREFIX', 'gnome-'), ('BAMF_DESKTOP_FILE_HINT', '/var/lib/snapd/desktop/applications/code_code.desktop'), ('GNOME_SETUP_DISPLAY', ':1'), ('XDG_RUNTIME_DIR', '/run/user/1000'), ('GDK_BACKEND', 'x11'), ('DISPLAY', ':0'), ('LOCPATH', '/snap/code/155/usr/lib/locale'), ('LANG', 'en_US.UTF-8'), ('XDG_CURRENT_DESKTOP', 'Unity'), ('GIO_MODULE_DIR_VSCODE_SNAP_ORIG', ''), ('XMODIFIERS', '@im=ibus'), ('XDG_SESSION_DESKTOP', 'ubuntu'), ('XAUTHORITY', '/run/user/1000/.mutter-Xwaylandauth.3YG0K2'), ('LS_COLORS', ''), ('VSCODE_GIT_IPC_HANDLE', '/run/user/1000/vscode-git-25367c983e.sock'), ('TERM_PROGRAM', 'vscode'), ('SSH_AGENT_LAUNCHER', 'gnome-keyring'), ('SSH_AUTH_SOCK', '/run/user/1000/keyring/ssh'), ('GSETTINGS_SCHEMA_DIR', '/home/dex/snap/code/155/.local/share/glib-2.0/schemas'), ('AMENT_PREFIX_PATH', '/home/dex/workspace/ROS_Project1/install/ros2_pkg:/opt/ros/humble'), ('ORIGINAL_XDG_CURRENT_DESKTOP', 'ubuntu:GNOME'), ('SHELL', '/bin/bash'), ('QT_ACCESSIBILITY', '1'), ('GDMSESSION', 'ubuntu'), ('LESSCLOSE', '/usr/bin/lesspipe %s %s'), ('GTK_PATH_VSCODE_SNAP_ORIG', ''), ('GTK_IM_MODULE_FILE_VSCODE_SNAP_ORIG', ''), ('GJS_DEBUG_OUTPUT', 'stderr'), ('VSCODE_GIT_ASKPASS_EXTRA_ARGS', ''), ('QT_IM_MODULE', 'ibus'), ('PWD', '/home/dex/workspace/ROS_Project1/build/ros2_pkg'), ('LC_ALL', 'en_US.UTF-8'), ('XDG_CONFIG_DIRS', '/etc/xdg/xdg-ubuntu:/etc/xdg'), ('XDG_DATA_DIRS', '/home/dex/snap/code/155/.local/share:/home/dex/snap/code/155:/snap/code/155/usr/share:/usr/share/ubuntu:/usr/local/share/:/usr/share/:/var/lib/snapd/desktop'), ('PYTHONPATH', '/opt/ros/humble/lib/python3.10/site-packages:/opt/ros/humble/local/lib/python3.10/dist-packages'), ('COLCON', '1'), ('CMAKE_PREFIX_PATH', '/home/dex/workspace/ROS_Project1/install/ros2_pkg:/opt/ros/humble')]), 'shell': False}
[0.202688] (-) TimerEvent: {}
[0.303180] (-) TimerEvent: {}
[0.403541] (-) TimerEvent: {}
[0.459426] (ros2_pkg) StdoutLine: {'line': b'\x1b[35m\x1b[1mConsolidate compiler generated dependencies of target subscriber\x1b[0m\n'}
[0.506006] (-) TimerEvent: {}
[0.563489] (ros2_pkg) StdoutLine: {'line': b'[ 25%] \x1b[32mBuilding CXX object CMakeFiles/subscriber.dir/src/subscriber.cpp.o\x1b[0m\n'}
[0.604964] (ros2_pkg) StdoutLine: {'line': b'[ 75%] Built target publisher\n'}
[0.606099] (-) TimerEvent: {}
[0.706431] (-) TimerEvent: {}
[0.806888] (-) TimerEvent: {}
[0.907269] (-) TimerEvent: {}
[1.011556] (-) TimerEvent: {}
[1.111964] (-) TimerEvent: {}
[1.212331] (-) TimerEvent: {}
[1.314519] (-) TimerEvent: {}
[1.415053] (-) TimerEvent: {}
[1.515504] (-) TimerEvent: {}
[1.622675] (-) TimerEvent: {}
[1.723140] (-) TimerEvent: {}
[1.823962] (-) TimerEvent: {}
[1.924653] (-) TimerEvent: {}
[2.026115] (-) TimerEvent: {}
[2.126724] (-) TimerEvent: {}
[2.227355] (-) TimerEvent: {}
[2.327775] (-) TimerEvent: {}
[2.430529] (-) TimerEvent: {}
[2.530921] (-) TimerEvent: {}
[2.631311] (-) TimerEvent: {}
[2.731709] (-) TimerEvent: {}
[2.832134] (-) TimerEvent: {}
[2.932513] (-) TimerEvent: {}
[3.034512] (-) TimerEvent: {}
[3.134931] (-) TimerEvent: {}
[3.236473] (-) TimerEvent: {}
[3.336895] (-) TimerEvent: {}
[3.437284] (-) TimerEvent: {}
[3.537658] (-) TimerEvent: {}
[3.638011] (-) TimerEvent: {}
[3.738949] (-) TimerEvent: {}
[3.839470] (-) TimerEvent: {}
[3.939952] (-) TimerEvent: {}
[4.040326] (-) TimerEvent: {}
[4.140940] (-) TimerEvent: {}
[4.241349] (-) TimerEvent: {}
[4.341801] (-) TimerEvent: {}
[4.442178] (-) TimerEvent: {}
[4.542518] (-) TimerEvent: {}
[4.642889] (-) TimerEvent: {}
[4.743310] (-) TimerEvent: {}
[4.843691] (-) TimerEvent: {}
[4.944064] (-) TimerEvent: {}
[5.044508] (-) TimerEvent: {}
[5.144876] (-) TimerEvent: {}
[5.245439] (-) TimerEvent: {}
[5.345809] (-) TimerEvent: {}
[5.446190] (-) TimerEvent: {}
[5.546782] (-) TimerEvent: {}
[5.647137] (-) TimerEvent: {}
[5.747624] (-) TimerEvent: {}
[5.847984] (-) TimerEvent: {}
[5.948345] (-) TimerEvent: {}
[6.048712] (-) TimerEvent: {}
[6.149086] (-) TimerEvent: {}
[6.249443] (-) TimerEvent: {}
[6.349794] (-) TimerEvent: {}
[6.450238] (-) TimerEvent: {}
[6.551258] (-) TimerEvent: {}
[6.651670] (-) TimerEvent: {}
[6.752449] (-) TimerEvent: {}
[6.852849] (-) TimerEvent: {}
[6.953272] (-) TimerEvent: {}
[7.053715] (-) TimerEvent: {}
[7.154092] (-) TimerEvent: {}
[7.254535] (-) TimerEvent: {}
[7.354977] (-) TimerEvent: {}
[7.455466] (-) TimerEvent: {}
[7.555935] (-) TimerEvent: {}
[7.656287] (-) TimerEvent: {}
[7.756652] (-) TimerEvent: {}
[7.857087] (-) TimerEvent: {}
[7.957477] (-) TimerEvent: {}
[8.057861] (-) TimerEvent: {}
[8.158297] (-) TimerEvent: {}
[8.258864] (-) TimerEvent: {}
[8.359271] (-) TimerEvent: {}
[8.459720] (-) TimerEvent: {}
[8.560091] (-) TimerEvent: {}
[8.660464] (-) TimerEvent: {}
[8.760900] (-) TimerEvent: {}
[8.861279] (-) TimerEvent: {}
[8.961715] (-) TimerEvent: {}
[9.062247] (-) TimerEvent: {}
[9.162660] (-) TimerEvent: {}
[9.263025] (-) TimerEvent: {}
[9.363389] (-) TimerEvent: {}
[9.463758] (-) TimerEvent: {}
[9.564117] (-) TimerEvent: {}
[9.664485] (-) TimerEvent: {}
[9.764857] (-) TimerEvent: {}
[9.865228] (-) TimerEvent: {}
[9.965598] (-) TimerEvent: {}
[10.065968] (-) TimerEvent: {}
[10.166459] (-) TimerEvent: {}
[10.266889] (-) TimerEvent: {}
[10.367298] (-) TimerEvent: {}
[10.467754] (-) TimerEvent: {}
[10.568145] (-) TimerEvent: {}
[10.668527] (-) TimerEvent: {}
[10.768971] (-) TimerEvent: {}
[10.869365] (-) TimerEvent: {}
[10.969744] (-) TimerEvent: {}
[11.070128] (-) TimerEvent: {}
[11.170675] (-) TimerEvent: {}
[11.271046] (-) TimerEvent: {}
[11.371451] (-) TimerEvent: {}
[11.471822] (-) TimerEvent: {}
[11.572270] (-) TimerEvent: {}
[11.672635] (-) TimerEvent: {}
[11.773008] (-) TimerEvent: {}
[11.873360] (-) TimerEvent: {}
[11.973718] (-) TimerEvent: {}
[12.074070] (-) TimerEvent: {}
[12.174487] (-) TimerEvent: {}
[12.274885] (-) TimerEvent: {}
[12.375231] (-) TimerEvent: {}
[12.475696] (-) TimerEvent: {}
[12.576054] (-) TimerEvent: {}
[12.676414] (-) TimerEvent: {}
[12.776780] (-) TimerEvent: {}
[12.877128] (-) TimerEvent: {}
[12.977586] (-) TimerEvent: {}
[13.078075] (-) TimerEvent: {}
[13.178458] (-) TimerEvent: {}
[13.278993] (-) TimerEvent: {}
[13.379435] (-) TimerEvent: {}
[13.479875] (-) TimerEvent: {}
[13.580324] (-) TimerEvent: {}
[13.680848] (-) TimerEvent: {}
[13.781303] (-) TimerEvent: {}
[13.881798] (-) TimerEvent: {}
[13.982255] (-) TimerEvent: {}
[14.082763] (-) TimerEvent: {}
[14.183216] (-) TimerEvent: {}
[14.283605] (-) TimerEvent: {}
[14.383994] (-) TimerEvent: {}
[14.484460] (-) TimerEvent: {}
[14.585049] (-) TimerEvent: {}
[14.685608] (-) TimerEvent: {}
[14.786123] (-) TimerEvent: {}
[14.886632] (-) TimerEvent: {}
[14.987067] (-) TimerEvent: {}
[15.087637] (-) TimerEvent: {}
[15.188000] (-) TimerEvent: {}
[15.288346] (-) TimerEvent: {}
[15.388706] (-) TimerEvent: {}
[15.489178] (-) TimerEvent: {}
[15.589622] (-) TimerEvent: {}
[15.689980] (-) TimerEvent: {}
[15.790411] (-) TimerEvent: {}
[15.891485] (-) TimerEvent: {}
[15.992180] (-) TimerEvent: {}
[16.092662] (-) TimerEvent: {}
[16.193159] (-) TimerEvent: {}
[16.293704] (-) TimerEvent: {}
[16.394330] (-) TimerEvent: {}
[16.494979] (-) TimerEvent: {}
[16.595521] (-) TimerEvent: {}
[16.695888] (-) TimerEvent: {}
[16.796256] (-) TimerEvent: {}
[16.896708] (-) TimerEvent: {}
[16.997152] (-) TimerEvent: {}
[17.097589] (-) TimerEvent: {}
[17.198071] (-) TimerEvent: {}
[17.298428] (-) TimerEvent: {}
[17.398874] (-) TimerEvent: {}
[17.499323] (-) TimerEvent: {}
[17.599775] (-) TimerEvent: {}
[17.700167] (-) TimerEvent: {}
[17.800609] (-) TimerEvent: {}
[17.901051] (-) TimerEvent: {}
[18.001499] (-) TimerEvent: {}
[18.101952] (-) TimerEvent: {}
[18.202480] (-) TimerEvent: {}
[18.302970] (-) TimerEvent: {}
[18.403422] (-) TimerEvent: {}
[18.503930] (-) TimerEvent: {}
[18.604396] (-) TimerEvent: {}
[18.704792] (-) TimerEvent: {}
[18.805725] (-) TimerEvent: {}
[18.906181] (-) TimerEvent: {}
[19.006597] (-) TimerEvent: {}
[19.107010] (-) TimerEvent: {}
[19.207508] (-) TimerEvent: {}
[19.307976] (-) TimerEvent: {}
[19.408433] (-) TimerEvent: {}
[19.508798] (-) TimerEvent: {}
[19.609146] (-) TimerEvent: {}
[19.613576] (ros2_pkg) StdoutLine: {'line': b'[100%] \x1b[32m\x1b[1mLinking CXX executable subscriber\x1b[0m\n'}
[19.709289] (-) TimerEvent: {}
[19.810598] (-) TimerEvent: {}
[19.911034] (-) TimerEvent: {}
[20.011437] (-) TimerEvent: {}
[20.111845] (-) TimerEvent: {}
[20.212259] (-) TimerEvent: {}
[20.312842] (-) TimerEvent: {}
[20.413458] (-) TimerEvent: {}
[20.478058] (ros2_pkg) StdoutLine: {'line': b'[100%] Built target subscriber\n'}
[20.512656] (ros2_pkg) CommandEnded: {'returncode': 0}
[20.514889] (-) TimerEvent: {}
[20.617966] (-) TimerEvent: {}
[20.652525] (ros2_pkg) JobProgress: {'identifier': 'ros2_pkg', 'progress': 'install'}
[20.682559] (ros2_pkg) Command: {'cmd': ['/usr/bin/cmake', '--install', '/home/dex/workspace/ROS_Project1/build/ros2_pkg'], 'cwd': '/home/dex/workspace/ROS_Project1/build/ros2_pkg', 'env': OrderedDict([('GJS_DEBUG_TOPICS', 'JS ERROR;JS LOG'), ('LESSOPEN', '| /usr/bin/lesspipe %s'), ('LANGUAGE', 'en_IN:en'), ('USER', 'dex'), ('GIO_MODULE_DIR', '/home/dex/snap/code/common/.cache/gio-modules'), ('XDG_SESSION_TYPE', 'wayland'), ('GIT_ASKPASS', '/snap/code/155/usr/share/code/resources/app/extensions/git/dist/askpass.sh'), ('GTK_EXE_PREFIX_VSCODE_SNAP_ORIG', ''), ('GDK_BACKEND_VSCODE_SNAP_ORIG', ''), ('SHLVL', '0'), ('LD_LIBRARY_PATH', '/opt/ros/humble/opt/rviz_ogre_vendor/lib:/opt/ros/humble/lib/x86_64-linux-gnu:/opt/ros/humble/lib'), ('HOME', '/home/dex'), ('CHROME_DESKTOP', 'code-url-handler.desktop'), ('LOCPATH_VSCODE_SNAP_ORIG', ''), ('TERM_PROGRAM_VERSION', '1.87.2'), ('DESKTOP_SESSION', 'ubuntu'), ('GTK_PATH', '/snap/code/155/usr/lib/x86_64-linux-gnu/gtk-3.0'), ('GTK_IM_MODULE_FILE', '/home/dex/snap/code/common/.cache/immodules/immodules.cache'), ('GIO_LAUNCHED_DESKTOP_FILE', '/var/lib/snapd/desktop/applications/code_code.desktop'), ('ROS_PYTHON_VERSION', '3'), ('GNOME_SHELL_SESSION_MODE', 'ubuntu'), ('GTK_MODULES', 'gail:atk-bridge'), ('GSETTINGS_SCHEMA_DIR_VSCODE_SNAP_ORIG', ''), ('VSCODE_GIT_ASKPASS_MAIN', '/snap/code/155/usr/share/code/resources/app/extensions/git/dist/askpass-main.js'), ('VSCODE_GIT_ASKPASS_NODE', '/snap/code/155/usr/share/code/code'), ('MANAGERPID', '977'), ('SYSTEMD_EXEC_PID', '1260'), ('IM_CONFIG_CHECK_ENV', '1'), ('DBUS_SESSION_BUS_ADDRESS', 'unix:path=/run/user/1000/bus'), ('COLORTERM', 'truecolor'), ('GIO_LAUNCHED_DESKTOP_FILE_PID', '2294'), ('_colcon_cd_root', '/opt/ros/humble/'), ('IM_CONFIG_PHASE', '1'), ('WAYLAND_DISPLAY', 'wayland-0'), ('COLCON_PREFIX_PATH', '/home/dex/workspace/ROS_Project1/install'), ('ROS_DISTRO', 'humble'), ('LOGNAME', 'dex'), ('JOURNAL_STREAM', '8:34290'), ('_', '/usr/bin/colcon'), ('ROS_VERSION', '2'), ('XDG_CONFIG_DIRS_VSCODE_SNAP_ORIG', '/etc/xdg/xdg-ubuntu:/etc/xdg'), ('XDG_SESSION_CLASS', 'user'), ('XDG_DATA_DIRS_VSCODE_SNAP_ORIG', '/usr/share/ubuntu:/usr/local/share/:/usr/share/:/var/lib/snapd/desktop'), ('USERNAME', 'dex'), ('TERM', 'xterm-256color'), ('GNOME_DESKTOP_SESSION_ID', 'this-is-deprecated'), ('ROS_LOCALHOST_ONLY', '0'), ('PATH', '/opt/ros/humble/bin:/usr/local/sbin:/usr/local/bin:/usr/sbin:/usr/bin:/sbin:/bin:/usr/games:/usr/local/games:/snap/bin:/snap/bin'), ('SESSION_MANAGER', 'local/vm:@/tmp/.ICE-unix/1224,unix/vm:/tmp/.ICE-unix/1224'), ('GTK_EXE_PREFIX', '/snap/code/155/usr'), ('INVOCATION_ID', '0a69889653eb47a888a744f81a02142e'), ('XDG_MENU_PREFIX', 'gnome-'), ('BAMF_DESKTOP_FILE_HINT', '/var/lib/snapd/desktop/applications/code_code.desktop'), ('GNOME_SETUP_DISPLAY', ':1'), ('XDG_RUNTIME_DIR', '/run/user/1000'), ('GDK_BACKEND', 'x11'), ('DISPLAY', ':0'), ('LOCPATH', '/snap/code/155/usr/lib/locale'), ('LANG', 'en_US.UTF-8'), ('XDG_CURRENT_DESKTOP', 'Unity'), ('GIO_MODULE_DIR_VSCODE_SNAP_ORIG', ''), ('XMODIFIERS', '@im=ibus'), ('XDG_SESSION_DESKTOP', 'ubuntu'), ('XAUTHORITY', '/run/user/1000/.mutter-Xwaylandauth.3YG0K2'), ('LS_COLORS', ''), ('VSCODE_GIT_IPC_HANDLE', '/run/user/1000/vscode-git-25367c983e.sock'), ('TERM_PROGRAM', 'vscode'), ('SSH_AGENT_LAUNCHER', 'gnome-keyring'), ('SSH_AUTH_SOCK', '/run/user/1000/keyring/ssh'), ('GSETTINGS_SCHEMA_DIR', '/home/dex/snap/code/155/.local/share/glib-2.0/schemas'), ('AMENT_PREFIX_PATH', '/home/dex/workspace/ROS_Project1/install/ros2_pkg:/opt/ros/humble'), ('ORIGINAL_XDG_CURRENT_DESKTOP', 'ubuntu:GNOME'), ('SHELL', '/bin/bash'), ('QT_ACCESSIBILITY', '1'), ('GDMSESSION', 'ubuntu'), ('LESSCLOSE', '/usr/bin/lesspipe %s %s'), ('GTK_PATH_VSCODE_SNAP_ORIG', ''), ('GTK_IM_MODULE_FILE_VSCODE_SNAP_ORIG', ''), ('GJS_DEBUG_OUTPUT', 'stderr'), ('VSCODE_GIT_ASKPASS_EXTRA_ARGS', ''), ('QT_IM_MODULE', 'ibus'), ('PWD', '/home/dex/workspace/ROS_Project1/build/ros2_pkg'), ('LC_ALL', 'en_US.UTF-8'), ('XDG_CONFIG_DIRS', '/etc/xdg/xdg-ubuntu:/etc/xdg'), ('XDG_DATA_DIRS', '/home/dex/snap/code/155/.local/share:/home/dex/snap/code/155:/snap/code/155/usr/share:/usr/share/ubuntu:/usr/local/share/:/usr/share/:/var/lib/snapd/desktop'), ('PYTHONPATH', '/opt/ros/humble/lib/python3.10/site-packages:/opt/ros/humble/local/lib/python3.10/dist-packages'), ('COLCON', '1'), ('CMAKE_PREFIX_PATH', '/home/dex/workspace/ROS_Project1/install/ros2_pkg:/opt/ros/humble')]), 'shell': False}
[20.711194] (ros2_pkg) StdoutLine: {'line': b'-- Install configuration: ""\n'}
[20.715467] (ros2_pkg) StdoutLine: {'line': b'-- Execute custom install script\n'}
[20.718069] (-) TimerEvent: {}
[20.719000] (ros2_pkg) StdoutLine: {'line': b'-- Up-to-date symlink: /home/dex/workspace/ROS_Project1/install/ros2_pkg/lib/ros2_pkg/publisher\n'}
[20.719352] (ros2_pkg) StdoutLine: {'line': b'-- Up-to-date symlink: /home/dex/workspace/ROS_Project1/install/ros2_pkg/lib/ros2_pkg/subscriber\n'}
[20.721087] (ros2_pkg) StdoutLine: {'line': b'-- Up-to-date symlink: /home/dex/workspace/ROS_Project1/install/ros2_pkg/share/ament_index/resource_index/package_run_dependencies/ros2_pkg\n'}
[20.721904] (ros2_pkg) StdoutLine: {'line': b'-- Up-to-date symlink: /home/dex/workspace/ROS_Project1/install/ros2_pkg/share/ament_index/resource_index/parent_prefix_path/ros2_pkg\n'}
[20.722710] (ros2_pkg) StdoutLine: {'line': b'-- Up-to-date symlink: /home/dex/workspace/ROS_Project1/install/ros2_pkg/share/ros2_pkg/environment/ament_prefix_path.sh\n'}
[20.724660] (ros2_pkg) StdoutLine: {'line': b'-- Up-to-date symlink: /home/dex/workspace/ROS_Project1/install/ros2_pkg/share/ros2_pkg/environment/ament_prefix_path.dsv\n'}
[20.725423] (ros2_pkg) StdoutLine: {'line': b'-- Up-to-date symlink: /home/dex/workspace/ROS_Project1/install/ros2_pkg/share/ros2_pkg/environment/path.sh\n'}
[20.726168] (ros2_pkg) StdoutLine: {'line': b'-- Up-to-date symlink: /home/dex/workspace/ROS_Project1/install/ros2_pkg/share/ros2_pkg/environment/path.dsv\n'}
[20.726934] (ros2_pkg) StdoutLine: {'line': b'-- Up-to-date symlink: /home/dex/workspace/ROS_Project1/install/ros2_pkg/share/ros2_pkg/local_setup.bash\n'}
[20.727705] (ros2_pkg) StdoutLine: {'line': b'-- Up-to-date symlink: /home/dex/workspace/ROS_Project1/install/ros2_pkg/share/ros2_pkg/local_setup.sh\n'}
[20.728470] (ros2_pkg) StdoutLine: {'line': b'-- Up-to-date symlink: /home/dex/workspace/ROS_Project1/install/ros2_pkg/share/ros2_pkg/local_setup.zsh\n'}
[20.730357] (ros2_pkg) StdoutLine: {'line': b'-- Up-to-date symlink: /home/dex/workspace/ROS_Project1/install/ros2_pkg/share/ros2_pkg/local_setup.dsv\n'}
[20.730796] (ros2_pkg) StdoutLine: {'line': b'-- Symlinking: /home/dex/workspace/ROS_Project1/install/ros2_pkg/share/ros2_pkg/package.dsv\n'}
[20.769952] (ros2_pkg) StdoutLine: {'line': b'-- Up-to-date symlink: /home/dex/workspace/ROS_Project1/install/ros2_pkg/share/ament_index/resource_index/packages/ros2_pkg\n'}
[20.771642] (ros2_pkg) StdoutLine: {'line': b'-- Up-to-date symlink: /home/dex/workspace/ROS_Project1/install/ros2_pkg/share/ros2_pkg/cmake/ros2_pkgConfig.cmake\n'}
[20.771801] (ros2_pkg) StdoutLine: {'line': b'-- Up-to-date symlink: /home/dex/workspace/ROS_Project1/install/ros2_pkg/share/ros2_pkg/cmake/ros2_pkgConfig-version.cmake\n'}
[20.772027] (ros2_pkg) StdoutLine: {'line': b'-- Up-to-date symlink: /home/dex/workspace/ROS_Project1/install/ros2_pkg/share/ros2_pkg/package.xml\n'}
[20.777422] (ros2_pkg) CommandEnded: {'returncode': 0}
[20.818239] (-) TimerEvent: {}
[20.918630] (-) TimerEvent: {}
[21.019053] (-) TimerEvent: {}
[21.119417] (-) TimerEvent: {}
[21.219873] (-) TimerEvent: {}
[21.320264] (-) TimerEvent: {}
[21.364191] (ros2_pkg) JobEnded: {'identifier': 'ros2_pkg', 'rc': 0}
[21.368454] (-) EventReactorShutdown: {}
